2015-06-11 00:08:12 - liuchenxi - /make/make_one_tpl?tid=5&vid=4&gameid=10000
2015-06-11 00:42:21 - liuchenxi - /make/make_one_tpl?tid=5&vid=4&gameid=10000
2015-06-11 00:42:27 - liuchenxi - /make/make_one_tpl?tid=5&vid=4&gameid=10000
2015-06-11 09:56:06 - liuchenxi - /home
2015-06-11 10:21:25 - liuchenxi - /game/gamelist
2015-06-11 10:21:29 - liuchenxi - /article/articlelist?gameid=10000
2015-06-11 10:21:34 - liuchenxi - /version/lists?gameid=10000
2015-06-11 10:23:02 - liuchenxi - /version/add?gameid=10000
2015-06-11 10:23:09 - liuchenxi - /template/lists?vid=4&gameid=10000
2015-06-11 10:23:53 - liuchenxi - /make/make_one_tpl?tid=5&vid=4&gameid=10000
2015-06-11 10:25:22 - liuchenxi - /make/make_one_tpl?tid=5&vid=4&gameid=10000
2015-06-11 10:38:39 - liuchenxi - /version/lists?gameid=10000
2015-06-11 10:38:41 - liuchenxi - /template/lists?vid=4&gameid=10000
2015-06-11 10:38:45 - liuchenxi - /template/edit?id=5&vid=4&gameid=10000
2015-06-11 10:39:28 - liuchenxi - /make/make_one_tpl?tid=5&vid=4&gameid=10000
2015-06-11 10:39:39 - liuchenxi - /make/make_one_tpl?tid=5&vid=4&gameid=10000
2015-06-11 10:40:02 - liuchenxi - /make/make_one_tpl?tid=5&vid=4&gameid=10000
2015-06-11 10:40:30 - liuchenxi - /make/make_one_tpl?tid=5&vid=4&gameid=10000
2015-06-11 10:41:17 - liuchenxi - /make/make_one_tpl?tid=5&vid=4&gameid=10000
2015-06-11 10:43:31 - liuchenxi - /make/make_one_tpl?tid=5&vid=4&gameid=10000
2015-06-11 10:43:52 - liuchenxi - /template/edit?id=5&vid=4&gameid=10000
2015-06-11 10:43:54 - liuchenxi - /template/lists?gameid=10000&vid=4
2015-06-11 10:43:55 - liuchenxi - /make/make_one_tpl?tid=5&vid=4&gameid=10000
2015-06-11 10:45:53 - liuchenxi - /make/make_one_tpl?tid=5&vid=4&gameid=10000
2015-06-11 10:46:10 - liuchenxi - /template/edit?id=5&vid=4&gameid=10000
2015-06-11 10:46:17 - liuchenxi - /template/edit?id=5&vid=4&gameid=10000
2015-06-11 10:46:20 - liuchenxi - /template/lists?gameid=10000&vid=4
2015-06-11 10:46:22 - liuchenxi - /make/make_one_tpl?tid=5&vid=4&gameid=10000
2015-06-11 10:46:26 - liuchenxi - /template/edit?id=5&vid=4&gameid=10000
2015-06-11 10:46:34 - liuchenxi - /template/edit?id=5&vid=4&gameid=10000
2015-06-11 10:46:36 - liuchenxi - /template/lists?gameid=10000&vid=4
2015-06-11 10:46:39 - liuchenxi - /make/make_one_tpl?tid=5&vid=4&gameid=10000
2015-06-11 10:54:12 - liuchenxi - /make/make_one_tpl?tid=5&vid=4&gameid=10000
2015-06-11 10:54:36 - liuchenxi - /make/make_one_tpl?tid=5&vid=4&gameid=10000
2015-06-11 10:54:37 - liuchenxi - /make/make_one_tpl?tid=5&vid=4&gameid=10000
2015-06-11 10:54:38 - liuchenxi - /make/make_one_tpl?tid=5&vid=4&gameid=10000
2015-06-11 10:54:39 - liuchenxi - /make/make_one_tpl?tid=5&vid=4&gameid=10000
2015-06-11 10:55:23 - liuchenxi - /make/make_one_tpl?tid=5&vid=4&gameid=10000
2015-06-11 10:56:00 - liuchenxi - /make/make_one_tpl?tid=5&vid=4&gameid=10000
2015-06-11 10:56:22 - liuchenxi - /make/make_one_tpl?tid=5&vid=4&gameid=10000
2015-06-11 10:56:56 - liuchenxi - /template/edit?id=4&vid=4&gameid=10000
2015-06-11 10:58:06 - liuchenxi - /make/make_one_tpl?tid=5&vid=4&gameid=10000
2015-06-11 10:58:16 - liuchenxi - /make/make_one_tpl?tid=5&vid=4&gameid=10000
2015-06-11 11:01:35 - liuchenxi - /template/edit?id=5&vid=4&gameid=10000
2015-06-11 11:01:45 - liuchenxi - /template/edit?id=5&vid=4&gameid=10000
2015-06-11 11:01:47 - liuchenxi - /template/lists?gameid=10000&vid=4
2015-06-11 11:01:55 - liuchenxi - /make/make_one_tpl?tid=5&vid=4&gameid=10000
2015-06-11 11:03:55 - liuchenxi - /make/make_one_tpl?tid=5&vid=4&gameid=10000
2015-06-11 11:04:03 - liuchenxi - /make/make_one_tpl?tid=5&vid=4&gameid=10000
2015-06-11 11:04:37 - liuchenxi - /make/make_one_tpl?tid=5&vid=4&gameid=10000
2015-06-11 11:05:49 - liuchenxi - /template/lists?gameid=10000&vid=4
2015-06-11 11:05:52 - liuchenxi - /template/edit?id=5&vid=4&gameid=10000
2015-06-11 11:06:45 - liuchenxi - /template/edit?id=5&vid=4&gameid=10000
2015-06-11 11:06:47 - liuchenxi - /template/lists?gameid=10000&vid=4
2015-06-11 11:07:01 - liuchenxi - /make/make_one_tpl?tid=5&vid=4&gameid=10000
2015-06-11 11:07:31 - liuchenxi - /make/make_one_tpl?tid=5&vid=4&gameid=10000
2015-06-11 11:09:45 - liuchenxi - /make/make_one_tpl?tid=5&vid=4&gameid=10000
2015-06-11 11:10:07 - liuchenxi - /make/make_one_tpl?tid=5&vid=4&gameid=10000
2015-06-11 11:10:25 - liuchenxi - /make/make_one_tpl?tid=5&vid=4&gameid=10000
2015-06-11 11:11:36 - liuchenxi - /make/make_one_tpl?tid=5&vid=4&gameid=10000
2015-06-11 11:11:37 - liuchenxi - /make/make_one_tpl?tid=5&vid=4&gameid=10000
2015-06-11 11:13:45 - liuchenxi - /template/edit?id=5&vid=4&gameid=10000
2015-06-11 11:14:57 - liuchenxi - /template/edit?id=5&vid=4&gameid=10000
2015-06-11 11:15:12 - liuchenxi - /template/edit?id=5&vid=4&gameid=10000
2015-06-11 11:15:14 - liuchenxi - /template/lists?gameid=10000&vid=4
2015-06-11 11:15:19 - liuchenxi - /template/edit?id=5&vid=4&gameid=10000
2015-06-11 11:15:21 - liuchenxi - /make/make_one_tpl?tid=5&vid=4&gameid=10000
2015-06-11 11:15:28 - liuchenxi - /make/make_one_tpl?tid=5&vid=4&gameid=10000
2015-06-11 11:16:14 - liuchenxi - /make/make_one_tpl?tid=5&vid=4&gameid=10000
2015-06-11 11:18:35 - liuchenxi - /template/edit?id=5&vid=4&gameid=10000
2015-06-11 11:18:37 - liuchenxi - /template/lists?gameid=10000&vid=4
2015-06-11 11:18:39 - liuchenxi - /make/make_one_tpl?tid=5&vid=4&gameid=10000
2015-06-11 11:18:40 - liuchenxi - /make/make_one_tpl?tid=5&vid=4&gameid=10000
2015-06-11 11:18:41 - liuchenxi - /make/make_one_tpl?tid=5&vid=4&gameid=10000
2015-06-11 11:18:41 - liuchenxi - /make/make_one_tpl?tid=5&vid=4&gameid=10000
2015-06-11 11:18:41 - liuchenxi - /make/make_one_tpl?tid=5&vid=4&gameid=10000
2015-06-11 11:18:45 - liuchenxi - /template/edit?id=5&vid=4&gameid=10000
2015-06-11 11:19:04 - liuchenxi - /template/edit?id=5&vid=4&gameid=10000
2015-06-11 11:19:14 - liuchenxi - /make/make_one_tpl?tid=5&vid=4&gameid=10000
2015-06-11 11:19:24 - liuchenxi - /template/lists?gameid=10000&vid=4
2015-06-11 11:19:31 - liuchenxi - /template/edit?id=5&vid=4&gameid=10000
2015-06-11 11:19:46 - liuchenxi - /template/edit?id=5&vid=4&gameid=10000
2015-06-11 11:19:48 - liuchenxi - /template/lists?gameid=10000&vid=4
2015-06-11 11:19:51 - liuchenxi - /make/make_one_tpl?tid=5&vid=4&gameid=10000
2015-06-11 11:20:23 - liuchenxi - /template/edit?id=5&vid=4&gameid=10000
2015-06-11 11:20:34 - liuchenxi - /template/edit?id=5&vid=4&gameid=10000
2015-06-11 11:20:36 - liuchenxi - /template/lists?gameid=10000&vid=4
2015-06-11 11:20:38 - liuchenxi - /make/make_one_tpl?tid=5&vid=4&gameid=10000
2015-06-11 11:22:56 - liuchenxi - /make/make_one_tpl?tid=5&vid=4&gameid=10000
2015-06-11 11:24:32 - liuchenxi - /template/edit?id=5&vid=4&gameid=10000
2015-06-11 11:24:37 - liuchenxi - /template/edit?id=5&vid=4&gameid=10000
2015-06-11 11:24:39 - liuchenxi - /template/lists?gameid=10000&vid=4
2015-06-11 11:24:40 - liuchenxi - /make/make_one_tpl?tid=5&vid=4&gameid=10000
2015-06-11 11:24:48 - liuchenxi - /template/edit?id=5&vid=4&gameid=10000
2015-06-11 11:25:08 - liuchenxi - /template/edit?id=5&vid=4&gameid=10000
2015-06-11 11:25:11 - liuchenxi - /template/lists?gameid=10000&vid=4
2015-06-11 11:25:13 - liuchenxi - /make/make_one_tpl?tid=5&vid=4&gameid=10000
2015-06-11 11:25:16 - liuchenxi - /template/edit?id=5&vid=4&gameid=10000
2015-06-11 11:25:43 - liuchenxi - /template/edit?id=5&vid=4&gameid=10000
2015-06-11 11:25:45 - liuchenxi - /template/lists?gameid=10000&vid=4
2015-06-11 11:25:54 - liuchenxi - /make/make_one_tpl?tid=5&vid=4&gameid=10000
2015-06-11 11:26:12 - liuchenxi - /make/make_one_tpl?tid=5&vid=4&gameid=10000
2015-06-11 11:27:44 - liuchenxi - /make/make_one_tpl?tid=5&vid=4&gameid=10000
2015-06-11 11:28:39 - liuchenxi - /make/make_one_tpl?tid=5&vid=4&gameid=10000
2015-06-11 11:29:01 - liuchenxi - /make/make_one_tpl?tid=5&vid=4&gameid=10000
2015-06-11 11:29:17 - panyiliang - /home
2015-06-11 11:29:26 - liuchenxi - /make/make_one_tpl?tid=5&vid=4&gameid=10000
2015-06-11 11:29:26 - panyiliang - /game/gamelist
2015-06-11 11:29:28 - panyiliang - /article/articlelist?gameid=10008
2015-06-11 11:29:34 - panyiliang - /article/editarticle?id=284&gameid=10008
2015-06-11 11:29:46 - panyiliang - /article/articlelist?gameid=10008
2015-06-11 11:29:55 - panyiliang - /article/editarticle?id=257&gameid=10008
2015-06-11 11:33:22 - panyiliang - /article/editarticle?gameid=10008&id=257
2015-06-11 11:33:25 - panyiliang - /article/articlelist?gameid=10008
2015-06-11 11:33:29 - panyiliang - /article/editarticle?id=258&gameid=10008
2015-06-11 11:35:13 - liuchenxi - /make/make_one_tpl?tid=5&vid=4&gameid=10000
2015-06-11 11:35:22 - liuchenxi - /template/edit?id=5&vid=4&gameid=10000
2015-06-11 11:35:26 - liuchenxi - /template/edit?id=5&vid=4&gameid=10000
2015-06-11 11:35:28 - liuchenxi - /template/lists?gameid=10000&vid=4
2015-06-11 11:35:32 - liuchenxi - /make/make_one_tpl?tid=5&vid=4&gameid=10000
2015-06-11 11:36:19 - panyiliang - /article/editarticle?gameid=10008&id=258
2015-06-11 11:36:30 - panyiliang - /article/articlelist?gameid=10008
2015-06-11 11:36:35 - panyiliang - /makeshtml/makearticle?id=258&gameid=10008
2015-06-11 11:36:38 - panyiliang - /article/articlelist?gameid=10008
2015-06-11 11:36:42 - panyiliang - /makeshtml/makearticle?id=257&gameid=10008
2015-06-11 11:36:45 - panyiliang - /article/articlelist?gameid=10008
2015-06-11 11:41:51 - panyiliang - /article/editarticle?id=259&gameid=10008
2015-06-11 11:42:26 - panyiliang - /article/editarticle?id=259&gameid=10008
2015-06-11 11:43:17 - panyiliang - /article/articlelist?gameid=10008
2015-06-11 11:44:58 - panyiliang - /article/editarticle?id=260&gameid=10008
2015-06-11 11:45:19 - panyiliang - /article/editarticle?gameid=10008&id=260
2015-06-11 11:45:21 - panyiliang - /article/articlelist?gameid=10008
2015-06-11 11:45:25 - panyiliang - /makeshtml/makearticle?id=259&gameid=10008
2015-06-11 11:45:28 - panyiliang - /article/articlelist?gameid=10008
2015-06-11 11:45:43 - liuchenxi - /make/make_one_tpl?tid=5&vid=4&gameid=10000
2015-06-11 11:45:55 - liuchenxi - /make/make_one_tpl?tid=5&vid=4&gameid=10000
2015-06-11 11:46:16 - liuchenxi - /make/make_one_tpl?tid=5&vid=4&gameid=10000
2015-06-11 11:46:45 - liuchenxi - /make/make_one_tpl?tid=5&vid=4&gameid=10000
2015-06-11 11:47:09 - liuchenxi - /make/make_one_tpl?tid=5&vid=4&gameid=10000
2015-06-11 11:47:54 - liuchenxi - /make/make_one_tpl?tid=5&vid=4&gameid=10000
2015-06-11 11:47:54 - liuchenxi - /make/make_one_tpl?tid=5&vid=4&gameid=10000
2015-06-11 11:47:55 - liuchenxi - /make/make_one_tpl?tid=5&vid=4&gameid=10000
2015-06-11 11:48:00 - liuchenxi - /make/make_one_tpl?tid=5&vid=4&gameid=10000
2015-06-11 11:48:17 - liuchenxi - /make/make_one_tpl?tid=5&vid=4&gameid=10000
2015-06-11 11:49:07 - liuchenxi - /make/make_one_tpl?tid=5&vid=4&gameid=10000
2015-06-11 11:49:45 - liuchenxi - /make/make_one_tpl?tid=5&vid=4&gameid=10000
2015-06-11 11:49:52 - liuchenxi - /make/make_one_tpl?tid=5&vid=4&gameid=10000
2015-06-11 11:50:10 - liuchenxi - /make/make_one_tpl?tid=5&vid=4&gameid=10000
2015-06-11 11:59:07 - liuchenxi - /make/make_one_tpl?tid=5&vid=4&gameid=10000
2015-06-11 12:01:14 - liuchenxi - /make/make_one_tpl?tid=5&vid=4&gameid=10000
2015-06-11 12:01:33 - liuchenxi - /make/make_one_tpl?tid=5&vid=4&gameid=10000
2015-06-11 12:01:48 - liuchenxi - /make/make_one_tpl?tid=5&vid=4&gameid=10000
2015-06-11 12:02:02 - liuchenxi - /game/gamelist
2015-06-11 12:02:04 - liuchenxi - /article/articlelist?gameid=10000
2015-06-11 12:02:07 - liuchenxi - /article/addarticle?gameid=10000
2015-06-11 12:02:13 - liuchenxi - /type/get_childtype_by_ajax?callback=jQuery110205183253405603286_1433995306843&typeid=&_=1433995306844
2015-06-11 12:02:19 - liuchenxi - /type/typelist
2015-06-11 12:02:25 - liuchenxi - /game/gamelist
2015-06-11 12:02:27 - liuchenxi - /article/articlelist?gameid=10000
2015-06-11 12:02:29 - liuchenxi - /type/settype?gameid=10000
2015-06-11 12:02:34 - liuchenxi - /type/settype?gameid=10000
2015-06-11 12:02:36 - liuchenxi - /article/articlelist?gameid=10000
2015-06-11 12:02:39 - liuchenxi - /article/addarticle?gameid=10000
2015-06-11 12:02:39 - liuchenxi - /type/get_childtype_by_ajax?callback=jQuery110208301699431395018_1433995339175&typeid=&_=1433995339176
2015-06-11 12:02:41 - liuchenxi - /type/get_childtype_by_ajax?callback=jQuery110208301699431395018_1433995339175&typeid=2&_=1433995339177
2015-06-11 12:02:47 - liuchenxi - /article/addarticle?gameid=10000
2015-06-11 12:02:49 - liuchenxi - /article/articlelist?gameid=10000
2015-06-11 12:02:51 - liuchenxi - /article/addarticle?gameid=10000
2015-06-11 12:02:52 - liuchenxi - /type/get_childtype_by_ajax?callback=jQuery110207784132307134763_1433995351424&typeid=&_=1433995351425
2015-06-11 12:02:54 - liuchenxi - /type/get_childtype_by_ajax?callback=jQuery110207784132307134763_1433995351424&typeid=2&_=1433995351426
2015-06-11 12:03:06 - liuchenxi - /article/addarticle?gameid=10000
2015-06-11 12:03:08 - liuchenxi - /article/articlelist?gameid=10000
2015-06-11 12:03:10 - liuchenxi - /article/addarticle?gameid=10000
2015-06-11 12:03:11 - liuchenxi - /type/get_childtype_by_ajax?callback=jQuery1102015771947519151985_1433995370453&typeid=&_=1433995370454
2015-06-11 12:03:13 - liuchenxi - /type/get_childtype_by_ajax?callback=jQuery1102015771947519151985_1433995370453&typeid=3&_=1433995370455
2015-06-11 12:03:18 - liuchenxi - /article/addarticle?gameid=10000
2015-06-11 12:03:21 - liuchenxi - /article/articlelist?gameid=10000
2015-06-11 12:03:23 - liuchenxi - /make/make_one_tpl?tid=5&vid=4&gameid=10000
2015-06-11 12:03:27 - liuchenxi - /game/gamelist
2015-06-11 12:03:29 - liuchenxi - /version/lists?gameid=10000
2015-06-11 12:03:32 - liuchenxi - /version/edit?id=4&gameid=10000
2015-06-11 12:03:36 - liuchenxi - /template/lists?vid=4&gameid=10000
2015-06-11 12:03:39 - liuchenxi - /template/edit?id=5&vid=4&gameid=10000
2015-06-11 12:03:55 - liuchenxi - /template/edit?id=5&vid=4&gameid=10000
2015-06-11 12:03:57 - liuchenxi - /template/lists?gameid=10000&vid=4
2015-06-11 12:04:21 - liuchenxi - /make/make_one_tpl?tid=5&vid=4&gameid=10000
2015-06-11 12:04:57 - liuchenxi - /make/make_one_tpl?tid=5&vid=4&gameid=10000
2015-06-11 12:05:44 - liuchenxi - /make/make_one_tpl?tid=5&vid=4&gameid=10000
2015-06-11 12:06:21 - liuchenxi - /make/make_one_tpl?tid=5&vid=4&gameid=10000
2015-06-11 12:06:34 - liuchenxi - /make/make_one_tpl?tid=5&vid=4&gameid=10000
2015-06-11 12:06:38 - liuchenxi - /game/gamelist
2015-06-11 12:06:40 - liuchenxi - /article/articlelist?gameid=10000
2015-06-11 12:07:08 - liuchenxi - /game/gamelist
2015-06-11 12:07:11 - liuchenxi - /version/lists?gameid=10000
2015-06-11 12:07:13 - liuchenxi - /version/edit?id=4&gameid=10000
2015-06-11 12:07:15 - liuchenxi - /version/edit?id=4&gameid=10000
2015-06-11 12:07:17 - liuchenxi - /version/lists?gameid=10000
2015-06-11 12:07:19 - liuchenxi - /template/lists?vid=4&gameid=10000
2015-06-11 12:07:22 - liuchenxi - /template/edit?id=5&vid=4&gameid=10000
2015-06-11 12:07:28 - liuchenxi - /template/edit?id=5&vid=4&gameid=10000
2015-06-11 12:07:31 - liuchenxi - /template/lists?gameid=10000&vid=4
2015-06-11 12:07:35 - liuchenxi - /make/make_one_tpl?tid=5&vid=4&gameid=10000
2015-06-11 12:08:51 - liuchenxi - /make/make_one_tpl?tid=5&vid=4&gameid=10000
2015-06-11 12:10:31 - liuchenxi - /make/make_one_tpl?tid=5&vid=4&gameid=10000
2015-06-11 12:10:44 - liuchenxi - /template/edit?id=5&vid=4&gameid=10000
2015-06-11 12:12:13 - liuchenxi - /template/edit?id=5&vid=4&gameid=10000
2015-06-11 12:12:15 - liuchenxi - /template/lists?gameid=10000&vid=4
2015-06-11 12:12:17 - panyiliang - /article/articlelist?gameid=10008
2015-06-11 12:12:17 - liuchenxi - /make/make_one_tpl?tid=5&vid=4&gameid=10000
2015-06-11 12:12:23 - panyiliang - /makeshtml/makearticle?id=260&gameid=10008
2015-06-11 12:12:25 - panyiliang - /article/articlelist?gameid=10008
2015-06-11 12:12:37 - liuchenxi - /make/make_one_tpl?tid=5&vid=4&gameid=10000
2015-06-11 12:12:38 - liuchenxi - /make/make_one_tpl?tid=5&vid=4&gameid=10000
2015-06-11 12:12:38 - liuchenxi - /make/make_one_tpl?tid=5&vid=4&gameid=10000
2015-06-11 12:12:38 - panyiliang - /article/editarticle?id=261&gameid=10008
2015-06-11 12:12:39 - liuchenxi - /make/make_one_tpl?tid=5&vid=4&gameid=10000
2015-06-11 12:12:39 - liuchenxi - /make/make_one_tpl?tid=5&vid=4&gameid=10000
2015-06-11 12:12:55 - liuchenxi - /make/make_one_tpl?tid=5&vid=4&gameid=10000
2015-06-11 12:13:02 - liuchenxi - /make/make_one_tpl?tid=5&vid=4&gameid=10000
2015-06-11 12:15:13 - panyiliang - /article/editarticle?gameid=10008
2015-06-11 12:15:40 - panyiliang - /article/articlelist?gameid=10008
2015-06-11 12:15:55 - liuchenxi - /make/make_one_tpl?tid=5&vid=4&gameid=10000
2015-06-11 12:16:03 - liuchenxi - /template/edit?id=5&vid=4&gameid=10000
2015-06-11 12:16:18 - liuchenxi - /template/edit?id=5&vid=4&gameid=10000
2015-06-11 12:16:20 - liuchenxi - /template/lists?gameid=10000&vid=4
2015-06-11 12:16:22 - liuchenxi - /make/make_one_tpl?tid=5&vid=4&gameid=10000
2015-06-11 12:16:31 - liuchenxi - /template/edit?id=5&vid=4&gameid=10000
2015-06-11 12:17:00 - panyiliang - /article/editarticle?id=261&gameid=10008
2015-06-11 12:18:26 - panyiliang - /article/editarticle?gameid=10008&id=261
2015-06-11 12:18:28 - panyiliang - /article/articlelist?gameid=10008
2015-06-11 12:18:31 - panyiliang - /makeshtml/makearticle?id=261&gameid=10008
2015-06-11 12:18:33 - panyiliang - /article/articlelist?gameid=10008
2015-06-11 12:18:38 - panyiliang - /article/editarticle?id=262&gameid=10008
2015-06-11 12:18:50 - panyiliang - /article/editarticle?gameid=10008&id=262
2015-06-11 12:18:52 - panyiliang - /article/articlelist?gameid=10008
2015-06-11 12:19:02 - liuchenxi - /template/edit?id=5&vid=4&gameid=10000
2015-06-11 12:19:05 - liuchenxi - /template/lists?gameid=10000&vid=4
2015-06-11 12:19:09 - liuchenxi - /make/make_one_tpl?tid=5&vid=4&gameid=10000
2015-06-11 12:19:19 - panyiliang - /makeshtml/makearticle?id=262&gameid=10008
2015-06-11 12:19:21 - panyiliang - /article/articlelist?gameid=10008
2015-06-11 12:19:28 - panyiliang - /article/editarticle?id=265&gameid=10008
2015-06-11 12:19:36 - liuchenxi - /template/edit?id=5&vid=4&gameid=10000
2015-06-11 12:19:46 - panyiliang - /article/editarticle?gameid=10008&id=265
2015-06-11 12:19:48 - panyiliang - /article/articlelist?gameid=10008
2015-06-11 12:19:53 - panyiliang - /makeshtml/makearticle?id=265&gameid=10008
2015-06-11 12:19:56 - liuchenxi - /template/edit?id=5&vid=4&gameid=10000
2015-06-11 12:19:57 - panyiliang - /article/articlelist?gameid=10008
2015-06-11 12:19:58 - liuchenxi - /make/make_one_tpl?tid=5&vid=4&gameid=10000
2015-06-11 12:19:59 - liuchenxi - /template/lists?gameid=10000&vid=4
2015-06-11 12:20:03 - liuchenxi - /template/edit?id=5&vid=4&gameid=10000
2015-06-11 12:20:03 - panyiliang - /makeshtml/makearticle?id=266&gameid=10008
2015-06-11 12:20:05 - panyiliang - /article/articlelist?gameid=10008
2015-06-11 12:20:22 - panyiliang - /article/editarticle?id=266&gameid=10008
2015-06-11 12:20:36 - panyiliang - /article/editarticle?gameid=10008&id=266
2015-06-11 12:20:39 - panyiliang - /article/articlelist?gameid=10008
2015-06-11 12:20:49 - panyiliang - /makeshtml/makearticle?id=267&gameid=10008
2015-06-11 12:20:51 - panyiliang - /article/articlelist?gameid=10008
2015-06-11 12:20:55 - panyiliang - /article/editarticle?id=267&gameid=10008
2015-06-11 12:20:58 - liuchenxi - /template/edit?id=5&vid=4&gameid=10000
2015-06-11 12:21:00 - liuchenxi - /template/lists?gameid=10000&vid=4
2015-06-11 12:21:00 - liuchenxi - /make/make_one_tpl?tid=5&vid=4&gameid=10000
2015-06-11 12:21:14 - liuchenxi - /template/edit?id=5&vid=4&gameid=10000
2015-06-11 12:21:15 - panyiliang - /article/editarticle?gameid=10008&id=267
2015-06-11 12:21:20 - panyiliang - /article/articlelist?gameid=10008
2015-06-11 12:21:27 - liuchenxi - /template/edit?id=5&vid=4&gameid=10000
2015-06-11 12:21:29 - liuchenxi - /template/lists?gameid=10000&vid=4
2015-06-11 12:21:30 - liuchenxi - /make/make_one_tpl?tid=5&vid=4&gameid=10000
2015-06-11 12:21:32 - panyiliang - /article/editarticle?id=269&gameid=10008
2015-06-11 12:21:45 - panyiliang - /article/editarticle?gameid=10008&id=269
2015-06-11 12:21:50 - panyiliang - /article/articlelist?gameid=10008
2015-06-11 12:21:50 - liuchenxi - /template/edit?id=5&vid=4&gameid=10000
2015-06-11 12:21:55 - liuchenxi - /template/edit?id=5&vid=4&gameid=10000
2015-06-11 12:21:57 - liuchenxi - /template/lists?gameid=10000&vid=4
2015-06-11 12:21:58 - liuchenxi - /make/make_one_tpl?tid=5&vid=4&gameid=10000
2015-06-11 12:21:58 - panyiliang - /makeshtml/makearticle?id=269&gameid=10008
2015-06-11 12:22:00 - panyiliang - /article/articlelist?gameid=10008
2015-06-11 12:22:08 - panyiliang - /article/editarticle?id=266&gameid=10008
2015-06-11 12:22:19 - panyiliang - /article/editarticle?id=268&gameid=10008
2015-06-11 12:22:41 - panyiliang - /article/editarticle?id=270&gameid=10008
2015-06-11 12:22:54 - panyiliang - /article/editarticle?gameid=10008&id=270
2015-06-11 12:22:59 - panyiliang - /article/articlelist?gameid=10008
2015-06-11 12:23:01 - liuchenxi - /template/edit?id=5&vid=4&gameid=10000
2015-06-11 12:23:06 - panyiliang - /article/editarticle?id=271&gameid=10008
2015-06-11 12:23:07 - liuchenxi - /template/edit?id=5&vid=4&gameid=10000
2015-06-11 12:23:10 - liuchenxi - /make/make_one_tpl?tid=5&vid=4&gameid=10000
2015-06-11 12:23:10 - liuchenxi - /template/lists?gameid=10000&vid=4
2015-06-11 12:23:18 - liuchenxi - /make/make_one_tpl?tid=5&vid=4&gameid=10000
2015-06-11 12:23:21 - liuchenxi - /template/edit?id=5&vid=4&gameid=10000
2015-06-11 12:23:25 - liuchenxi - /template/edit?id=5&vid=4&gameid=10000
2015-06-11 12:23:28 - liuchenxi - /make/make_one_tpl?tid=5&vid=4&gameid=10000
2015-06-11 12:23:28 - liuchenxi - /template/lists?gameid=10000&vid=4
2015-06-11 12:23:58 - panyiliang - /article/editarticle?gameid=10008&id=271
2015-06-11 12:24:00 - panyiliang - /article/articlelist?gameid=10008
2015-06-11 12:24:10 - panyiliang - /article/editarticle?id=272&gameid=10008
2015-06-11 12:24:30 - panyiliang - /article/editarticle?gameid=10008&id=272
2015-06-11 12:24:32 - liuchenxi - /make/make_one_tpl?tid=5&vid=4&gameid=10000
2015-06-11 12:24:32 - panyiliang - /article/articlelist?gameid=10008
2015-06-11 12:24:38 - panyiliang - /article/editarticle?id=273&gameid=10008
2015-06-11 12:25:04 - panyiliang - /article/editarticle?gameid=10008&id=273
2015-06-11 12:25:07 - panyiliang - /article/articlelist?gameid=10008
2015-06-11 12:25:09 - liuchenxi - /make/make_one_tpl?tid=5&vid=4&gameid=10000
2015-06-11 12:25:11 - liuchenxi - /make/make_one_tpl?tid=5&vid=4&gameid=10000
2015-06-11 12:25:11 - liuchenxi - /make/make_one_tpl?tid=5&vid=4&gameid=10000
2015-06-11 12:25:11 - liuchenxi - /make/make_one_tpl?tid=5&vid=4&gameid=10000
2015-06-11 12:25:12 - liuchenxi - /make/make_one_tpl?tid=5&vid=4&gameid=10000
2015-06-11 12:25:24 - panyiliang - /article/editarticle?id=275&gameid=10008
2015-06-11 12:25:46 - liuchenxi - /make/make_one_tpl?tid=5&vid=4&gameid=10000
2015-06-11 12:25:50 - liuchenxi - /make/make_one_tpl?tid=5&vid=4&gameid=10000
2015-06-11 12:25:53 - liuchenxi - /template/edit?id=5&vid=4&gameid=10000
2015-06-11 12:27:18 - panyiliang - /article/editarticle?gameid=10008&id=275
2015-06-11 12:27:20 - panyiliang - /article/articlelist?gameid=10008
2015-06-11 12:27:24 - panyiliang - /article/editarticle?id=276&gameid=10008
2015-06-11 12:28:43 - panyiliang - /article/editarticle?gameid=10008&id=276
2015-06-11 12:28:46 - panyiliang - /article/articlelist?gameid=10008
2015-06-11 12:28:50 - panyiliang - /article/editarticle?id=277&gameid=10008
2015-06-11 12:29:06 - liuchenxi - /template/edit?id=5&vid=4&gameid=10000
2015-06-11 12:29:09 - liuchenxi - /template/lists?gameid=10000&vid=4
2015-06-11 12:29:09 - panyiliang - /article/editarticle?gameid=10008&id=277
2015-06-11 12:29:12 - panyiliang - /article/articlelist?gameid=10008
2015-06-11 12:29:12 - liuchenxi - /make/make_one_tpl?tid=5&vid=4&gameid=10000
2015-06-11 12:29:37 - liuchenxi - /template/edit?id=5&vid=4&gameid=10000
2015-06-11 12:29:42 - panyiliang - /article/editarticle?id=278&gameid=10008
2015-06-11 12:29:52 - liuchenxi - /template/lists?gameid=10000&vid=4
2015-06-11 12:29:56 - liuchenxi - /template/edit?id=5&vid=4&gameid=10000
2015-06-11 12:30:03 - liuchenxi - /template/edit?id=5&vid=4&gameid=10000
2015-06-11 12:30:06 - liuchenxi - /template/lists?gameid=10000&vid=4
2015-06-11 12:30:07 - liuchenxi - /make/make_one_tpl?tid=5&vid=4&gameid=10000
2015-06-11 12:30:33 - liuchenxi - /make/make_one_tpl?tid=5&vid=4&gameid=10000
2015-06-11 12:30:42 - panyiliang - /article/editarticle?gameid=10008&id=278
2015-06-11 12:30:47 - panyiliang - /article/articlelist?gameid=10008
2015-06-11 12:30:51 - panyiliang - /article/editarticle?id=279&gameid=10008
2015-06-11 12:30:56 - liuchenxi - /article/articlelist?gameid=10000
2015-06-11 12:31:03 - liuchenxi - /version/lists?gameid=10000
2015-06-11 12:31:13 - panyiliang - /article/editarticle?gameid=10008&id=279
2015-06-11 12:31:16 - panyiliang - /article/articlelist?gameid=10008
2015-06-11 12:31:20 - panyiliang - /article/editarticle?id=280&gameid=10008
2015-06-11 12:32:07 - panyiliang - /article/editarticle?gameid=10008&id=280
2015-06-11 12:32:09 - panyiliang - /article/articlelist?gameid=10008
2015-06-11 12:32:18 - panyiliang - /article/editarticle?id=284&gameid=10008
2015-06-11 12:32:28 - panyiliang - /article/editarticle?gameid=10008&id=284
2015-06-11 12:32:31 - panyiliang - /article/articlelist?gameid=10008
2015-06-11 12:33:06 - panyiliang - /article/addarticle?gameid=10008
2015-06-11 12:33:07 - panyiliang - /type/get_childtype_by_ajax?callback=jQuery110206230900626353446_1433997185102&typeid=&_=1433997185103
2015-06-11 12:33:28 - panyiliang - /article/addarticle?gameid=10008
2015-06-11 12:33:29 - panyiliang - /type/get_childtype_by_ajax?callback=jQuery110205218427202858873_1433997207087&typeid=&_=1433997207088
2015-06-11 12:33:30 - panyiliang - /type/get_childtype_by_ajax?callback=jQuery110205218427202858873_1433997207087&typeid=11&_=1433997207089
2015-06-11 12:34:36 - panyiliang - /article/addarticle?gameid=10008
2015-06-11 12:34:38 - panyiliang - /article/articlelist?gameid=10008
2015-06-11 12:34:42 - panyiliang - /makeshtml/makearticle?id=316&gameid=10008
2015-06-11 12:34:44 - panyiliang - /article/articlelist?gameid=10008
2015-06-11 12:36:21 - panyiliang - /article/addarticle?gameid=10008
2015-06-11 12:36:23 - panyiliang - /type/get_childtype_by_ajax?callback=jQuery1102013389505340493557_1433997380319&typeid=&_=1433997380320
2015-06-11 12:36:39 - panyiliang - /type/get_childtype_by_ajax?callback=jQuery1102013389505340493557_1433997380319&typeid=11&_=1433997380321
2015-06-11 12:38:13 - panyiliang - /article/addarticle?gameid=10008
2015-06-11 12:38:15 - panyiliang - /article/articlelist?gameid=10008
2015-06-11 12:38:27 - panyiliang - /article/addarticle?gameid=10008
2015-06-11 12:38:28 - panyiliang - /type/get_childtype_by_ajax?callback=jQuery1102005804328952355037_1433997506808&typeid=&_=1433997506809
2015-06-11 12:38:31 - panyiliang - /type/get_childtype_by_ajax?callback=jQuery1102005804328952355037_1433997506808&typeid=11&_=1433997506810
2015-06-11 12:39:15 - panyiliang - /article/addarticle?gameid=10008
2015-06-11 12:39:17 - panyiliang - /article/articlelist?gameid=10008
2015-06-11 12:39:23 - panyiliang - /article/addarticle?gameid=10008
2015-06-11 12:39:23 - panyiliang - /type/get_childtype_by_ajax?callback=jQuery110208653814507667683_1433997561717&typeid=&_=1433997561718
2015-06-11 12:40:43 - panyiliang - /type/get_childtype_by_ajax?callback=jQuery110208653814507667683_1433997561717&typeid=11&_=1433997561719
2015-06-11 12:43:15 - panyiliang - /home
2015-06-11 12:43:34 - panyiliang - /game/gamelist
2015-06-11 12:43:36 - panyiliang - /article/articlelist?gameid=10008
2015-06-11 12:43:42 - panyiliang - /makeshtml/makearticle?id=318&gameid=10008
2015-06-11 12:43:47 - panyiliang - /article/articlelist?gameid=10008
2015-06-11 12:44:12 - panyiliang - /article/addarticle?gameid=10008
2015-06-11 12:44:13 - panyiliang - /type/get_childtype_by_ajax?callback=jQuery1102046551454912038015_1433997851527&typeid=&_=1433997851528
2015-06-11 12:44:15 - panyiliang - /type/get_childtype_by_ajax?callback=jQuery1102046551454912038015_1433997851527&typeid=11&_=1433997851529
2015-06-11 12:44:43 - panyiliang - /article/addarticle?gameid=10008
2015-06-11 12:44:47 - panyiliang - /article/articlelist?gameid=10008
2015-06-11 12:45:12 - panyiliang - /article/addarticle?gameid=10008
2015-06-11 12:45:13 - panyiliang - /type/get_childtype_by_ajax?callback=jQuery1102050375729824965_1433997911302&typeid=&_=1433997911303
2015-06-11 12:45:21 - panyiliang - /type/get_childtype_by_ajax?callback=jQuery1102050375729824965_1433997911302&typeid=11&_=1433997911304
2015-06-11 12:46:27 - panyiliang - /article/addarticle?gameid=10008
2015-06-11 12:46:29 - panyiliang - /article/articlelist?gameid=10008
2015-06-11 12:50:10 - panyiliang - /makeshtml/makearticle?id=276&gameid=10008
2015-06-11 12:50:13 - panyiliang - /article/articlelist?gameid=10008
2015-06-11 12:50:16 - panyiliang - /makeshtml/makearticle?id=320&gameid=10008
2015-06-11 12:50:19 - panyiliang - /article/articlelist?gameid=10008
2015-06-11 12:50:22 - panyiliang - /makeshtml/makearticle?id=319&gameid=10008
2015-06-11 12:50:25 - panyiliang - /article/articlelist?gameid=10008
2015-06-11 12:50:39 - panyiliang - /article/editarticle?id=320&gameid=10008
2015-06-11 12:54:59 - panyiliang - /article/editarticle?gameid=10008&id=320
2015-06-11 12:55:04 - panyiliang - /article/articlelist?gameid=10008
2015-06-11 12:55:11 - panyiliang - /article/editarticle?id=320&gameid=10008
2015-06-11 12:55:35 - panyiliang - /article/editarticle?gameid=10008&id=320
2015-06-11 12:55:38 - panyiliang - /article/articlelist?gameid=10008
2015-06-11 12:55:55 - panyiliang - /article/editarticle?id=320&gameid=10008
2015-06-11 12:57:24 - panyiliang - /article/editarticle?gameid=10008&id=320
2015-06-11 12:57:27 - panyiliang - /article/articlelist?gameid=10008
2015-06-11 12:57:39 - panyiliang - /article/editarticle?id=320&gameid=10008
2015-06-11 12:57:51 - panyiliang - /article/editarticle?gameid=10008&id=320
2015-06-11 12:57:54 - panyiliang - /article/articlelist?gameid=10008
2015-06-11 12:57:57 - panyiliang - /makeshtml/makearticle?id=320&gameid=10008
2015-06-11 12:57:59 - panyiliang - /article/articlelist?gameid=10008
2015-06-11 12:58:31 - panyiliang - /article/editarticle?id=318&gameid=10008
2015-06-11 12:59:01 - panyiliang - /article/editarticle?gameid=10008&id=318
2015-06-11 12:59:05 - panyiliang - /article/articlelist?gameid=10008
2015-06-11 12:59:20 - panyiliang - /makeshtml/makearticle?id=318&gameid=10008
2015-06-11 12:59:27 - panyiliang - /article/articlelist?gameid=10008
2015-06-11 12:59:40 - panyiliang - /article/editarticle?id=318&gameid=10008
2015-06-11 13:00:19 - panyiliang - /article/editarticle?gameid=10008&id=318
2015-06-11 13:00:24 - panyiliang - /article/articlelist?gameid=10008
2015-06-11 13:00:46 - panyiliang - /makeshtml/makearticle?id=317&gameid=10008
2015-06-11 13:00:49 - panyiliang - /article/articlelist?gameid=10008
2015-06-11 13:00:55 - panyiliang - /article/editarticle?id=318&gameid=10008
2015-06-11 13:01:14 - panyiliang - /article/editarticle?gameid=10008&id=318
2015-06-11 13:01:16 - panyiliang - /article/articlelist?gameid=10008
2015-06-11 13:04:03 - panyiliang - /article/delarticle?id=318&gameid=10008
2015-06-11 13:04:06 - panyiliang - /article/articlelist?gameid=10008
2015-06-11 13:04:10 - panyiliang - /article/delarticle?id=316&gameid=10008
2015-06-11 13:04:12 - panyiliang - /article/articlelist?gameid=10008
2015-06-11 13:04:16 - panyiliang - /article/delarticle?id=284&gameid=10008
2015-06-11 13:04:19 - panyiliang - /article/articlelist?gameid=10008
2015-06-11 13:07:29 - panyiliang - /article/addarticle?gameid=10008
2015-06-11 13:07:30 - panyiliang - /type/get_childtype_by_ajax?callback=jQuery110205705571454949924_1433999247623&typeid=&_=1433999247624
2015-06-11 13:07:34 - panyiliang - /type/get_childtype_by_ajax?callback=jQuery110205705571454949924_1433999247623&typeid=11&_=1433999247625
2015-06-11 13:08:41 - panyiliang - /article/addarticle?gameid=10008
2015-06-11 13:08:44 - panyiliang - /article/articlelist?gameid=10008
2015-06-11 13:08:51 - panyiliang - /makeshtml/makearticle?id=321&gameid=10008
2015-06-11 13:08:55 - panyiliang - /article/articlelist?gameid=10008
2015-06-11 13:08:58 - panyiliang - /makeshtml/makearticle?id=278&gameid=10008
2015-06-11 13:09:00 - panyiliang - /article/articlelist?gameid=10008
2015-06-11 13:09:03 - panyiliang - /makeshtml/makearticle?id=277&gameid=10008
2015-06-11 13:09:05 - panyiliang - /article/articlelist?gameid=10008
2015-06-11 13:09:09 - panyiliang - /makeshtml/makearticle?id=272&gameid=10008
2015-06-11 13:09:11 - panyiliang - /article/articlelist?gameid=10008
2015-06-11 13:09:14 - panyiliang - /makeshtml/makearticle?id=271&gameid=10008
2015-06-11 13:09:17 - panyiliang - /article/articlelist?gameid=10008
2015-06-11 13:09:27 - panyiliang - /article/addarticle?gameid=10008
2015-06-11 13:09:28 - panyiliang - /type/get_childtype_by_ajax?callback=jQuery110201019063301536361_1433999366518&typeid=&_=1433999366519
2015-06-11 13:09:33 - panyiliang - /type/get_childtype_by_ajax?callback=jQuery110201019063301536361_1433999366518&typeid=11&_=1433999366520
2015-06-11 13:12:38 - panyiliang - /article/addarticle?gameid=10008
2015-06-11 13:12:44 - panyiliang - /article/articlelist?gameid=10008
2015-06-11 13:12:48 - liuchenxi - /template/lists?vid=4&gameid=10000
2015-06-11 13:12:52 - liuchenxi - /template/edit?id=5&vid=4&gameid=10000
2015-06-11 13:12:55 - panyiliang - /makeshtml/makearticle?id=322&gameid=10008
2015-06-11 13:12:58 - panyiliang - /article/articlelist?gameid=10008
2015-06-11 13:13:05 - panyiliang - /article/addarticle?gameid=10008
2015-06-11 13:13:06 - panyiliang - /type/get_childtype_by_ajax?callback=jQuery11020027382958208911012_1433999584010&typeid=&_=1433999584011
2015-06-11 13:13:07 - liuchenxi - /template/edit?id=4&vid=4&gameid=10000
2015-06-11 13:13:12 - liuchenxi - /template/edit?id=4&vid=4&gameid=10000
2015-06-11 13:13:15 - liuchenxi - /template/lists?gameid=10000&vid=4
2015-06-11 13:13:18 - liuchenxi - /template/edit?id=5&vid=4&gameid=10000
2015-06-11 13:13:44 - panyiliang - /type/get_childtype_by_ajax?callback=jQuery11020027382958208911012_1433999584010&typeid=11&_=1433999584012
2015-06-11 13:13:49 - liuchenxi - /template/edit?id=5&vid=4&gameid=10000
2015-06-11 13:13:51 - liuchenxi - /template/lists?gameid=10000&vid=4
2015-06-11 13:15:59 - liuchenxi - /template/lists?gameid=10000&vid=4
2015-06-11 13:16:14 - liuchenxi - /template/lists?gameid=10000&vid=4
2015-06-11 13:16:20 - liuchenxi - /template/edit?id=5&vid=4&gameid=10000
2015-06-11 13:16:25 - liuchenxi - /template/edit?id=5&vid=4&gameid=10000
2015-06-11 13:16:28 - liuchenxi - /template/lists?gameid=10000&vid=4
2015-06-11 13:16:30 - liuchenxi - /make/make_one_tpl?tid=5&vid=4&gameid=10000
2015-06-11 13:17:05 - panyiliang - /article/addarticle?gameid=10008
2015-06-11 13:17:08 - panyiliang - /article/articlelist?gameid=10008
2015-06-11 13:17:11 - panyiliang - /makeshtml/makearticle?id=323&gameid=10008
2015-06-11 13:17:14 - panyiliang - /article/articlelist?gameid=10008
2015-06-11 13:17:16 - panyiliang - /article/editarticle?id=323&gameid=10008
2015-06-11 13:17:20 - panyiliang - /article/editarticle?gameid=10008&id=323
2015-06-11 13:17:23 - panyiliang - /article/articlelist?gameid=10008
2015-06-11 13:17:45 - panyiliang - /article/addarticle?gameid=10008
2015-06-11 13:17:46 - panyiliang - /type/get_childtype_by_ajax?callback=jQuery1102018060603526648744_1433999864730&typeid=&_=1433999864731
2015-06-11 13:17:48 - panyiliang - /type/get_childtype_by_ajax?callback=jQuery1102018060603526648744_1433999864730&typeid=11&_=1433999864732
2015-06-11 13:20:27 - panyiliang - /article/addarticle?gameid=10008
2015-06-11 13:20:30 - panyiliang - /article/articlelist?gameid=10008
2015-06-11 13:20:56 - panyiliang - /makeshtml/makearticle?id=324&gameid=10008
2015-06-11 13:20:58 - panyiliang - /article/articlelist?gameid=10008
2015-06-11 13:21:07 - panyiliang - /article/addarticle?gameid=10008
2015-06-11 13:21:10 - panyiliang - /type/get_childtype_by_ajax?callback=jQuery110206313394065901097_1434000068135&typeid=&_=1434000068136
2015-06-11 13:21:27 - panyiliang - /article/articlelist?gameid=10008
2015-06-11 13:21:33 - panyiliang - /article/addarticle?gameid=10008
2015-06-11 13:21:34 - panyiliang - /type/get_childtype_by_ajax?callback=jQuery11020277643077600953_1434000092677&typeid=&_=1434000092678
2015-06-11 13:21:38 - panyiliang - /type/get_childtype_by_ajax?callback=jQuery11020277643077600953_1434000092677&typeid=11&_=1434000092679
2015-06-11 13:22:41 - panyiliang - /article/addarticle?gameid=10008
2015-06-11 13:22:44 - panyiliang - /article/articlelist?gameid=10008
2015-06-11 13:22:47 - panyiliang - /makeshtml/makearticle?id=325&gameid=10008
2015-06-11 13:22:50 - panyiliang - /article/articlelist?gameid=10008
2015-06-11 13:25:05 - panyiliang - /article/addarticle?gameid=10008
2015-06-11 13:25:06 - panyiliang - /type/get_childtype_by_ajax?callback=jQuery1102041735968232837833_1434000304122&typeid=&_=1434000304123
2015-06-11 13:25:09 - panyiliang - /type/get_childtype_by_ajax?callback=jQuery1102041735968232837833_1434000304122&typeid=11&_=1434000304124
2015-06-11 13:26:25 - panyiliang - /article/addarticle?gameid=10008
2015-06-11 13:26:28 - panyiliang - /article/articlelist?gameid=10008
2015-06-11 13:26:33 - panyiliang - /makeshtml/makearticle?id=326&gameid=10008
2015-06-11 13:26:35 - panyiliang - /article/articlelist?gameid=10008
2015-06-11 13:27:07 - panyiliang - /article/addarticle?gameid=10008
2015-06-11 13:27:07 - panyiliang - /type/get_childtype_by_ajax?callback=jQuery110208134317056708677_1434000425419&typeid=&_=1434000425420
2015-06-11 13:27:09 - panyiliang - /type/get_childtype_by_ajax?callback=jQuery110208134317056708677_1434000425419&typeid=11&_=1434000425421
2015-06-11 13:31:04 - panyiliang - /article/addarticle?gameid=10008
2015-06-11 13:31:08 - panyiliang - /article/articlelist?gameid=10008
2015-06-11 13:32:35 - panyiliang - /makeshtml/makearticle?id=327&gameid=10008
2015-06-11 13:32:38 - panyiliang - /article/articlelist?gameid=10008
2015-06-11 13:32:50 - panyiliang - /article/addarticle?gameid=10008
2015-06-11 13:32:52 - panyiliang - /type/get_childtype_by_ajax?callback=jQuery110207246381310698181_1434000769627&typeid=&_=1434000769628
2015-06-11 13:32:59 - panyiliang - /type/get_childtype_by_ajax?callback=jQuery110207246381310698181_1434000769627&typeid=11&_=1434000769629
2015-06-11 13:34:51 - panyiliang - /article/addarticle?gameid=10008
2015-06-11 13:34:53 - panyiliang - /article/articlelist?gameid=10008
2015-06-11 13:35:00 - panyiliang - /makeshtml/makearticle?id=328&gameid=10008
2015-06-11 13:35:03 - panyiliang - /article/articlelist?gameid=10008
2015-06-11 13:35:05 - panyiliang - /article/addarticle?gameid=10008
2015-06-11 13:35:06 - panyiliang - /type/get_childtype_by_ajax?callback=jQuery110200475774083906077_1434000904089&typeid=&_=1434000904090
2015-06-11 13:35:11 - panyiliang - /type/get_childtype_by_ajax?callback=jQuery110200475774083906077_1434000904089&typeid=11&_=1434000904091
2015-06-11 13:36:07 - panyiliang - /article/addarticle?gameid=10008
2015-06-11 13:36:10 - panyiliang - /article/articlelist?gameid=10008
2015-06-11 13:36:46 - panyiliang - /makeshtml/makearticle?id=329&gameid=10008
2015-06-11 13:36:49 - panyiliang - /article/articlelist?gameid=10008
2015-06-11 13:37:21 - panyiliang - /article/addarticle?gameid=10008
2015-06-11 13:37:22 - panyiliang - /type/get_childtype_by_ajax?callback=jQuery110207997385822446329_1434001040224&typeid=&_=1434001040225
2015-06-11 13:37:31 - panyiliang - /type/get_childtype_by_ajax?callback=jQuery110207997385822446329_1434001040224&typeid=11&_=1434001040226
2015-06-11 13:38:58 - panyiliang - /article/addarticle?gameid=10008
2015-06-11 13:39:00 - panyiliang - /article/articlelist?gameid=10008
2015-06-11 13:39:04 - panyiliang - /makeshtml/makearticle?id=330&gameid=10008
2015-06-11 13:39:06 - panyiliang - /article/articlelist?gameid=10008
2015-06-11 13:39:12 - panyiliang - /article/addarticle?gameid=10008
2015-06-11 13:39:13 - panyiliang - /type/get_childtype_by_ajax?callback=jQuery110205699417493011074_1434001150629&typeid=&_=1434001150630
2015-06-11 13:39:56 - panyiliang - /type/get_childtype_by_ajax?callback=jQuery110205699417493011074_1434001150629&typeid=11&_=1434001150631
2015-06-11 13:47:00 - panyiliang - /home
2015-06-11 13:47:18 - panyiliang - /type/typelist
2015-06-11 13:47:32 - panyiliang - /game/gamelist
2015-06-11 13:47:39 - panyiliang - /article/articlelist?gameid=10008
2015-06-11 13:48:03 - panyiliang - /article/addarticle?gameid=10008
2015-06-11 13:48:04 - panyiliang - /type/get_childtype_by_ajax?callback=jQuery110207463497719247711_1434001682534&typeid=&_=1434001682535
2015-06-11 13:48:07 - panyiliang - /type/get_childtype_by_ajax?callback=jQuery110207463497719247711_1434001682534&typeid=11&_=1434001682536
2015-06-11 13:49:42 - panyiliang - /article/addarticle?gameid=10008
2015-06-11 13:49:45 - panyiliang - /article/articlelist?gameid=10008
2015-06-11 13:49:55 - panyiliang - /makeshtml/makearticle?id=331&gameid=10008
2015-06-11 13:49:59 - panyiliang - /article/articlelist?gameid=10008
2015-06-11 13:50:00 - panyiliang - /article/addarticle?gameid=10008
2015-06-11 13:50:01 - panyiliang - /type/get_childtype_by_ajax?callback=jQuery110207011434532169251_1434001799168&typeid=&_=1434001799169
2015-06-11 13:50:03 - panyiliang - /type/get_childtype_by_ajax?callback=jQuery110207011434532169251_1434001799168&typeid=11&_=1434001799170
2015-06-11 13:51:26 - panyiliang - /article/addarticle?gameid=10008
2015-06-11 13:51:28 - panyiliang - /article/articlelist?gameid=10008
2015-06-11 13:51:52 - panyiliang - /article/delarticle?id=322&gameid=10008
2015-06-11 13:51:56 - panyiliang - /article/articlelist?gameid=10008
2015-06-11 13:52:03 - panyiliang - /makeshtml/makearticle?id=332&gameid=10008
2015-06-11 13:52:06 - panyiliang - /article/articlelist?gameid=10008
2015-06-11 14:09:03 - jiangbing - /home
2015-06-11 14:09:06 - jiangbing - /game/gamelist
2015-06-11 14:09:09 - jiangbing - /game/editgame?id=10008
2015-06-11 14:09:11 - jiangbing - /game/gamelist
2015-06-11 14:09:13 - jiangbing - /article/articlelist?gameid=10008
2015-06-11 14:09:14 - jiangbing - /makeshtml/makealllist?gameid=10008
2015-06-11 14:09:16 - jiangbing - /article/articlelist?gameid=10008
2015-06-11 14:09:30 - liujingning - /home
2015-06-11 14:09:35 - liujingning - /game/gamelist
2015-06-11 14:09:36 - liujingning - /article/articlelist?gameid=10001
2015-06-11 14:09:38 - liujingning - /article/addarticle?gameid=10001
2015-06-11 14:11:17 - liujingning - /article/addarticle?gameid=10001
2015-06-11 14:11:19 - liujingning - /article/articlelist?gameid=10001
2015-06-11 14:21:24 - panyiliang - /type/get_childtype_by_ajax?callback=jQuery1102003736894109655986_1434001925700&typeid=2&_=1434001925701
2015-06-11 14:21:25 - panyiliang - /article/articlelist?gameid=10008&type=2&ctype=&submit=%E6%90%9C%E7%B4%A2
2015-06-11 14:21:37 - liuchenxi - /make/make_one_tpl?tid=5&vid=4&gameid=10000
2015-06-11 14:40:36 - liuchenxi - /make/make_one_tpl?tid=5&vid=4&gameid=10000
2015-06-11 14:40:57 - liuchenxi - /make/make_one_tpl?tid=5&vid=4&gameid=10000
2015-06-11 14:41:40 - liuchenxi - /make/make_one_tpl?tid=5&vid=4&gameid=10000
2015-06-11 14:47:15 - liuchenxi - /make/make_one_tpl?tid=5&vid=4&gameid=10000
2015-06-11 14:47:28 - liuchenxi - /make/make_one_tpl?tid=5&vid=4&gameid=10000
2015-06-11 14:47:37 - liuchenxi - /make/make_one_tpl?tid=5&vid=4&gameid=10000
2015-06-11 14:49:42 - liuchenxi - /make/make_one_tpl?tid=5&vid=4&gameid=10000
2015-06-11 14:50:29 - liuchenxi - /make/make_one_tpl?tid=5&vid=4&gameid=10000
2015-06-11 14:54:17 - liuchenxi - /make/make_one_tpl?tid=5&vid=4&gameid=10000
2015-06-11 14:54:57 - liuchenxi - /make/make_one_tpl?tid=5&vid=4&gameid=10000
2015-06-11 14:55:26 - liuchenxi - /make/make_one_tpl?tid=5&vid=4&gameid=10000
2015-06-11 14:55:45 - liuchenxi - /make/make_one_tpl?tid=5&vid=4&gameid=10000
2015-06-11 14:56:06 - liuchenxi - /make/make_one_tpl?tid=5&vid=4&gameid=10000
2015-06-11 14:57:27 - liuchenxi - /make/make_one_tpl?tid=5&vid=4&gameid=10000
2015-06-11 14:57:36 - liuchenxi - /make/make_one_tpl?tid=5&vid=4&gameid=10000
2015-06-11 15:01:39 - liuchenxi - /make/make_one_tpl?tid=5&vid=4&gameid=10000
2015-06-11 15:01:40 - liuchenxi - /make/make_one_tpl?tid=5&vid=4&gameid=10000
2015-06-11 15:01:41 - liuchenxi - /make/make_one_tpl?tid=5&vid=4&gameid=10000
2015-06-11 15:01:41 - liuchenxi - /make/make_one_tpl?tid=5&vid=4&gameid=10000
2015-06-11 15:01:41 - liuchenxi - /make/make_one_tpl?tid=5&vid=4&gameid=10000
2015-06-11 15:01:42 - liuchenxi - /make/make_one_tpl?tid=5&vid=4&gameid=10000
2015-06-11 15:02:04 - liuchenxi - /make/make_one_tpl?tid=5&vid=4&gameid=10000
2015-06-11 15:02:14 - liuchenxi - /make/make_one_tpl?tid=5&vid=4&gameid=10000
2015-06-11 15:02:15 - liuchenxi - /make/make_one_tpl?tid=5&vid=4&gameid=10000
2015-06-11 15:02:16 - liuchenxi - /make/make_one_tpl?tid=5&vid=4&gameid=10000
2015-06-11 15:02:19 - liuchenxi - /make/make_one_tpl?tid=5&vid=4&gameid=10000
2015-06-11 15:02:20 - liuchenxi - /make/make_one_tpl?tid=5&vid=4&gameid=10000
2015-06-11 15:02:20 - liuchenxi - /make/make_one_tpl?tid=5&vid=4&gameid=10000
2015-06-11 15:02:21 - liuchenxi - /make/make_one_tpl?tid=5&vid=4&gameid=10000
2015-06-11 15:02:21 - liuchenxi - /make/make_one_tpl?tid=5&vid=4&gameid=10000
2015-06-11 15:02:21 - liuchenxi - /make/make_one_tpl?tid=5&vid=4&gameid=10000
2015-06-11 15:02:26 - liuchenxi - /make/make_one_tpl?tid=5&vid=4&gameid=10000
2015-06-11 15:02:36 - liuchenxi - /make/make_one_tpl?tid=5&vid=4&gameid=10000
2015-06-11 15:02:39 - liuchenxi - /make/make_one_tpl?tid=5&vid=4&gameid=10000
2015-06-11 15:03:04 - liuchenxi - /make/make_one_tpl?tid=5&vid=4&gameid=10000
2015-06-11 15:04:37 - liuchenxi - /make/make_one_tpl?tid=5&vid=4&gameid=10000
2015-06-11 15:05:47 - liuchenxi - /make/make_one_tpl?tid=5&vid=4&gameid=10000
2015-06-11 15:05:54 - liuchenxi - /version/lists?gameid=10000
2015-06-11 15:05:57 - liuchenxi - /template/lists?vid=4&gameid=10000
2015-06-11 15:06:02 - liuchenxi - /template/edit?id=5&vid=4&gameid=10000
2015-06-11 15:06:19 - liuchenxi - /template/edit?id=5&vid=4&gameid=10000
2015-06-11 15:06:22 - liuchenxi - /template/lists?gameid=10000&vid=4
2015-06-11 15:06:25 - liuchenxi - /make/make_one_tpl?tid=5&vid=4&gameid=10000
2015-06-11 15:06:43 - liuchenxi - /template/edit?id=5&vid=4&gameid=10000
2015-06-11 15:06:51 - liuchenxi - /template/edit?id=5&vid=4&gameid=10000
2015-06-11 15:06:54 - liuchenxi - /template/lists?gameid=10000&vid=4
2015-06-11 15:06:57 - liuchenxi - /make/make_one_tpl?tid=5&vid=4&gameid=10000
2015-06-11 15:07:02 - liuchenxi - /template/edit?id=5&vid=4&gameid=10000
2015-06-11 15:07:09 - liuchenxi - /template/edit?id=5&vid=4&gameid=10000
2015-06-11 15:07:13 - liuchenxi - /template/lists?gameid=10000&vid=4
2015-06-11 15:07:18 - liuchenxi - /make/make_one_tpl?tid=5&vid=4&gameid=10000
2015-06-11 15:08:58 - liuchenxi - /template/edit?id=5&vid=4&gameid=10000
2015-06-11 15:09:22 - liuchenxi - /template/edit?id=5&vid=4&gameid=10000
2015-06-11 15:09:25 - liuchenxi - /template/lists?gameid=10000&vid=4
2015-06-11 15:09:29 - liuchenxi - /template/edit?id=4&vid=4&gameid=10000
2015-06-11 15:09:40 - liuchenxi - /template/edit?id=4&vid=4&gameid=10000
2015-06-11 15:09:43 - liuchenxi - /template/lists?gameid=10000&vid=4
2015-06-11 15:09:48 - liuchenxi - /template/edit?id=3&vid=4&gameid=10000
2015-06-11 15:09:53 - liuchenxi - /template/edit?id=3&vid=4&gameid=10000
2015-06-11 15:09:56 - liuchenxi - /template/lists?gameid=10000&vid=4
2015-06-11 15:09:59 - liuchenxi - /template/edit?id=4&vid=4&gameid=10000
2015-06-11 15:10:29 - liuchenxi - /template/edit?id=4&vid=4&gameid=10000
2015-06-11 15:10:32 - liuchenxi - /template/lists?gameid=10000&vid=4
2015-06-11 15:10:35 - liuchenxi - /template/edit?id=5&vid=4&gameid=10000
2015-06-11 15:10:51 - liuchenxi - /template/edit?id=5&vid=4&gameid=10000
2015-06-11 15:10:56 - liuchenxi - /template/lists?gameid=10000&vid=4
2015-06-11 15:11:01 - liuchenxi - /make/make_one_tpl?tid=5&vid=4&gameid=10000
2015-06-11 15:11:19 - liuchenxi - /version/lists?gameid=10000
2015-06-11 15:11:22 - liuchenxi - /template/lists?vid=4&gameid=10000
2015-06-11 15:11:25 - liuchenxi - /template/edit?id=5&vid=4&gameid=10000
2015-06-11 15:11:55 - liuchenxi - /template/edit?id=5&vid=4&gameid=10000
2015-06-11 15:11:59 - liuchenxi - /template/edit?id=5&vid=4&gameid=10000
2015-06-11 15:12:09 - liuchenxi - /template/edit?id=5&vid=4&gameid=10000
2015-06-11 15:12:14 - liuchenxi - /template/lists?gameid=10000&vid=4
2015-06-11 15:12:14 - liuchenxi - /make/make_one_tpl?tid=5&vid=4&gameid=10000
2015-06-11 15:12:30 - liuchenxi - /template/edit?id=5&vid=4&gameid=10000
2015-06-11 15:12:45 - liuchenxi - /template/edit?id=5&vid=4&gameid=10000
2015-06-11 15:12:48 - liuchenxi - /template/lists?gameid=10000&vid=4
2015-06-11 15:12:48 - liuchenxi - /make/make_one_tpl?tid=5&vid=4&gameid=10000
2015-06-11 15:12:51 - liuchenxi - /make/make_one_tpl?tid=5&vid=4&gameid=10000
2015-06-11 15:12:55 - liuchenxi - /template/edit?id=5&vid=4&gameid=10000
2015-06-11 15:13:11 - liuchenxi - /template/edit?id=5&vid=4&gameid=10000
2015-06-11 15:13:14 - liuchenxi - /template/lists?gameid=10000&vid=4
2015-06-11 15:13:16 - liuchenxi - /make/make_one_tpl?tid=5&vid=4&gameid=10000
2015-06-11 15:13:27 - liuchenxi - /template/edit?id=5&vid=4&gameid=10000
2015-06-11 15:13:34 - liuchenxi - /template/lists?gameid=10000&vid=4
2015-06-11 15:13:39 - liuchenxi - /template/edit?id=4&vid=4&gameid=10000
2015-06-11 15:14:05 - liuchenxi - /template/edit?id=4&vid=4&gameid=10000
2015-06-11 15:14:08 - liuchenxi - /make/make_one_tpl?tid=5&vid=4&gameid=10000
2015-06-11 15:14:08 - liuchenxi - /template/lists?gameid=10000&vid=4
2015-06-11 15:14:15 - liuchenxi - /template/edit?id=4&vid=4&gameid=10000
2015-06-11 15:14:50 - liuchenxi - /template/edit?id=4&vid=4&gameid=10000
2015-06-11 15:14:52 - liuchenxi - /template/lists?gameid=10000&vid=4
2015-06-11 15:14:53 - liuchenxi - /make/make_one_tpl?tid=5&vid=4&gameid=10000
2015-06-11 15:14:57 - liuchenxi - /template/edit?id=5&vid=4&gameid=10000
2015-06-11 15:15:05 - liuchenxi - /template/edit?id=5&vid=4&gameid=10000
2015-06-11 15:15:09 - liuchenxi - /template/lists?gameid=10000&vid=4
2015-06-11 15:15:12 - liuchenxi - /make/make_one_tpl?tid=5&vid=4&gameid=10000
2015-06-11 15:15:19 - liuchenxi - /template/edit?id=4&vid=4&gameid=10000
2015-06-11 15:15:55 - liuchenxi - /template/edit?id=4&vid=4&gameid=10000
2015-06-11 15:15:58 - liuchenxi - /template/lists?gameid=10000&vid=4
2015-06-11 15:15:58 - liuchenxi - /make/make_one_tpl?tid=5&vid=4&gameid=10000
2015-06-11 15:16:07 - liuchenxi - /make/make_one_tpl?tid=5&vid=4&gameid=10000
2015-06-11 15:16:12 - liuchenxi - /template/edit?id=5&vid=4&gameid=10000
2015-06-11 15:16:22 - liuchenxi - /template/lists?gameid=10000&vid=4
2015-06-11 15:16:27 - liuchenxi - /template/edit?id=4&vid=4&gameid=10000
2015-06-11 15:16:59 - liuchenxi - /template/edit?id=4&vid=4&gameid=10000
2015-06-11 15:17:02 - liuchenxi - /template/lists?gameid=10000&vid=4
2015-06-11 15:17:06 - liuchenxi - /make/make_one_tpl?tid=5&vid=4&gameid=10000
2015-06-11 15:18:06 - liuchenxi - /make/make_one_tpl?tid=5&vid=4&gameid=10000
2015-06-11 15:28:00 - liuchenxi - /make/make_one_tpl?tid=5&vid=4&gameid=10000
2015-06-11 15:29:05 - liuchenxi - /template/lists?gameid=10000&vid=4
2015-06-11 15:29:09 - liuchenxi - /game/gamelist
2015-06-11 15:29:13 - liuchenxi - /version/lists?gameid=10000
2015-06-11 15:37:23 - liuchenxi - /make/make_one_tpl?tid=5&vid=4&gameid=10000
2015-06-11 15:37:31 - liuchenxi - /make/make_one_tpl?tid=5&vid=4&gameid=10000
2015-06-11 15:38:00 - liuchenxi - /make/make_one_tpl?tid=5&vid=4&gameid=10000
2015-06-11 15:39:50 - liuchenxi - /make/make_one_tpl?tid=5&vid=4&gameid=10000
2015-06-11 15:40:06 - liuchenxi - /make/make_one_tpl?tid=5&vid=4&gameid=10000
2015-06-11 15:52:57 - liuchenxi - /template/lists?vid=4&gameid=10000
2015-06-11 15:53:04 - liuchenxi - /template/edit?id=5&vid=4&gameid=10000
2015-06-11 15:53:33 - liuchenxi - /template/edit?id=4&vid=4&gameid=10000
2015-06-11 15:54:37 - liuchenxi - /make/make_one_tpl?tid=5&vid=4&gameid=10000
2015-06-11 15:55:02 - liuchenxi - /make/make_one_tpl?tid=5&vid=4&gameid=10000
2015-06-11 15:55:43 - liuchenxi - /make/make_one_tpl?tid=5&vid=4&gameid=10000
2015-06-11 15:57:32 - liuchenxi - /make/make_one_tpl?tid=5&vid=4&gameid=10000
2015-06-11 15:57:56 - liuchenxi - /make/make_one_tpl?tid=5&vid=4&gameid=10000
2015-06-11 16:01:19 - liuchenxi - /make/make_one_tpl?tid=5&vid=4&gameid=10000
2015-06-11 16:01:29 - liuchenxi - /make/make_one_tpl?tid=5&vid=4&gameid=10000
2015-06-11 16:10:49 - liuchenxi - /make/make_one_tpl?tid=5&vid=4&gameid=10000
2015-06-11 16:17:49 - liuchenxi - /make/make_one_tpl?tid=5&vid=4&gameid=10000
2015-06-11 16:21:10 - liuchenxi - /make/make_one_tpl?tid=5&vid=4&gameid=10000
2015-06-11 16:48:32 - liuchenxi - /make/make_one_tpl?tid=5&vid=4&gameid=10000
2015-06-11 16:48:40 - liuchenxi - /template/lists?gameid=10000&vid=4
2015-06-11 16:48:47 - liuchenxi - /make/make_one_tpl?tid=5&vid=4&gameid=10000
2015-06-11 16:49:00 - liuchenxi - /make/make_all_tpl?tid=5&vid=4&gameid=10000
2015-06-11 16:49:15 - liuchenxi - /make/make_all_tpl?tid=5&vid=4&gameid=10000
2015-06-11 16:58:46 - liuchenxi - /make/make_all_tpl?tid=5&vid=4&gameid=10000
2015-06-11 16:59:00 - liuchenxi - /make/make_one_tpl?tid=5&vid=4&gameid=10000
2015-06-11 16:59:07 - liuchenxi - /make/make_all_tpl?tid=5&vid=4&gameid=10000
2015-06-11 17:00:56 - liuchenxi - /make/make_all_tpl?tid=5&vid=4&gameid=10000
2015-06-11 17:02:59 - liuchenxi - /make/make_all_tpl?tid=5&vid=4&gameid=10000
2015-06-11 17:03:01 - liuchenxi - /make/lists?vid=4&gameid=10000
2015-06-11 17:03:18 - liuchenxi - /make/lists?vid=4&gameid=10000
2015-06-11 17:03:30 - liuchenxi - /version/lists?gameid=10000
2015-06-11 17:03:34 - liuchenxi - /template/lists?vid=4&gameid=10000
2015-06-11 17:03:48 - liuchenxi - /make/make_all_tpl?tid=5&vid=4&gameid=10000
2015-06-11 17:03:50 - liuchenxi - /template/lists?vid=4&gameid=10000
2015-06-11 17:05:09 - liuchenxi - /template/lists?vid=4&gameid=10000
2015-06-11 17:05:25 - liuchenxi - /template/lists?vid=4&gameid=10000
2015-06-11 17:05:28 - liuchenxi - /make/make_all_tpl?gameid=10000&vid=4
2015-06-11 17:05:30 - liuchenxi - /template/lists?vid=4&gameid=10000
2015-06-11 17:06:03 - liuchenxi - /make/make_all_tpl?gameid=10000&vid=4
2015-06-11 17:06:17 - liuchenxi - /make/make_all_tpl?gameid=10000&vid=4
2015-06-11 17:06:50 - liuchenxi - /make/make_all_tpl?gameid=10000&vid=4
2015-06-11 17:08:02 - liuchenxi - /template/lists?gameid=10000&vid=4
2015-06-11 17:08:06 - liuchenxi - /make/make_all_tpl?gameid=10000&vid=4
2015-06-11 17:08:09 - liuchenxi - /template/lists?vid=4&gameid=10000
2015-06-11 17:14:28 - liuchenxi - /template/lists?vid=4&gameid=10000
2015-06-11 17:14:34 - liuchenxi - /template/add?gameid=10000&vid=4
2015-06-11 17:14:56 - liuchenxi - /template/add?gameid=10000&vid=4
2015-06-11 17:14:58 - liuchenxi - /template/lists?gameid=10000&vid=4
2015-06-11 17:15:03 - liuchenxi - /make/make_all_tpl?gameid=10000&vid=4
2015-06-11 17:15:05 - liuchenxi - /template/lists?vid=4&gameid=10000
2015-06-11 17:15:22 - liuchenxi - /template/add?gameid=10000&vid=4
2015-06-11 17:16:17 - liuchenxi - /template/add?gameid=10000&vid=4
2015-06-11 17:17:02 - liuchenxi - /template/add?gameid=10000&vid=4
2015-06-11 17:24:05 - liuchenxi - /template/edit?id=4&vid=4&gameid=10000
2015-06-11 17:24:11 - liuchenxi - /game/gamelist
2015-06-11 17:24:36 - liuchenxi - /version/lists?gameid=10000
2015-06-11 17:24:46 - liuchenxi - /template/lists?vid=4&gameid=10000
2015-06-11 17:28:52 - liuchenxi - /game/gamelist
2015-06-11 17:28:55 - liuchenxi - /version/lists?gameid=10000
2015-06-11 17:29:05 - liuchenxi - /template/lists?vid=4&gameid=10000
2015-06-11 17:29:14 - liuchenxi - /template/add?gameid=10000&vid=4
2015-06-11 17:29:20 - liuchenxi - /template/add?gameid=10000&vid=4
2015-06-11 17:29:23 - liuchenxi - /template/lists?gameid=10000&vid=4
2015-06-11 17:29:33 - liuchenxi - /template/edit?id=7&vid=4&gameid=10000
2015-06-11 17:29:42 - liuchenxi - /template/edit?id=7&vid=4&gameid=10000
2015-06-11 17:30:50 - liuchenxi - /template/lists?gameid=10000&vid=4
2015-06-11 17:32:54 - liuchenxi - /game/gamelist
2015-06-11 17:37:01 - liuchenxi - /template/lists?gameid=10000&vid=4
2015-06-11 17:37:12 - liuchenxi - /template/lists?gameid=10000&vid=4
2015-06-11 17:37:27 - liuchenxi - /template/lists?gameid=10000&vid=4
2015-06-11 17:58:07 - liuchenxi - /make/make_all_article?gameid=10000&vid=4
2015-06-11 17:58:54 - liuchenxi - /make/make_all_article?gameid=10000&vid=4
2015-06-11 17:59:43 - liuchenxi - /make/make_all_article?gameid=10000&vid=4
2015-06-11 18:02:00 - liuchenxi - /make/make_all_article?gameid=10000&vid=4
2015-06-11 18:30:10 - liuchenxi - /make/make_all_article?gameid=10000&vid=4
2015-06-11 18:30:20 - liuchenxi - /version/lists?gameid=10000
2015-06-11 18:30:24 - liuchenxi - /version/add?gameid=10000
2015-06-11 18:30:33 - liuchenxi - /version/add?gameid=10000
2015-06-11 18:30:35 - liuchenxi - /version/lists?gameid=10000
2015-06-11 18:30:39 - liuchenxi - /version/add?gameid=10000
2015-06-11 18:30:46 - liuchenxi - /version/add?gameid=10000
2015-06-11 18:30:49 - liuchenxi - /version/lists?gameid=10000
2015-06-11 18:30:57 - liuchenxi - /make/make_all_article?gameid=10000&vid=4
2015-06-11 18:31:52 - liuchenxi - /make/make_all_article?gameid=10000&vid=4
2015-06-11 18:31:58 - liuchenxi - /make/make_all_article?gameid=10000&vid=4&source=1
2015-06-11 18:32:10 - liuchenxi - /make/make_all_article?gameid=10000&vid=4&source=2
2015-06-11 18:32:20 - liuchenxi - /make/make_all_article?gameid=10000&vid=4&source=3
2015-06-11 18:33:34 - liuchenxi - /make/make_all_article?gameid=10000&vid=4&source=3
2015-06-11 18:33:38 - liuchenxi - /make/make_all_article?gameid=10000&vid=4&source=2
2015-06-11 18:33:43 - liuchenxi - /make/make_all_article?gameid=10000&vid=4&source=1
2015-06-11 18:34:02 - liuchenxi - /make/make_all_article?gameid=10000&vid=4&source=1
2015-06-11 18:38:13 - liuchenxi - /make/make_all_article?gameid=10000&vid=4&source=1
2015-06-11 18:38:21 - liuchenxi - /make/make_all_article?gameid=10000&vid=4&source=1
2015-06-11 18:52:31 - liuchenxi - /make/make_all_article?gameid=10000&vid=4&source=1
2015-06-11 18:53:14 - liuchenxi - /make/make_all_article?gameid=10000&vid=4&source=1
2015-06-11 18:53:47 - liuchenxi - /make/make_all_article?gameid=10000&vid=4&source=1
2015-06-11 18:53:54 - liuchenxi - /make/make_all_article?gameid=10000&vid=4&source=2
2015-06-11 18:54:00 - liuchenxi - /make/make_all_article?gameid=10000&vid=4
2015-06-11 18:54:11 - liuchenxi - /make/make_all_article?gameid=10000&vid=4
2015-06-11 18:54:23 - liuchenxi - /make/make_all_article?gameid=10000&vid=4&source=1
2015-06-11 18:55:05 - liuchenxi - /make/make_all_article?gameid=10000&vid=4
2015-06-11 18:55:51 - liuchenxi - /make/make_all_article?gameid=10000&vid=4
2015-06-11 18:55:58 - liuchenxi - /make/make_all_article?gameid=10000&vid=4
2015-06-11 19:00:47 - liuchenxi - /make/make_all_article?gameid=10000&vid=4
2015-06-11 19:01:27 - liuchenxi - /make/make_all_article?gameid=10000&vid=4
2015-06-11 19:01:28 - liuchenxi - /make/make_all_article?gameid=10000&vid=4
2015-06-11 19:01:43 - liuchenxi - /make/make_all_article?gameid=10000&vid=4
2015-06-11 19:02:04 - liuchenxi - /make/make_all_article?gameid=10000&vid=4
2015-06-11 19:02:22 - liuchenxi - /make/make_all_article?gameid=10000&vid=4
2015-06-11 19:02:32 - liuchenxi - /version/lists?gameid=10000
2015-06-11 19:02:44 - liuchenxi - /template/lists?vid=4&gameid=10000
2015-06-11 19:03:31 - liuchenxi - /template/lists?vid=4&gameid=10000
2015-06-11 19:03:42 - liuchenxi - /template/edit?id=7&vid=4&gameid=10000
2015-06-11 19:04:45 - liuchenxi - /template/edit?id=7&vid=4&gameid=10000
2015-06-11 19:04:48 - liuchenxi - /template/lists?gameid=10000&vid=4
2015-06-11 19:04:49 - liuchenxi - /make/make_all_article?gameid=10000&vid=4
2015-06-11 19:04:54 - liuchenxi - /make/make_all_article?gameid=10000&vid=4&source=1
2015-06-11 19:05:17 - liuchenxi - /make/make_all_article?gameid=10000&vid=4
2015-06-11 19:05:40 - liuchenxi - /make/make_all_article?gameid=10000&vid=4&source=2
2015-06-11 19:05:42 - liuchenxi - /make/make_all_article?gameid=10000&vid=4&source=2
2015-06-11 19:05:48 - liuchenxi - /make/make_all_article?gameid=10000&vid=4&source=1
2015-06-11 19:05:54 - liuchenxi - /make/make_all_article?gameid=10000&vid=4&source=1
2015-06-11 19:06:13 - liuchenxi - /make/make_all_article?gameid=10000&vid=4&source=2
2015-06-11 19:07:06 - liuchenxi - /make/make_all_article?gameid=10000&vid=4
2015-06-11 19:07:27 - liuchenxi - /make/make_all_article?gameid=10000&vid=4
2015-06-11 19:10:36 - liuchenxi - /make/make_all_article?gameid=10000&vid=4
2015-06-11 19:14:03 - liuchenxi - /make/make_all_article?gameid=10000&vid=4
2015-06-11 19:14:12 - liuchenxi - /version/edit?id=4&gameid=10000
2015-06-11 19:14:18 - liuchenxi - /template/lists?vid=4&gameid=10000
2015-06-11 19:14:21 - liuchenxi - /template/edit?id=7&vid=4&gameid=10000
2015-06-11 19:15:00 - liuchenxi - /template/edit?id=7&vid=4&gameid=10000
2015-06-11 19:15:03 - liuchenxi - /template/lists?gameid=10000&vid=4
2015-06-11 19:15:08 - liuchenxi - /make/make_all_article?gameid=10000&vid=4
2015-06-11 19:15:27 - liuchenxi - /make/make_all_article?gameid=10000&vid=4&source=2
2015-06-11 22:58:54 - liuchenxi - /home
2015-06-11 22:59:00 - liuchenxi - /game/gamelist
2015-06-11 22:59:02 - liuchenxi - /version/lists?gameid=10000
2015-06-11 23:09:28 - liuchenxi - /template/lists?vid=4&gameid=10000
2015-06-11 23:09:31 - liuchenxi - /make/make_all_article?gameid=10000&vid=4
2015-06-11 23:10:00 - liuchenxi - /template/edit?id=7&vid=4&gameid=10000
2015-06-11 23:10:04 - liuchenxi - /template/edit?id=7&vid=4&gameid=10000
2015-06-11 23:10:07 - liuchenxi - /template/lists?gameid=10000&vid=4
2015-06-11 23:11:16 - liuchenxi - /template/edit?id=7&vid=4&gameid=10000
2015-06-11 23:11:19 - liuchenxi - /template/edit?id=7&vid=4&gameid=10000
2015-06-11 23:11:22 - liuchenxi - /template/lists?gameid=10000&vid=4
2015-06-11 23:11:36 - liuchenxi - /make/make_all_article?gameid=10000&vid=4
2015-06-11 23:13:15 - liuchenxi - /make/make_all_article?gameid=10000&vid=4
2015-06-11 23:29:55 - liuchenxi - /article/articlelist?gameid=10000
