2015-06-09 11:18:24 - liuchenxi - /home
2015-06-09 11:18:27 - liuchenxi - /game/gamelist
2015-06-09 15:17:56 - liuchenxi - /home
2015-06-09 15:19:01 - liuchenxi - /game/gamelist
2015-06-09 15:19:10 - liuchenxi - /article/articlelist?gameid=10002
2015-06-09 15:19:12 - liuchenxi - /card/qzgs_list
2015-06-09 15:19:14 - liuchenxi - /card/qzgs_edit?id=1
2015-06-09 15:19:15 - liuchenxi - /type/get_childtype_by_ajax?callback=jQuery110208452547784731889_1433834336238&_=1433834336239
2015-06-09 15:19:39 - liuchenxi - /card/qzgs_edit?id=1
2015-06-09 15:19:41 - liuchenxi - /card/qzgs_list
2015-06-09 15:44:27 - liuchenxi - /card/qzgs_edit?id=1
2015-06-09 15:44:27 - liuchenxi - /type/get_childtype_by_ajax?callback=jQuery110201884781855757025_1433835849184&_=1433835849185
2015-06-09 15:44:41 - liuchenxi - /card/qzgs_edit?id=1
2015-06-09 15:44:43 - liuchenxi - /card/qzgs_list
2015-06-09 17:41:28 - liuchenxi - /game/gamelist
2015-06-09 17:41:31 - liuchenxi - /version/list?gameid=10001
2015-06-09 17:41:42 - liuchenxi - /game/gamelist
2015-06-09 17:41:45 - liuchenxi - /version/lists?gameid=10001
2015-06-09 17:42:11 - liuchenxi - /version/lists?gameid=10001
2015-06-09 17:42:13 - liuchenxi - /version/add
2015-06-09 17:42:50 - liuchenxi - /version/lists?gameid=10001
2015-06-09 17:42:54 - liuchenxi - /version/add
2015-06-09 17:43:14 - liuchenxi - /version/lists?gameid=10001
2015-06-09 17:43:17 - liuchenxi - /version/add
2015-06-09 17:43:22 - liuchenxi - /version/lists?gameid=10001
2015-06-09 17:43:43 - liuchenxi - /version/lists?gameid=10001
2015-06-09 17:43:46 - liuchenxi - /version/add?gameid=10001
2015-06-09 17:44:00 - liuchenxi - /version/add?gameid=10001
2015-06-09 17:44:02 - liuchenxi - /version/lists?gameid=10001
2015-06-09 17:44:04 - liuchenxi - /version/add?gameid=10001
2015-06-09 17:44:25 - liuchenxi - /version/add?gameid=10001
2015-06-09 17:47:00 - liuchenxi - /version/add?gameid=10001
2015-06-09 17:48:30 - liuchenxi - /version/add?gameid=10001
2015-06-09 17:48:40 - liuchenxi - /version/add?gameid=10001
2015-06-09 17:48:42 - liuchenxi - /version/lists?gameid=10001
2015-06-09 17:48:45 - liuchenxi - /version/lists?gameid=10001
2015-06-09 17:50:07 - liuchenxi - /version/lists?gameid=10001
2015-06-09 17:50:25 - liuchenxi - /version/lists?gameid=10001
2015-06-09 17:50:34 - liuchenxi - /version/edit?id=1&gameid=10001
2015-06-09 17:50:38 - liuchenxi - /version/edit?gameid=10001
2015-06-09 17:51:01 - liuchenxi - /version/lists?gameid=10001
2015-06-09 17:51:03 - liuchenxi - /version/edit?id=1&gameid=10001
2015-06-09 17:52:19 - liuchenxi - /version/edit?id=1&gameid=10001
2015-06-09 17:53:00 - liuchenxi - /version/edit?id=1&gameid=10001
2015-06-09 17:53:08 - liuchenxi - /version/edit?id=1&gameid=10001
2015-06-09 17:53:11 - liuchenxi - /version/edit?id=1&gameid=10001
2015-06-09 17:53:13 - liuchenxi - /version/lists?gameid=10001
2015-06-09 17:53:36 - liuchenxi - /version/lists?gameid=10001
2015-06-09 17:53:40 - liuchenxi - /version/edit?id=2&gameid=10001
2015-06-09 17:53:43 - liuchenxi - /version/edit?id=2&gameid=10001
2015-06-09 17:53:45 - liuchenxi - /version/lists?gameid=10001
2015-06-09 17:53:47 - liuchenxi - /version/edit?id=1&gameid=10001
2015-06-09 17:53:53 - liuchenxi - /version/edit?id=1&gameid=10001
2015-06-09 17:53:56 - liuchenxi - /version/lists?gameid=10001
2015-06-09 17:54:20 - liuchenxi - /version/edit?id=1&gameid=10001
2015-06-09 17:54:23 - liuchenxi - /version/edit?id=1&gameid=10001
2015-06-09 17:54:25 - liuchenxi - /version/lists?gameid=10001
2015-06-09 17:54:35 - liuchenxi - /version/edit?id=2&gameid=10001
2015-06-09 17:54:38 - liuchenxi - /version/lists?gameid=10001
2015-06-09 17:55:26 - liuchenxi - /version/del?id=3&gameid=10001
2015-06-09 17:55:28 - liuchenxi - /version/lists?gameid=10001
2015-06-09 17:55:32 - liuchenxi - /version/edit?id=3&gameid=10001
2015-06-09 17:55:35 - liuchenxi - /version/edit?id=3&gameid=10001
2015-06-09 17:55:38 - liuchenxi - /version/lists?gameid=10001
2015-06-09 18:06:53 - liuchenxi - /game/gamelist
2015-06-09 18:10:20 - jiangbing - /home
2015-06-09 18:10:25 - jiangbing - /game/gamelist
2015-06-09 18:10:28 - jiangbing - /game/editgame?id=10008
2015-06-09 18:10:31 - jiangbing - /type/typelist
2015-06-09 18:10:34 - jiangbing - /game/gamelist
2015-06-09 18:10:37 - jiangbing - /article/articlelist?gameid=10008
2015-06-09 18:10:40 - jiangbing - /makeshtml/makealllist?gameid=10008
2015-06-09 18:10:42 - jiangbing - /article/articlelist?gameid=10008
2015-06-09 18:10:45 - jiangbing - /makeshtml/makealllist?gameid=10008
2015-06-09 18:10:47 - jiangbing - /article/articlelist?gameid=10008
2015-06-09 18:11:46 - jiangbing - /makeshtml/makealllist?gameid=10008
2015-06-09 18:11:49 - jiangbing - /article/articlelist?gameid=10008
2015-06-09 18:13:47 - jiangbing - /makeshtml/makealllist?gameid=10008
2015-06-09 18:13:50 - jiangbing - /article/articlelist?gameid=10008
2015-06-09 18:14:41 - jiangbing - /makeshtml/makealllist?gameid=10008
2015-06-09 18:14:44 - jiangbing - /article/articlelist?gameid=10008
2015-06-09 18:14:58 - jiangbing - /article/articlelist?gameid=10008
