2015-05-28 09:56:26 - liuchenxi - /home
2015-05-28 10:01:58 - liuchenxi - /home
2015-05-28 10:04:06 - liuchenxi - /home
2015-05-28 12:14:26 - liuchenxi - /home
2015-05-28 12:14:28 - liuchenxi - /user/lists
2015-05-28 12:14:30 - liuchenxi - /menu/lists
2015-05-28 12:14:32 - liuchenxi - /game/gamelist
2015-05-28 14:13:49 - liuchenxi - /article/articlelist?gameid=10001
2015-05-28 14:14:11 - liuchenxi - /game/editgame?id=10001
2015-05-28 14:15:15 - liuchenxi - /article/articlelist?gameid=10003
2015-05-28 16:38:45 - mouzhiqiang - /home
2015-05-28 16:38:54 - mouzhiqiang - /
2015-05-28 16:38:56 - mouzhiqiang - /
2015-05-28 16:39:21 - mouzhiqiang - /
2015-05-28 16:40:49 - mouzhiqiang - /
2015-05-28 16:44:05 - liuchenxi - /home
2015-05-28 16:44:11 - liuchenxi - /game/gamelist
2015-05-28 16:44:18 - liuchenxi - /user/lists
2015-05-28 16:44:22 - liuchenxi - /rights/distribute?userid=13
2015-05-28 16:44:46 - liuchenxi - /rights/distribute?userid=13
2015-05-28 16:44:49 - liuchenxi - /user/lists
2015-05-28 16:44:52 - liuchenxi - /menu/distribute?userid=13
2015-05-28 16:44:56 - liuchenxi - /menu/distribute?userid=13
2015-05-28 16:44:59 - liuchenxi - /user/lists
2015-05-28 16:47:01 - liuchenxi - /count/lists
2015-05-28 16:47:09 - liuchenxi - /count/lists
2015-05-28 16:58:23 - liuchenxi - /game/gamelist
2015-05-28 16:58:28 - liuchenxi - /article/articlelist?gameid=10001
2015-05-28 16:58:32 - liuchenxi - /count/lists?gameid=10001
2015-05-28 17:02:19 - liuchenxi - /count/lists?gameid=10001
2015-05-28 17:02:45 - liuchenxi - /count/lists?gameid=10001
2015-05-28 17:02:47 - liuchenxi - /count/lists?gameid=10001
2015-05-28 17:02:52 - liuchenxi - /count/lists?gameid=10001
2015-05-28 17:02:53 - liuchenxi - /count/lists?gameid=10001
2015-05-28 17:06:37 - liuchenxi - /count/lists?gameid=10001
2015-05-28 17:31:38 - mouzhiqiang - /
2015-05-28 17:31:44 - mouzhiqiang - /game/gamelist
2015-05-28 17:31:51 - mouzhiqiang - /article/articlelist?gameid=10007
2015-05-28 17:31:55 - mouzhiqiang - /article/editarticle?id=241&gameid=10007
2015-05-28 17:36:12 - liuchenxi - /count/lists?gameid=10001
