2015-05-31 17:20:57 - panyiliang - /home
2015-05-31 17:21:10 - panyiliang - /game/gamelist
2015-05-31 17:21:19 - panyiliang - /article/articlelist?gameid=10008
2015-05-31 17:28:50 - panyiliang - /article/addarticle?gameid=10008
2015-05-31 17:28:51 - panyiliang - /type/get_childtype_by_ajax?callback=jQuery110202227586396586354_1433064530307&typeid=&_=1433064530308
2015-05-31 17:32:17 - panyiliang - /type/get_childtype_by_ajax?callback=jQuery110202227586396586354_1433064530307&typeid=2&_=1433064530309
2015-05-31 17:35:43 - panyiliang - /article/addarticle?gameid=10008
2015-05-31 17:35:45 - panyiliang - /article/articlelist?gameid=10008
2015-05-31 17:36:17 - panyiliang - /makeshtml/makearticle?id=257&gameid=10008
2015-05-31 17:36:19 - panyiliang - /article/articlelist?gameid=10008
2015-05-31 17:36:22 - panyiliang - /article/articlelist?gameid=10008
2015-05-31 17:38:57 - panyiliang - /article/addarticle?gameid=10008
2015-05-31 17:38:57 - panyiliang - /type/get_childtype_by_ajax?callback=jQuery1102026573592103638954_1433065137092&typeid=&_=1433065137093
2015-05-31 17:39:19 - panyiliang - /type/get_childtype_by_ajax?callback=jQuery1102026573592103638954_1433065137092&typeid=2&_=1433065137094
2015-05-31 17:54:12 - panyiliang - /article/addarticle?gameid=10008
2015-05-31 17:54:15 - panyiliang - /article/articlelist?gameid=10008
2015-05-31 17:54:44 - panyiliang - /article/addarticle?gameid=10008
2015-05-31 17:54:44 - panyiliang - /type/get_childtype_by_ajax?callback=jQuery110207894331106437793_1433066083854&typeid=&_=1433066083855
2015-05-31 17:54:48 - panyiliang - /type/get_childtype_by_ajax?callback=jQuery110207894331106437793_1433066083854&typeid=2&_=1433066083856
2015-05-31 18:00:22 - panyiliang - /article/addarticle?gameid=10008
2015-05-31 18:00:25 - panyiliang - /article/articlelist?gameid=10008
2015-05-31 18:03:31 - panyiliang - /article/addarticle?gameid=10008
2015-05-31 18:03:31 - panyiliang - /type/get_childtype_by_ajax?callback=jQuery110206777982056223641_1433066610676&typeid=&_=1433066610677
2015-05-31 18:04:06 - panyiliang - /type/get_childtype_by_ajax?callback=jQuery110206777982056223641_1433066610676&typeid=2&_=1433066610678
2015-05-31 18:11:56 - panyiliang - /article/addarticle?gameid=10008
2015-05-31 18:11:58 - panyiliang - /article/articlelist?gameid=10008
2015-05-31 18:12:15 - panyiliang - /article/addarticle?gameid=10008
2015-05-31 18:12:16 - panyiliang - /type/get_childtype_by_ajax?callback=jQuery1102038366198925515604_1433067135433&typeid=&_=1433067135434
2015-05-31 18:12:19 - panyiliang - /type/get_childtype_by_ajax?callback=jQuery1102038366198925515604_1433067135433&typeid=2&_=1433067135435
2015-05-31 18:16:01 - panyiliang - /article/addarticle?gameid=10008
2015-05-31 18:16:04 - panyiliang - /article/articlelist?gameid=10008
2015-05-31 18:18:20 - panyiliang - /article/addarticle?gameid=10008
2015-05-31 18:18:20 - panyiliang - /type/get_childtype_by_ajax?callback=jQuery1102009372111324317905_1433067499835&typeid=&_=1433067499836
2015-05-31 18:18:23 - panyiliang - /type/get_childtype_by_ajax?callback=jQuery1102009372111324317905_1433067499835&typeid=4&_=1433067499837
2015-05-31 18:25:02 - panyiliang - /article/addarticle?gameid=10008
2015-05-31 18:25:05 - panyiliang - /article/articlelist?gameid=10008
2015-05-31 18:26:21 - panyiliang - /article/addarticle?gameid=10008
2015-05-31 18:26:22 - panyiliang - /type/get_childtype_by_ajax?callback=jQuery1102010501087814489013_1433067981525&typeid=&_=1433067981526
2015-05-31 18:26:24 - panyiliang - /type/get_childtype_by_ajax?callback=jQuery1102010501087814489013_1433067981525&typeid=1&_=1433067981527
2015-05-31 18:27:16 - panyiliang - /article/addarticle?gameid=10008
2015-05-31 18:27:18 - panyiliang - /article/articlelist?gameid=10008
2015-05-31 18:29:46 - panyiliang - /makeshtml/makeallacticle?gameid=10008
2015-05-31 18:29:48 - panyiliang - /article/articlelist?gameid=10008
