2015-06-06 16:50:55 - mouzhiqiang - /home
2015-06-06 16:51:01 - mouzhiqiang - /type/typelist
2015-06-06 16:51:04 - mouzhiqiang - /game/gamelist
2015-06-06 16:51:06 - mouzhiqiang - /type/typelist
2015-06-06 16:51:10 - mouzhiqiang - /game/gamelist
2015-06-06 16:51:15 - mouzhiqiang - /article/articlelist?gameid=10007
2015-06-06 16:51:21 - mouzhiqiang - /article/delarticle?id=239&gameid=10007
2015-06-06 16:51:23 - mouzhiqiang - /article/articlelist?gameid=10007
2015-06-06 16:51:26 - mouzhiqiang - /article/delarticle?id=238&gameid=10007
2015-06-06 16:51:28 - mouzhiqiang - /article/articlelist?gameid=10007
2015-06-06 16:51:31 - mouzhiqiang - /article/delarticle?id=237&gameid=10007
2015-06-06 16:51:33 - mouzhiqiang - /article/articlelist?gameid=10007
2015-06-06 16:51:37 - mouzhiqiang - /article/addarticle?gameid=10007
2015-06-06 16:51:38 - mouzhiqiang - /type/get_childtype_by_ajax?callback=jQuery110208065117755904794_1433580704303&typeid=&_=1433580704304
2015-06-06 16:52:27 - mouzhiqiang - /article/addarticle?gameid=10007
2015-06-06 16:52:29 - mouzhiqiang - /article/addarticle?gameid=10007
2015-06-06 16:52:29 - mouzhiqiang - /type/get_childtype_by_ajax?callback=jQuery110209040199269074947_1433580756620&typeid=&_=1433580756621
2015-06-06 16:53:27 - mouzhiqiang - /article/addarticle?gameid=10007
2015-06-06 16:53:29 - mouzhiqiang - /article/addarticle?gameid=10007
2015-06-06 16:53:29 - mouzhiqiang - /type/get_childtype_by_ajax?callback=jQuery110202839357517659664_1433580816522&typeid=&_=1433580816523
2015-06-06 16:53:33 - mouzhiqiang - /type/get_childtype_by_ajax?callback=jQuery110202839357517659664_1433580816522&typeid=6&_=1433580816524
2015-06-06 16:53:48 - mouzhiqiang - /type/get_childtype_by_ajax?callback=jQuery110202839357517659664_1433580816522&typeid=7&_=1433580816525
2015-06-06 16:53:53 - mouzhiqiang - /type/get_childtype_by_ajax?callback=jQuery110202839357517659664_1433580816522&typeid=6&_=1433580816526
2015-06-06 16:54:09 - mouzhiqiang - /type/get_childtype_by_ajax?callback=jQuery110202839357517659664_1433580816522&typeid=7&_=1433580816527
2015-06-06 16:54:27 - mouzhiqiang - /article/addarticle?gameid=10007
2015-06-06 16:54:29 - mouzhiqiang - /article/articlelist?gameid=10007
2015-06-06 16:54:55 - mouzhiqiang - /article/editarticle?id=282&gameid=10007
2015-06-06 16:54:58 - mouzhiqiang - /type/get_childtype_by_ajax?callback=jQuery1102007372674788348377_1433580902625&typeid=7&_=1433580902626
2015-06-06 16:55:04 - mouzhiqiang - /article/editarticle?gameid=10007&id=282
2015-06-06 16:55:07 - mouzhiqiang - /article/articlelist?gameid=10007
2015-06-06 16:55:24 - mouzhiqiang - /article/editarticle?id=283&gameid=10007
2015-06-06 16:55:26 - mouzhiqiang - /type/get_childtype_by_ajax?callback=jQuery110208899392164312303_1433580931644&typeid=7&_=1433580931645
2015-06-06 16:55:28 - mouzhiqiang - /article/editarticle?gameid=10007&id=283
2015-06-06 16:55:31 - mouzhiqiang - /article/articlelist?gameid=10007
2015-06-06 16:55:34 - mouzhiqiang - /article/editarticle?id=240&gameid=10007
2015-06-06 16:55:36 - mouzhiqiang - /type/get_childtype_by_ajax?callback=jQuery110208673490134533495_1433580941270&typeid=7&_=1433580941271
2015-06-06 16:55:38 - mouzhiqiang - /article/editarticle?gameid=10007&id=240
2015-06-06 16:55:41 - mouzhiqiang - /article/articlelist?gameid=10007
2015-06-06 16:55:45 - mouzhiqiang - /article/addarticle?gameid=10007
2015-06-06 16:55:46 - mouzhiqiang - /type/get_childtype_by_ajax?callback=jQuery110205592812818940729_1433580952813&typeid=&_=1433580952814
2015-06-06 16:56:33 - mouzhiqiang - /article/articlelist?gameid=10007
2015-06-06 16:56:36 - mouzhiqiang - /article/addarticle?gameid=10007
2015-06-06 16:56:36 - mouzhiqiang - /type/get_childtype_by_ajax?callback=jQuery110203990388633683324_1433581003030&typeid=&_=1433581003031
2015-06-06 16:56:38 - mouzhiqiang - /type/get_childtype_by_ajax?callback=jQuery110203990388633683324_1433581003030&typeid=7&_=1433581003032
2015-06-06 16:57:25 - mouzhiqiang - /article/addarticle?gameid=10007
2015-06-06 16:57:27 - mouzhiqiang - /article/articlelist?gameid=10007
2015-06-06 16:59:08 - mouzhiqiang - /article/addarticle?gameid=10007
2015-06-06 16:59:08 - mouzhiqiang - /type/get_childtype_by_ajax?callback=jQuery110200773032910656184_1433581155225&typeid=&_=1433581155226
2015-06-06 17:01:06 - mouzhiqiang - /type/get_childtype_by_ajax?callback=jQuery110200773032910656184_1433581155225&typeid=7&_=1433581155227
2015-06-06 17:02:07 - mouzhiqiang - /article/addarticle?gameid=10007
2015-06-06 17:02:10 - mouzhiqiang - /article/addarticle?gameid=10007
2015-06-06 17:02:10 - mouzhiqiang - /type/get_childtype_by_ajax?callback=jQuery1102028704194724559784_1433581337046&typeid=&_=1433581337047
2015-06-06 17:02:13 - mouzhiqiang - /type/get_childtype_by_ajax?callback=jQuery1102028704194724559784_1433581337046&typeid=7&_=1433581337048
2015-06-06 17:03:12 - mouzhiqiang - /article/addarticle?gameid=10007
2015-06-06 17:03:14 - mouzhiqiang - /article/articlelist?gameid=10007
2015-06-06 17:03:57 - mouzhiqiang - /article/addarticle?gameid=10007
2015-06-06 17:03:58 - mouzhiqiang - /type/get_childtype_by_ajax?callback=jQuery110203098895193543285_1433581444847&typeid=&_=1433581444848
2015-06-06 17:04:12 - mouzhiqiang - /type/get_childtype_by_ajax?callback=jQuery110203098895193543285_1433581444847&typeid=7&_=1433581444849
2015-06-06 17:05:20 - mouzhiqiang - /article/addarticle?gameid=10007
2015-06-06 17:05:23 - mouzhiqiang - /article/articlelist?gameid=10007
2015-06-06 17:06:16 - mouzhiqiang - /article/editarticle?id=283&gameid=10007
2015-06-06 17:06:24 - mouzhiqiang - /article/editarticle?gameid=10007&id=283
2015-06-06 17:06:26 - mouzhiqiang - /article/articlelist?gameid=10007
2015-06-06 17:06:29 - mouzhiqiang - /article/editarticle?id=240&gameid=10007
2015-06-06 17:06:37 - mouzhiqiang - /article/editarticle?gameid=10007&id=240
2015-06-06 17:06:39 - mouzhiqiang - /article/articlelist?gameid=10007
2015-06-06 17:06:46 - mouzhiqiang - /article/editarticle?id=292&gameid=10007
2015-06-06 17:06:53 - mouzhiqiang - /article/editarticle?gameid=10007&id=292
2015-06-06 17:06:55 - mouzhiqiang - /article/articlelist?gameid=10007
2015-06-06 17:06:58 - mouzhiqiang - /article/editarticle?id=291&gameid=10007
2015-06-06 17:07:05 - mouzhiqiang - /article/editarticle?gameid=10007&id=291
2015-06-06 17:07:07 - mouzhiqiang - /article/articlelist?gameid=10007
2015-06-06 17:07:15 - mouzhiqiang - /article/addarticle?gameid=10007
2015-06-06 17:07:15 - mouzhiqiang - /type/get_childtype_by_ajax?callback=jQuery110207278661439195275_1433581641898&typeid=&_=1433581641899
2015-06-06 17:07:39 - mouzhiqiang - /type/get_childtype_by_ajax?callback=jQuery110207278661439195275_1433581641898&typeid=7&_=1433581641900
2015-06-06 17:09:02 - mouzhiqiang - /article/addarticle?gameid=10007
2015-06-06 17:09:05 - mouzhiqiang - /article/articlelist?gameid=10007
2015-06-06 17:09:15 - mouzhiqiang - /article/addarticle?gameid=10007
2015-06-06 17:09:16 - mouzhiqiang - /type/get_childtype_by_ajax?callback=jQuery1102036028910032473505_1433581762659&typeid=&_=1433581762660
2015-06-06 17:09:20 - mouzhiqiang - /type/get_childtype_by_ajax?callback=jQuery1102036028910032473505_1433581762659&typeid=7&_=1433581762661
2015-06-06 17:09:55 - mouzhiqiang - /article/addarticle?gameid=10007
2015-06-06 17:09:57 - mouzhiqiang - /article/articlelist?gameid=10007
2015-06-06 17:29:36 - mouzhiqiang - /article/addarticle?gameid=10007
2015-06-06 17:29:37 - mouzhiqiang - /type/get_childtype_by_ajax?callback=jQuery110202345015974715352_1433582983589&typeid=&_=1433582983590
2015-06-06 17:29:39 - mouzhiqiang - /type/get_childtype_by_ajax?callback=jQuery110202345015974715352_1433582983589&typeid=6&_=1433582983591
2015-06-06 17:31:11 - mouzhiqiang - /article/addarticle?gameid=10007
2015-06-06 17:31:13 - mouzhiqiang - /article/articlelist?gameid=10007
2015-06-06 17:31:17 - mouzhiqiang - /article/addarticle?gameid=10007
2015-06-06 17:31:17 - mouzhiqiang - /type/get_childtype_by_ajax?callback=jQuery110207299917147029191_1433583084098&typeid=&_=1433583084099
2015-06-06 17:31:20 - mouzhiqiang - /type/get_childtype_by_ajax?callback=jQuery110207299917147029191_1433583084098&typeid=6&_=1433583084100
2015-06-06 17:32:27 - mouzhiqiang - /article/addarticle?gameid=10007
2015-06-06 17:32:29 - mouzhiqiang - /article/articlelist?gameid=10007
2015-06-06 17:32:33 - mouzhiqiang - /article/addarticle?gameid=10007
2015-06-06 17:32:33 - mouzhiqiang - /type/get_childtype_by_ajax?callback=jQuery11020892338988604024_1433583160517&typeid=&_=1433583160518
2015-06-06 17:36:19 - mouzhiqiang - /type/get_childtype_by_ajax?callback=jQuery11020892338988604024_1433583160517&typeid=6&_=1433583160519
2015-06-06 17:37:02 - mouzhiqiang - /article/addarticle?gameid=10007
2015-06-06 17:37:04 - mouzhiqiang - /article/articlelist?gameid=10007
2015-06-06 17:37:08 - mouzhiqiang - /article/addarticle?gameid=10007
2015-06-06 17:37:08 - mouzhiqiang - /type/get_childtype_by_ajax?callback=jQuery1102025824533379636705_1433583435184&typeid=&_=1433583435185
2015-06-06 17:37:11 - mouzhiqiang - /type/get_childtype_by_ajax?callback=jQuery1102025824533379636705_1433583435184&typeid=6&_=1433583435186
2015-06-06 17:39:12 - mouzhiqiang - /article/addarticle?gameid=10007
2015-06-06 17:39:14 - mouzhiqiang - /article/articlelist?gameid=10007
2015-06-06 17:39:16 - mouzhiqiang - /article/addarticle?gameid=10007
2015-06-06 17:39:18 - mouzhiqiang - /type/get_childtype_by_ajax?callback=jQuery1102024602814088575542_1433583564043&typeid=&_=1433583564044
2015-06-06 17:39:35 - mouzhiqiang - /type/get_childtype_by_ajax?callback=jQuery1102024602814088575542_1433583564043&typeid=6&_=1433583564045
2015-06-06 17:40:48 - mouzhiqiang - /article/addarticle?gameid=10007
2015-06-06 17:40:50 - mouzhiqiang - /article/articlelist?gameid=10007
2015-06-06 17:41:33 - mouzhiqiang - /article/addarticle?gameid=10007
2015-06-06 17:41:34 - mouzhiqiang - /type/get_childtype_by_ajax?callback=jQuery110208306767775211483_1433583700563&typeid=&_=1433583700564
2015-06-06 17:48:50 - mouzhiqiang - /article/addarticle?gameid=10007
2015-06-06 17:48:53 - mouzhiqiang - /article/addarticle?gameid=10007
2015-06-06 17:48:53 - mouzhiqiang - /type/get_childtype_by_ajax?callback=jQuery11020465173207456246_1433584139948&typeid=&_=1433584139949
2015-06-06 17:49:18 - mouzhiqiang - /type/get_childtype_by_ajax?callback=jQuery11020465173207456246_1433584139948&typeid=6&_=1433584139950
2015-06-06 18:03:00 - mouzhiqiang - /article/addarticle?gameid=10007
2015-06-06 18:03:02 - mouzhiqiang - /article/articlelist?gameid=10007
2015-06-06 18:04:07 - mouzhiqiang - /article/addarticle?gameid=10007
2015-06-06 18:04:08 - mouzhiqiang - /type/get_childtype_by_ajax?callback=jQuery110208967391266487539_1433585054701&typeid=&_=1433585054702
2015-06-06 18:04:11 - mouzhiqiang - /type/get_childtype_by_ajax?callback=jQuery110208967391266487539_1433585054701&typeid=6&_=1433585054703
2015-06-06 18:05:55 - mouzhiqiang - /article/addarticle?gameid=10007
2015-06-06 18:05:58 - mouzhiqiang - /article/articlelist?gameid=10007
2015-06-06 18:06:05 - mouzhiqiang - /article/addarticle?gameid=10007
2015-06-06 18:06:06 - mouzhiqiang - /type/get_childtype_by_ajax?callback=jQuery1102008299601823091507_1433585172704&typeid=&_=1433585172705
2015-06-06 18:08:03 - mouzhiqiang - /article/addarticle?gameid=10007
2015-06-06 18:08:13 - mouzhiqiang - /article/addarticle?gameid=10007
2015-06-06 18:08:13 - mouzhiqiang - /type/get_childtype_by_ajax?callback=jQuery110207188769755885005_1433585300039&typeid=&_=1433585300040
2015-06-06 18:08:15 - mouzhiqiang - /type/get_childtype_by_ajax?callback=jQuery110207188769755885005_1433585300039&typeid=6&_=1433585300041
2015-06-06 18:10:32 - mouzhiqiang - /article/addarticle?gameid=10007
2015-06-06 18:10:34 - mouzhiqiang - /article/articlelist?gameid=10007
2015-06-06 18:10:46 - mouzhiqiang - /article/articlelist?gameid=10007&type=&ctype=&submit=%E6%90%9C%E7%B4%A2
2015-06-06 19:33:45 - mouzhiqiang - /article/addarticle?gameid=10007
2015-06-06 19:33:46 - mouzhiqiang - /type/get_childtype_by_ajax?callback=jQuery1102024782946752384305_1433590432687&typeid=&_=1433590432688
2015-06-06 19:35:21 - mouzhiqiang - /article/addarticle?gameid=10007
2015-06-06 19:35:23 - mouzhiqiang - /article/addarticle?gameid=10007
2015-06-06 19:35:33 - mouzhiqiang - /type/get_childtype_by_ajax?callback=jQuery110206608024751767516_1433590532440&typeid=&_=1433590532441
2015-06-06 19:38:13 - mouzhiqiang - /type/get_childtype_by_ajax?callback=jQuery110206608024751767516_1433590532440&typeid=4&_=1433590532442
2015-06-06 19:38:16 - mouzhiqiang - /type/get_childtype_by_ajax?callback=jQuery110206608024751767516_1433590532440&typeid=6&_=1433590532443
2015-06-06 19:39:56 - mouzhiqiang - /article/addarticle?gameid=10007
2015-06-06 19:39:58 - mouzhiqiang - /article/articlelist?gameid=10007
2015-06-06 19:40:02 - mouzhiqiang - /article/addarticle?gameid=10007
2015-06-06 19:40:03 - mouzhiqiang - /type/get_childtype_by_ajax?callback=jQuery1102004977329354733229_1433590809766&typeid=&_=1433590809767
2015-06-06 19:40:55 - mouzhiqiang - /type/get_childtype_by_ajax?callback=jQuery1102004977329354733229_1433590809766&typeid=6&_=1433590809768
2015-06-06 19:41:40 - mouzhiqiang - /article/addarticle?gameid=10007
2015-06-06 19:41:42 - mouzhiqiang - /article/articlelist?gameid=10007
2015-06-06 19:42:05 - mouzhiqiang - /article/addarticle?gameid=10007
2015-06-06 19:42:05 - mouzhiqiang - /type/get_childtype_by_ajax?callback=jQuery110205180087953340262_1433590932155&typeid=&_=1433590932156
2015-06-06 19:42:58 - mouzhiqiang - /type/get_childtype_by_ajax?callback=jQuery110205180087953340262_1433590932155&typeid=6&_=1433590932157
2015-06-06 19:44:29 - mouzhiqiang - /article/addarticle?gameid=10007
2015-06-06 19:44:32 - mouzhiqiang - /article/articlelist?gameid=10007
2015-06-06 19:44:41 - mouzhiqiang - /makeshtml/makealllist?gameid=10007
2015-06-06 19:44:43 - mouzhiqiang - /article/articlelist?gameid=10007
2015-06-06 19:44:46 - mouzhiqiang - /makeshtml/makeallacticle?gameid=10007
2015-06-06 19:44:50 - mouzhiqiang - /article/articlelist?gameid=10007
2015-06-06 19:44:52 - mouzhiqiang - /makeshtml/makeallacticle?gameid=10007
2015-06-06 19:44:56 - mouzhiqiang - /article/articlelist?gameid=10007
