2015-06-05 11:28:31 - liuchenxi - /home
2015-06-05 13:52:23 - panyiliang - /home
2015-06-05 13:52:27 - panyiliang - /game/gamelist
2015-06-05 13:52:33 - panyiliang - /article/articlelist?gameid=10008
2015-06-05 14:19:47 - liuchenxi - /home
2015-06-05 14:19:48 - liuchenxi - /game/gamelist
2015-06-05 14:37:11 - liuchenxi - /article/articlelist?gameid=10001
2015-06-05 14:37:14 - liuchenxi - /makeshtml/makeallacticle?gameid=10001
2015-06-05 14:37:22 - liuchenxi - /article/articlelist?gameid=10001
2015-06-05 14:37:23 - liuchenxi - /makeshtml/makealllist?gameid=10001
2015-06-05 14:37:26 - liuchenxi - /article/articlelist?gameid=10001
2015-06-05 14:43:28 - yanxin - /home
2015-06-05 14:43:31 - yanxin - /game/gamelist
2015-06-05 14:43:32 - yanxin - /article/articlelist?gameid=10003
2015-06-05 14:43:35 - yanxin - /article/addarticle?gameid=10003
2015-06-05 14:45:48 - yanxin - /article/addarticle?gameid=10003
2015-06-05 14:46:27 - yanxin - /article/addarticle?gameid=10003
2015-06-05 14:46:30 - yanxin - /article/articlelist?gameid=10003
2015-06-05 14:46:46 - yanxin - /makeshtml/makearticle?id=287&gameid=10003
2015-06-05 14:46:49 - yanxin - /article/articlelist?gameid=10003
2015-06-05 14:46:52 - yanxin - /makeshtml/makealllist?gameid=10003
2015-06-05 14:46:54 - yanxin - /article/articlelist?gameid=10003
2015-06-05 14:53:41 - liujingning - /home
2015-06-05 14:53:44 - liujingning - /game/gamelist
2015-06-05 14:53:45 - liujingning - /article/articlelist?gameid=10001
2015-06-05 14:53:47 - liujingning - /article/addarticle?gameid=10001
2015-06-05 14:55:24 - liujingning - /article/addarticle?gameid=10001
2015-06-05 14:55:26 - liujingning - /article/articlelist?gameid=10001
2015-06-05 14:57:24 - liuchenxi - /game/gamelist
2015-06-05 14:57:26 - liuchenxi - /article/articlelist?gameid=10003
2015-06-05 14:57:29 - liuchenxi - /makeshtml/makeallacticle?gameid=10003
2015-06-05 14:57:43 - liuchenxi - /article/articlelist?gameid=10003
2015-06-05 14:57:44 - liujingning - /article/delarticle?id=288&gameid=10001
2015-06-05 14:57:46 - liujingning - /article/articlelist?gameid=10001
2015-06-05 14:57:48 - liujingning - /article/addarticle?gameid=10001
2015-06-05 14:57:52 - liuchenxi - /makeshtml/makealllist?gameid=10003
2015-06-05 14:57:54 - liuchenxi - /article/articlelist?gameid=10003
2015-06-05 14:59:23 - liujingning - /article/addarticle?gameid=10001
2015-06-05 14:59:26 - liujingning - /article/articlelist?gameid=10001
2015-06-05 15:04:26 - liujingning - /home
2015-06-05 15:04:31 - liujingning - /game/gamelist
2015-06-05 15:04:33 - liujingning - /article/articlelist?gameid=10001
2015-06-05 15:04:51 - liujingning - /makeshtml/makearticle?id=289&gameid=10001
2015-06-05 15:04:53 - liujingning - /article/articlelist?gameid=10001
2015-06-05 15:13:38 - liuchenxi - /makeshtml/makeallacticle?gameid=10003
2015-06-05 15:13:53 - liuchenxi - /article/articlelist?gameid=10003
2015-06-05 15:13:55 - liuchenxi - /makeshtml/makealllist?gameid=10003
2015-06-05 15:13:58 - liuchenxi - /article/articlelist?gameid=10003
2015-06-05 15:20:29 - liuchenxi - /game/gamelist
2015-06-05 18:25:31 - panyiliang - /home
2015-06-05 18:25:41 - panyiliang - /game/gamelist
2015-06-05 18:25:47 - panyiliang - /article/articlelist?gameid=10008
