2015-06-12 00:07:19 - liuchenxi - /article/articlelist?gameid=10000
2015-06-12 00:15:01 - liuchenxi - /article/editarticle?id=314&gameid=10000
2015-06-12 00:16:32 - liuchenxi - /article/editarticle?gameid=10000&id=314
2015-06-12 00:16:34 - liuchenxi - /article/articlelist?gameid=10000
2015-06-12 00:16:39 - liuchenxi - /article/editarticle?id=313&gameid=10000
2015-06-12 00:17:58 - liuchenxi - /article/editarticle?gameid=10000&id=313
2015-06-12 00:18:01 - liuchenxi - /article/articlelist?gameid=10000
2015-06-12 00:18:09 - liuchenxi - /game/gamelist
2015-06-12 00:18:13 - liuchenxi - /version/lists?gameid=10000
2015-06-12 00:18:17 - liuchenxi - /template/lists?vid=4&gameid=10000
2015-06-12 00:18:20 - liuchenxi - /make/make_all_article?gameid=10000&vid=4
2015-06-12 00:18:24 - liuchenxi - /make/make_all_article?gameid=10000&vid=4
2015-06-12 00:18:54 - liuchenxi - /article/articlelist?gameid=10000
2015-06-12 00:18:57 - liuchenxi - /version/lists?gameid=10000
2015-06-12 00:23:15 - liuchenxi - /make/make_all_article?gameid=10000&vid=4
2015-06-12 00:23:39 - liuchenxi - /template/lists?vid=4&gameid=10000
2015-06-12 00:23:44 - liuchenxi - /template/edit?id=7&vid=4&gameid=10000
2015-06-12 00:25:38 - liuchenxi - /template/edit?id=7&vid=4&gameid=10000
2015-06-12 00:25:41 - liuchenxi - /template/lists?gameid=10000&vid=4
2015-06-12 00:25:48 - liuchenxi - /make/make_all_article?gameid=10000&vid=4
2015-06-12 00:33:14 - liuchenxi - /make/make_all_article?gameid=10000&vid=4
2015-06-12 00:34:55 - liuchenxi - /template/edit?id=7&vid=4&gameid=10000
2015-06-12 00:35:09 - liuchenxi - /template/edit?id=7&vid=4&gameid=10000
2015-06-12 00:35:11 - liuchenxi - /template/lists?gameid=10000&vid=4
2015-06-12 00:35:14 - liuchenxi - /make/make_all_article?gameid=10000&vid=4
2015-06-12 00:35:29 - liuchenxi - /make/make_all_article?gameid=10000&vid=4
2015-06-12 00:35:52 - liuchenxi - /template/edit?id=7&vid=4&gameid=10000
2015-06-12 00:36:18 - liuchenxi - /template/edit?id=7&vid=4&gameid=10000
2015-06-12 00:36:20 - liuchenxi - /template/lists?gameid=10000&vid=4
2015-06-12 00:36:22 - liuchenxi - /make/make_all_article?gameid=10000&vid=4
2015-06-12 00:36:43 - liuchenxi - /template/edit?id=7&vid=4&gameid=10000
2015-06-12 00:49:09 - liuchenxi - /template/edit?id=7&vid=4&gameid=10000
2015-06-12 00:49:11 - liuchenxi - /template/lists?gameid=10000&vid=4
2015-06-12 00:49:19 - liuchenxi - /make/make_all_article?gameid=10000&vid=4
2015-06-12 00:50:24 - liuchenxi - /make/make_all_article?gameid=10000&vid=4
2015-06-12 00:53:36 - liuchenxi - /make/make_all_article?gameid=10000&vid=4
2015-06-12 00:54:08 - liuchenxi - /make/make_all_article?gameid=10000&vid=4
2015-06-12 00:54:16 - liuchenxi - /make/make_all_article?gameid=10000&vid=4
2015-06-12 00:55:24 - liuchenxi - /home
2015-06-12 00:55:27 - liuchenxi - /template/lists?gameid=10000&vid=4
2015-06-12 00:55:29 - liuchenxi - /template/lists?gameid=10000&vid=4
2015-06-12 00:55:31 - liuchenxi - /make/make_all_article?gameid=10000&vid=4
2015-06-12 00:55:44 - liuchenxi - /make/make_all_article?gameid=10000&vid=4
2015-06-12 00:55:45 - liuchenxi - /make/make_all_article?gameid=10000&vid=4
2015-06-12 00:58:24 - liuchenxi - /make/make_all_article?gameid=10000&vid=4
2015-06-12 01:00:32 - liuchenxi - /make/make_all_article?gameid=10000&vid=4
2015-06-12 09:56:21 - liuchenxi - /home
2015-06-12 09:56:27 - liuchenxi - /game/gamelist
2015-06-12 10:00:52 - liuchenxi - /version/lists?gameid=10000
2015-06-12 10:00:55 - liuchenxi - /template/lists?vid=4&gameid=10000
2015-06-12 10:01:03 - liuchenxi - /make/make_all_article?gameid=10000&vid=4
2015-06-12 10:01:39 - liuchenxi - /game/gamelist
2015-06-12 10:01:43 - liuchenxi - /article/articlelist?gameid=10000
2015-06-12 10:01:51 - liuchenxi - /game/gamelist
2015-06-12 10:01:52 - liuchenxi - /version/lists?gameid=10000
2015-06-12 10:01:57 - liuchenxi - /template/lists?vid=4&gameid=10000
2015-06-12 10:02:00 - liuchenxi - /template/edit?id=7&vid=4&gameid=10000
2015-06-12 10:02:25 - liuchenxi - /template/edit?id=7&vid=4&gameid=10000
2015-06-12 10:02:27 - liuchenxi - /template/lists?gameid=10000&vid=4
2015-06-12 10:02:31 - liuchenxi - /make/make_all_article?gameid=10000&vid=4
2015-06-12 10:03:22 - liuchenxi - /make/make_all_article?gameid=10000&vid=4
2015-06-12 10:03:57 - liuchenxi - /make/make_all_article?gameid=10000&vid=4
2015-06-12 10:04:13 - liuchenxi - /make/make_all_article?gameid=10000&vid=4
2015-06-12 10:04:14 - liuchenxi - /make/make_all_article?gameid=10000&vid=4
2015-06-12 10:04:15 - liuchenxi - /make/make_all_article?gameid=10000&vid=4
2015-06-12 10:04:15 - liuchenxi - /make/make_all_article?gameid=10000&vid=4
2015-06-12 10:04:22 - liuchenxi - /make/make_all_article?gameid=10000&vid=4
2015-06-12 10:05:02 - liuchenxi - /make/make_all_article?gameid=10000&vid=4
2015-06-12 10:05:47 - liuchenxi - /make/make_all_article?gameid=10000&vid=4
2015-06-12 10:14:58 - liuchenxi - /make/make_all_article?gameid=10000&vid=4
2015-06-12 10:16:04 - liuchenxi - /make/make_all_article?gameid=10000&vid=4
2015-06-12 10:16:07 - liuchenxi - /make/make_all_article?gameid=10000&vid=4
2015-06-12 10:16:07 - liuchenxi - /make/make_all_article?gameid=10000&vid=4
2015-06-12 10:16:08 - liuchenxi - /make/make_all_article?gameid=10000&vid=4
2015-06-12 10:16:08 - liuchenxi - /make/make_all_article?gameid=10000&vid=4
2015-06-12 10:16:08 - liuchenxi - /make/make_all_article?gameid=10000&vid=4
2015-06-12 10:16:08 - liuchenxi - /make/make_all_article?gameid=10000&vid=4
2015-06-12 10:17:08 - liuchenxi - /make/make_all_article?gameid=10000&vid=4
2015-06-12 10:17:08 - liuchenxi - /make/make_all_article?gameid=10000&vid=4
2015-06-12 10:17:09 - liuchenxi - /make/make_all_article?gameid=10000&vid=4
2015-06-12 10:17:09 - liuchenxi - /make/make_all_article?gameid=10000&vid=4
2015-06-12 10:17:09 - liuchenxi - /make/make_all_article?gameid=10000&vid=4
2015-06-12 10:18:30 - liuchenxi - /make/make_all_article?gameid=10000&vid=4
2015-06-12 10:18:39 - liuchenxi - /make/make_all_article?gameid=10000&vid=4
2015-06-12 10:19:03 - liuchenxi - /make/make_all_article?gameid=10000&vid=4
2015-06-12 10:19:03 - liuchenxi - /make/make_all_article?gameid=10000&vid=4
2015-06-12 10:20:30 - liuchenxi - /make/make_all_article?gameid=10000&vid=4
2015-06-12 10:22:29 - liuchenxi - /make/make_all_article?gameid=10000&vid=4
2015-06-12 10:23:40 - liuchenxi - /make/make_all_article?gameid=10000&vid=4
2015-06-12 10:24:02 - liuchenxi - /make/make_all_article?gameid=10000&vid=4
2015-06-12 10:25:15 - liuchenxi - /make/make_all_article?gameid=10000&vid=4
2015-06-12 10:25:44 - liuchenxi - /make/make_all_article?gameid=10000&vid=4
2015-06-12 10:26:11 - liuchenxi - /make/make_all_article?gameid=10000&vid=4
2015-06-12 10:26:12 - liuchenxi - /make/make_all_article?gameid=10000&vid=4
2015-06-12 10:26:12 - liuchenxi - /make/make_all_article?gameid=10000&vid=4
2015-06-12 10:26:12 - liuchenxi - /make/make_all_article?gameid=10000&vid=4
2015-06-12 10:26:13 - liuchenxi - /make/make_all_article?gameid=10000&vid=4
2015-06-12 10:28:14 - liuchenxi - /make/make_all_article?gameid=10000&vid=4
2015-06-12 10:31:15 - liuchenxi - /make/make_all_article?gameid=10000&vid=4
2015-06-12 10:32:33 - liuchenxi - /make/make_all_article?gameid=10000&vid=4
2015-06-12 10:44:28 - liuchenxi - /make/make_all_article?gameid=10000&vid=4
2015-06-12 10:53:00 - liuchenxi - /make/make_all_article?gameid=10000&vid=4
2015-06-12 10:53:42 - liuchenxi - /article/articlelist?gameid=10000
2015-06-12 10:53:50 - liuchenxi - /article/editarticle?id=315&gameid=10000
2015-06-12 10:53:55 - liuchenxi - /article/editarticle?id=313&gameid=10000
2015-06-12 10:54:06 - liuchenxi - /article/editarticle?gameid=10000&id=313
2015-06-12 10:54:08 - liuchenxi - /article/articlelist?gameid=10000
2015-06-12 10:54:09 - liuchenxi - /make/make_all_article?gameid=10000&vid=4
2015-06-12 10:55:26 - liuchenxi - /make/make_all_article?gameid=10000&vid=4
2015-06-12 10:56:04 - liuchenxi - /make/make_all_article?gameid=10000&vid=4
2015-06-12 10:56:08 - liuchenxi - /make/make_all_article?gameid=10000&vid=4
2015-06-12 10:56:22 - liuchenxi - /make/make_all_article?gameid=10000&vid=4&source=1
2015-06-12 10:59:12 - liuchenxi - /make/make_all_article?gameid=10000&vid=4
2015-06-12 11:00:15 - liuchenxi - /make/make_all_article?gameid=10000&vid=4
2015-06-12 11:42:25 - liuchenxi - /template/lists?gameid=10000&vid=4
2015-06-12 11:42:28 - liuchenxi - /make/make_all_article?gameid=10000&vid=4
2015-06-12 11:43:48 - liuchenxi - /game/gamelist
2015-06-12 11:43:50 - liuchenxi - /version/lists?gameid=10000
2015-06-12 11:43:58 - liuchenxi - /version/edit?id=5&gameid=10000
2015-06-12 11:44:10 - liuchenxi - /version/edit?id=5&gameid=10000
2015-06-12 11:44:14 - liuchenxi - /version/lists?gameid=10000
2015-06-12 11:44:15 - liuchenxi - /template/lists?vid=5&gameid=10000
2015-06-12 11:44:18 - liuchenxi - /template/add?gameid=10000&vid=5
2015-06-12 11:44:45 - liuchenxi - /template/add?gameid=10000&vid=5
2015-06-12 11:44:47 - liuchenxi - /template/lists?gameid=10000&vid=5
2015-06-12 11:44:51 - liuchenxi - /template/add?gameid=10000&vid=5
2015-06-12 11:45:15 - liuchenxi - /template/add?gameid=10000&vid=5
2015-06-12 11:45:17 - liuchenxi - /template/lists?gameid=10000&vid=5
2015-06-12 11:45:20 - liuchenxi - /template/add?gameid=10000&vid=5
2015-06-12 11:52:06 - liuchenxi - /template/add?gameid=10000&vid=5
2015-06-12 11:52:08 - liuchenxi - /template/lists?gameid=10000&vid=5
2015-06-12 11:52:15 - liuchenxi - /game/gamelist
2015-06-12 11:52:17 - liuchenxi - /article/articlelist?gameid=10000
2015-06-12 11:52:20 - liuchenxi - /makeshtml/makeallacticle?gameid=10000
2015-06-12 11:52:22 - liuchenxi - /article/articlelist?gameid=10000
2015-06-12 11:52:31 - liuchenxi - /game/gamelist
2015-06-12 11:52:35 - liuchenxi - /version/lists?gameid=10000
2015-06-12 11:52:43 - liuchenxi - /template/lists?vid=4&gameid=10000
2015-06-12 11:52:49 - liuchenxi - /make/make_all_article?gameid=10000&vid=4
2015-06-12 11:52:57 - liuchenxi - /template/lists?vid=5&gameid=10000
2015-06-12 11:53:00 - liuchenxi - /make/make_all_article?gameid=10000&vid=5
2015-06-12 11:53:28 - liuchenxi - /make/make_all_article?gameid=10000&vid=5
2015-06-12 11:53:38 - liuchenxi - /make/make_all_article?gameid=10000&vid=5&source=1
2015-06-12 13:30:47 - liuchenxi - /template/lists?vid=5&gameid=10000
2015-06-12 13:30:52 - liuchenxi - /game/gamelist
2015-06-12 13:30:56 - liuchenxi - /version/lists?gameid=10000
2015-06-12 13:31:18 - liuchenxi - /template/lists?vid=4&gameid=10000
2015-06-12 13:31:18 - liuchenxi - /template/lists?vid=5&gameid=10000
2015-06-12 13:31:19 - liuchenxi - /template/lists?vid=6&gameid=10000
2015-06-12 13:31:22 - liuchenxi - /make/make_all_article?gameid=10000&vid=6
2015-06-12 13:33:22 - liuchenxi - /template/lists?vid=6&gameid=10000
2015-06-12 13:33:24 - liuchenxi - /make/make_all_article?gameid=10000&vid=6
2015-06-12 13:33:44 - liuchenxi - /make/make_all_article?gameid=10000&vid=5
2015-06-12 13:43:21 - liuchenxi - /make/make_all_article?gameid=10000&vid=4
2015-06-12 13:44:07 - liuchenxi - /template/lists?gameid=10000&source=1
2015-06-12 13:44:34 - liuchenxi - /template/lists?gameid=10000&source=1
2015-06-12 13:45:08 - liuchenxi - /make/make_all_article?vid=4&gameid=10000
2015-06-12 13:45:42 - liuchenxi - /make/make_all_article?vid=4&gameid=10000
2015-06-12 13:47:25 - liuchenxi - /make/make_all_article?vid=4&gameid=10000
2015-06-12 13:47:48 - liuchenxi - /make/make_all_article?vid=4&gameid=10000&source=1
2015-06-12 13:48:04 - liuchenxi - /make/make_all_article?vid=4&gameid=10000&source=1
2015-06-12 13:51:39 - liuchenxi - /make/make_all_article?vid=4&gameid=10000
2015-06-12 13:52:51 - liuchenxi - /make/make_all_article?vid=4&gameid=10000
2015-06-12 14:12:56 - liuchenxi - /make/make_all_article?vid=4&gameid=10000
2015-06-12 14:13:14 - liuchenxi - /make/make_all_article?vid=4&gameid=10000
2015-06-12 14:13:24 - liuchenxi - /make/make_all_article?vid=4&gameid=10000
2015-06-12 14:14:12 - liuchenxi - /make/make_all_article?gameid=10000&vid=4
2015-06-12 14:14:29 - liuchenxi - /make/make_all_article?gameid=10000&vid=4
2015-06-12 14:15:44 - liuchenxi - /make/make_all_article?gameid=10000&vid=4
2015-06-12 14:15:58 - liuchenxi - /make/make_all_article?gameid=10000&vid=4
2015-06-12 14:28:57 - liuchenxi - /make/make_all_article?gameid=10000&vid=5
2015-06-12 14:30:18 - liuchenxi - /template/lists?vid=4&gameid=10000
2015-06-12 14:30:21 - liuchenxi - /make/make_all_article?gameid=10000&vid=4
2015-06-12 14:33:26 - liuchenxi - /game/gamelist
2015-06-12 14:33:29 - liuchenxi - /version/lists?gameid=10000
2015-06-12 14:33:35 - liuchenxi - /game/gamelist
2015-06-12 14:33:40 - liuchenxi - /game/addgame
2015-06-12 14:33:52 - liuchenxi - /game/addgame
2015-06-12 14:33:55 - liuchenxi - /game/gamelist
2015-06-12 14:33:59 - liuchenxi - /version/lists?gameid=10009
2015-06-12 14:34:02 - liuchenxi - /version/add?gameid=10009
2015-06-12 14:34:12 - liuchenxi - /version/add?gameid=10009
2015-06-12 14:34:14 - liuchenxi - /version/lists?gameid=10009
2015-06-12 14:34:17 - liuchenxi - /version/edit?id=1&gameid=10009
2015-06-12 14:35:52 - liuchenxi - /version/edit?id=1&gameid=10009
2015-06-12 14:35:54 - liuchenxi - /version/lists?gameid=10009
2015-06-12 14:36:04 - liuchenxi - /template/lists?vid=1&gameid=10009
2015-06-12 14:48:11 - liuchenxi - /version/lists?gameid=10009
2015-06-12 14:48:14 - liuchenxi - /version/edit?id=1&gameid=10009
2015-06-12 14:48:18 - liuchenxi - /version/edit?id=1&gameid=10009
2015-06-12 14:48:20 - liuchenxi - /version/lists?gameid=10009
2015-06-12 14:48:31 - liuchenxi - /template/lists?vid=1&gameid=10009
2015-06-12 14:49:43 - liuchenxi - /game/gamelist
2015-06-12 14:51:18 - liuchenxi - /version/lists?gameid=10009
2015-06-12 14:51:20 - liuchenxi - /template/lists?vid=1&gameid=10009
2015-06-12 15:00:25 - liuchenxi - /template/add?gameid=10000&vid=6
2015-06-12 15:02:01 - liuchenxi - /template/add?gameid=10000&vid=6
2015-06-12 15:02:04 - liuchenxi - /template/lists?gameid=10000&vid=6
2015-06-12 15:02:12 - liuchenxi - /make/make_one_tpl?tid=1&vid=6&gameid=10000
2015-06-12 15:02:22 - liuchenxi - /template/lists?gameid=10000&vid=6
2015-06-12 15:02:25 - liuchenxi - /game/gamelist
2015-06-12 15:02:29 - liuchenxi - /version/lists?gameid=10009
2015-06-12 15:04:01 - liuchenxi - /template/lists?vid=1&gameid=10009
2015-06-12 15:04:11 - liuchenxi - /version/lists?gameid=10009
2015-06-12 15:04:13 - liuchenxi - /template/lists?vid=1&gameid=10009
2015-06-12 15:05:19 - liuchenxi - /template/lists?vid=1&gameid=10009
2015-06-12 15:05:29 - liuchenxi - /version/lists?gameid=10000
2015-06-12 15:06:00 - liuchenxi - /version/lists?gameid=10009
2015-06-12 15:06:05 - liuchenxi - /template/lists?vid=1&gameid=10009
2015-06-12 15:06:25 - liuchenxi - /template/lists?vid=1&gameid=10009
2015-06-12 15:07:03 - liuchenxi - /template/lists?vid=1&gameid=10009
2015-06-12 15:07:15 - liuchenxi - /template/lists?vid=1&gameid=10009
2015-06-12 15:08:14 - liuchenxi - /template/lists?vid=1&gameid=10009
2015-06-12 15:08:29 - liuchenxi - /template/lists?vid=1&gameid=10009
2015-06-12 15:08:44 - liuchenxi - /template/lists?vid=1&gameid=10009
2015-06-12 15:08:50 - liuchenxi - /make/make_one_tpl?tid=1&vid=1&gameid=10009
2015-06-12 15:39:27 - liuchenxi - /template/lists?vid=1&gameid=10009
2015-06-12 16:13:25 - liuchenxi - /make/make_all_article?gameid=10009&vid=1
2015-06-12 16:13:31 - liuchenxi - /make/make_all_tpl?gameid=10009&vid=1
2015-06-12 16:13:34 - liuchenxi - /template/lists?vid=1&gameid=10009
2015-06-12 16:19:59 - liuchenxi - /template/add?gameid=10009&vid=1
2015-06-12 16:24:44 - liuchenxi - /template/add?gameid=10009&vid=1
2015-06-12 16:24:47 - liuchenxi - /template/lists?gameid=10009&vid=1
2015-06-12 16:25:23 - liuchenxi - /template/add?gameid=10009&vid=1
2015-06-12 16:25:52 - liuchenxi - /template/add?gameid=10009&vid=1
2015-06-12 16:25:54 - liuchenxi - /template/lists?gameid=10009&vid=1
2015-06-12 17:49:18 - panyiliang - /home
2015-06-12 17:49:22 - panyiliang - /type/typelist
2015-06-12 17:49:24 - panyiliang - /game/gamelist
2015-06-12 17:49:30 - panyiliang - /article/articlelist?gameid=10008
2015-06-12 18:02:12 - panyiliang - /article/addarticle?gameid=10008
2015-06-12 18:02:16 - panyiliang - /type/get_childtype_by_ajax?callback=jQuery110205600753720896237_1434103332535&typeid=&_=1434103332536
2015-06-12 18:02:21 - panyiliang - /type/get_childtype_by_ajax?callback=jQuery110205600753720896237_1434103332535&typeid=1&_=1434103332537
2015-06-12 18:02:46 - panyiliang - /article/addarticle?gameid=10008
2015-06-12 18:02:48 - panyiliang - /article/articlelist?gameid=10008
2015-06-12 18:03:16 - panyiliang - /article/editarticle?id=263&gameid=10008
2015-06-12 18:09:36 - panyiliang - /article/articlelist?gameid=10008
2015-06-12 18:09:47 - panyiliang - /article/delarticle?id=263&gameid=10008
2015-06-12 18:09:50 - panyiliang - /article/articlelist?gameid=10008
2015-06-12 18:09:56 - panyiliang - /article/delarticle?id=268&gameid=10008
2015-06-12 18:09:59 - panyiliang - /article/articlelist?gameid=10008
2015-06-12 18:14:10 - jiangbing - /home
2015-06-12 18:14:12 - jiangbing - /game/gamelist
2015-06-12 18:14:13 - jiangbing - /article/articlelist?gameid=10009
2015-06-12 18:14:15 - jiangbing - /makeshtml/makealllist?gameid=10009
2015-06-12 18:14:18 - jiangbing - /article/articlelist?gameid=10009
2015-06-12 18:14:19 - jiangbing - /makeshtml/makealllist?gameid=10009
2015-06-12 18:14:21 - jiangbing - /article/articlelist?gameid=10009
2015-06-12 18:14:22 - jiangbing - /makeshtml/makealllist?gameid=10009
2015-06-12 18:14:24 - jiangbing - /article/articlelist?gameid=10009
2015-06-12 18:14:33 - jiangbing - /game/gamelist
2015-06-12 18:14:35 - jiangbing - /article/articlelist?gameid=10008
2015-06-12 18:14:37 - jiangbing - /makeshtml/makealllist?gameid=10008
2015-06-12 18:14:40 - jiangbing - /article/articlelist?gameid=10008
2015-06-12 18:25:03 - liujingning - /home
2015-06-12 18:25:06 - liujingning - /game/gamelist
2015-06-12 18:25:12 - liujingning - /article/articlelist?gameid=10001
2015-06-12 18:25:15 - liujingning - /article/addarticle?gameid=10001
