2015-06-01 09:12:45 - liuchenxi - /home
2015-06-01 09:13:48 - liuchenxi - /game/gamelist
2015-06-01 09:13:49 - liuchenxi - /type/typelist
2015-06-01 09:13:51 - liuchenxi - /user/lists
2015-06-01 09:13:52 - liuchenxi - /menu/lists
2015-06-01 09:13:53 - liuchenxi - /rights/lists
2015-06-01 09:13:55 - liuchenxi - /type/typelist
2015-06-01 09:13:56 - liuchenxi - /game/gamelist
2015-06-01 09:33:10 - liuchenxi - /
2015-06-01 09:33:29 - liuchenxi - /game/gamelist
2015-06-01 10:26:42 - panyiliang - /home
2015-06-01 10:26:50 - panyiliang - /game/gamelist
2015-06-01 10:27:09 - panyiliang - /article/articlelist?gameid=10008
2015-06-01 10:29:38 - panyiliang - /makeshtml/makealllist?gameid=10008
2015-06-01 10:30:26 - yanxin - /home
2015-06-01 10:30:34 - yanxin - /game/gamelist
2015-06-01 10:30:36 - yanxin - /article/articlelist?gameid=10003
2015-06-01 10:30:39 - yanxin - /article/addarticle?gameid=10003
2015-06-01 10:31:05 - panyiliang - /article/addarticle?gameid=10008
2015-06-01 10:31:06 - panyiliang - /type/get_childtype_by_ajax?callback=jQuery110204481619649820719_1433125865723&typeid=&_=1433125865724
2015-06-01 10:31:28 - panyiliang - /article/articlelist?gameid=10008
2015-06-01 10:32:08 - panyiliang - /article/addarticle?gameid=10008
2015-06-01 10:32:08 - panyiliang - /type/get_childtype_by_ajax?callback=jQuery110204474207612447833_1433125928486&typeid=&_=1433125928487
2015-06-01 10:32:18 - panyiliang - /type/get_childtype_by_ajax?callback=jQuery110204474207612447833_1433125928486&typeid=1&_=1433125928488
2015-06-01 10:34:48 - yanxin - /article/addarticle?gameid=10003
2015-06-01 10:35:30 - panyiliang - /type/get_childtype_by_ajax?callback=jQuery110204474207612447833_1433125928486&typeid=2&_=1433125928489
2015-06-01 10:36:58 - yanxin - /article/addarticle?gameid=10003
2015-06-01 10:37:00 - yanxin - /article/articlelist?gameid=10003
2015-06-01 10:37:03 - yanxin - /makeshtml/makearticle?id=264&gameid=10003
2015-06-01 10:37:05 - yanxin - /article/articlelist?gameid=10003
2015-06-01 10:37:06 - yanxin - /makeshtml/makealllist?gameid=10003
2015-06-01 10:37:09 - yanxin - /article/articlelist?gameid=10003
2015-06-01 10:37:41 - panyiliang - /
2015-06-01 10:40:20 - panyiliang - /game/gamelist
2015-06-01 10:45:07 - panyiliang - /article/articlelist?gameid=10008
2015-06-01 10:45:15 - panyiliang - /makeshtml/makearticle?id=262&gameid=10008
2015-06-01 10:45:17 - panyiliang - /article/articlelist?gameid=10008
2015-06-01 10:51:50 - panyiliang - /makeshtml/makearticle?id=262&gameid=10008
2015-06-01 10:51:52 - panyiliang - /article/articlelist?gameid=10008
2015-06-01 10:52:23 - panyiliang - /article/addarticle?gameid=10008
2015-06-01 10:52:26 - panyiliang - /type/get_childtype_by_ajax?callback=jQuery11020712881201637905_1433127144686&typeid=&_=1433127144687
2015-06-01 10:52:43 - panyiliang - /type/get_childtype_by_ajax?callback=jQuery11020712881201637905_1433127144686&typeid=2&_=1433127144688
2015-06-01 10:55:51 - panyiliang - /article/addarticle?gameid=10008
2015-06-01 10:55:54 - panyiliang - /article/articlelist?gameid=10008
2015-06-01 10:55:57 - panyiliang - /article/addarticle?gameid=10008
2015-06-01 10:55:58 - panyiliang - /type/get_childtype_by_ajax?callback=jQuery1102020365081862713352_1433127358386&typeid=&_=1433127358387
2015-06-01 10:56:09 - panyiliang - /type/get_childtype_by_ajax?callback=jQuery1102020365081862713352_1433127358386&typeid=2&_=1433127358388
2015-06-01 10:57:42 - panyiliang - /article/addarticle?gameid=10008
2015-06-01 10:57:45 - panyiliang - /article/articlelist?gameid=10008
2015-06-01 10:57:54 - panyiliang - /makeshtml/makearticle?id=257&gameid=10008
2015-06-01 10:57:56 - panyiliang - /article/articlelist?gameid=10008
2015-06-01 10:57:58 - panyiliang - /article/addarticle?gameid=10008
2015-06-01 10:57:59 - panyiliang - /type/get_childtype_by_ajax?callback=jQuery110206457935624427842_1433127479001&typeid=&_=1433127479002
2015-06-01 10:58:11 - panyiliang - /type/get_childtype_by_ajax?callback=jQuery110206457935624427842_1433127479001&typeid=2&_=1433127479003
2015-06-01 10:59:23 - jiangbing - /home
2015-06-01 10:59:25 - jiangbing - /game/gamelist
2015-06-01 10:59:28 - jiangbing - /article/articlelist?gameid=10008
2015-06-01 11:00:23 - panyiliang - /article/addarticle?gameid=10008
2015-06-01 11:00:26 - panyiliang - /article/articlelist?gameid=10008
2015-06-01 11:01:01 - panyiliang - /article/addarticle?gameid=10008
2015-06-01 11:01:02 - panyiliang - /type/get_childtype_by_ajax?callback=jQuery1102037400253776149045_1433127662063&typeid=&_=1433127662064
2015-06-01 11:01:04 - panyiliang - /type/get_childtype_by_ajax?callback=jQuery1102037400253776149045_1433127662063&typeid=1&_=1433127662065
2015-06-01 11:01:59 - panyiliang - /article/addarticle?gameid=10008
2015-06-01 11:02:01 - panyiliang - /article/articlelist?gameid=10008
2015-06-01 11:02:12 - panyiliang - /article/addarticle?gameid=10008
2015-06-01 11:02:13 - panyiliang - /type/get_childtype_by_ajax?callback=jQuery110206623628662455577_1433127733039&typeid=&_=1433127733040
2015-06-01 11:02:14 - panyiliang - /type/get_childtype_by_ajax?callback=jQuery110206623628662455577_1433127733039&typeid=2&_=1433127733041
2015-06-01 11:04:08 - panyiliang - /article/addarticle?gameid=10008
2015-06-01 11:04:11 - panyiliang - /article/articlelist?gameid=10008
2015-06-01 11:04:58 - panyiliang - /article/addarticle?gameid=10008
2015-06-01 11:05:00 - panyiliang - /type/get_childtype_by_ajax?callback=jQuery1102019634874938972013_1433127900723&typeid=&_=1433127900724
2015-06-01 11:05:10 - panyiliang - /type/get_childtype_by_ajax?callback=jQuery1102019634874938972013_1433127900723&typeid=4&_=1433127900725
2015-06-01 11:07:22 - panyiliang - /article/addarticle?gameid=10008
2015-06-01 11:07:25 - panyiliang - /article/articlelist?gameid=10008
2015-06-01 11:07:35 - panyiliang - /article/addarticle?gameid=10008
2015-06-01 11:07:50 - panyiliang - /type/get_childtype_by_ajax?callback=jQuery110205356462556611345_1433128060453&typeid=&_=1433128060454
2015-06-01 11:09:20 - panyiliang - /type/get_childtype_by_ajax?callback=jQuery110205356462556611345_1433128060453&typeid=2&_=1433128060455
2015-06-01 11:13:12 - panyiliang - /article/addarticle?gameid=10008
2015-06-01 11:13:16 - panyiliang - /article/articlelist?gameid=10008
2015-06-01 11:13:27 - panyiliang - /article/addarticle?gameid=10008
2015-06-01 11:13:28 - panyiliang - /type/get_childtype_by_ajax?callback=jQuery11020978988238294511_1433128408887&typeid=&_=1433128408888
2015-06-01 11:13:40 - panyiliang - /type/get_childtype_by_ajax?callback=jQuery11020978988238294511_1433128408887&typeid=2&_=1433128408889
2015-06-01 11:16:26 - jiangbing - /article/addarticle?gameid=10008
2015-06-01 11:16:26 - jiangbing - /type/get_childtype_by_ajax?callback=jQuery1102005242550240617516_1433128586525&typeid=&_=1433128586526
2015-06-01 11:16:32 - jiangbing - /article/articlelist?gameid=10008
2015-06-01 11:16:38 - jiangbing - /makeshtml/makeallacticle?gameid=10008
2015-06-01 11:16:40 - jiangbing - /article/articlelist?gameid=10008
2015-06-01 11:16:44 - jiangbing - /article/addarticle?gameid=10008
2015-06-01 11:16:44 - jiangbing - /type/get_childtype_by_ajax?callback=jQuery1102007284919177863769_1433128604260&typeid=&_=1433128604261
2015-06-01 11:16:49 - panyiliang - /article/addarticle?gameid=10008
2015-06-01 11:16:52 - panyiliang - /article/articlelist?gameid=10008
2015-06-01 11:17:05 - panyiliang - /makeshtml/makearticle?id=272&gameid=10008
2015-06-01 11:17:08 - panyiliang - /article/articlelist?gameid=10008
2015-06-01 11:18:06 - panyiliang - /article/addarticle?gameid=10008
2015-06-01 11:18:07 - panyiliang - /type/get_childtype_by_ajax?callback=jQuery110209242141190500446_1433128686615&typeid=&_=1433128686616
2015-06-01 11:18:14 - panyiliang - /type/get_childtype_by_ajax?callback=jQuery110209242141190500446_1433128686615&typeid=2&_=1433128686617
2015-06-01 11:20:10 - panyiliang - /article/addarticle?gameid=10008
2015-06-01 11:20:13 - panyiliang - /article/articlelist?gameid=10008
2015-06-01 11:35:13 - yanxin - /
2015-06-01 11:35:16 - yanxin - /game/gamelist
2015-06-01 11:35:23 - yanxin - /article/articlelist?gameid=10003
2015-06-01 11:35:27 - yanxin - /article/addarticle?gameid=10003
2015-06-01 11:35:30 - jiangbing - /article/articlelist?gameid=10008
2015-06-01 11:40:56 - yanxin - /article/addarticle?gameid=10003
2015-06-01 11:40:58 - yanxin - /article/articlelist?gameid=10003
2015-06-01 11:41:00 - yanxin - /makeshtml/makearticle?id=274&gameid=10003
2015-06-01 11:41:03 - yanxin - /article/articlelist?gameid=10003
2015-06-01 11:41:05 - yanxin - /makeshtml/makealllist?gameid=10003
2015-06-01 11:41:08 - yanxin - /article/articlelist?gameid=10003
2015-06-01 11:41:28 - yanxin - /game/setseo?gameid=10003
2015-06-01 11:41:54 - yanxin - /type/typelist
2015-06-01 11:46:15 - jiangbing - /article/addarticle?gameid=10008
2015-06-01 11:46:15 - jiangbing - /type/get_childtype_by_ajax?callback=jQuery1102044065015248183637_1433130375289&typeid=&_=1433130375290
2015-06-01 11:47:32 - jiangbing - /article/articlelist?gameid=10008
2015-06-01 11:47:37 - jiangbing - /makeshtml/makeallacticle?gameid=10008
2015-06-01 11:47:40 - jiangbing - /article/articlelist?gameid=10008
2015-06-01 11:47:55 - jiangbing - /game/gamelist
2015-06-01 11:47:58 - jiangbing - /game/editgame?id=10008
2015-06-01 11:48:03 - jiangbing - /game/gamelist
2015-06-01 11:48:07 - jiangbing - /game/editgame?id=10006
2015-06-01 11:48:15 - jiangbing - /game/editgame?id=10008
2015-06-01 11:49:42 - jiangbing - /game/editgame?id=10008
2015-06-01 11:49:45 - jiangbing - /game/gamelist
2015-06-01 11:49:48 - jiangbing - /article/articlelist?gameid=10008
2015-06-01 11:49:49 - jiangbing - /makeshtml/makeallacticle?gameid=10008
2015-06-01 11:49:52 - jiangbing - /article/articlelist?gameid=10008
2015-06-01 11:50:42 - jiangbing - /makeshtml/makearticle?id=273&gameid=10008
2015-06-01 11:50:44 - jiangbing - /article/articlelist?gameid=10008
2015-06-01 11:59:24 - jiangbing - /article/articlelist?gameid=10008
2015-06-01 11:59:27 - jiangbing - /type/get_childtype_by_ajax?callback=jQuery1102048077134029569624_1433131165391&typeid=11&_=1433131165392
2015-06-01 11:59:28 - jiangbing - /article/articlelist?gameid=10008&type=11&ctype=&submit=%E6%90%9C%E7%B4%A2
2015-06-01 12:30:25 - jiangbing - /article/articlelist?gameid=10008&type=11&ctype=&submit=%E6%90%9C%E7%B4%A2
2015-06-01 12:30:30 - jiangbing - /game/gamelist
2015-06-01 12:30:32 - jiangbing - /article/articlelist?gameid=10008
2015-06-01 12:41:23 - jiangbing - /makeshtml/makearticle?id=273&gameid=10008
2015-06-01 12:41:25 - jiangbing - /article/articlelist?gameid=10008
2015-06-01 12:41:32 - jiangbing - /makeshtml/makealllist?gameid=10008
2015-06-01 12:41:34 - jiangbing - /article/articlelist?gameid=10008
2015-06-01 12:42:14 - jiangbing - /article/articlelist?gameid=10008
2015-06-01 12:42:25 - jiangbing - /article/articlelist?gameid=10008
2015-06-01 12:45:08 - jiangbing - /article/addarticle?gameid=10008
2015-06-01 12:45:09 - jiangbing - /type/get_childtype_by_ajax?callback=jQuery1102025242369424918265_1433133908904&typeid=&_=1433133908905
2015-06-01 12:45:14 - jiangbing - /game/gamelist
2015-06-01 12:45:16 - jiangbing - /article/articlelist?gameid=10008
2015-06-01 12:45:20 - jiangbing - /type/settype?gameid=10008
2015-06-01 12:45:24 - jiangbing - /type/settype?gameid=10008
2015-06-01 12:45:27 - jiangbing - /article/articlelist?gameid=10008
2015-06-01 12:50:02 - jiangbing - /makeshtml/makeallacticle?gameid=10008
2015-06-01 12:50:05 - jiangbing - /article/articlelist?gameid=10008
2015-06-01 12:50:07 - jiangbing - /makeshtml/makealllist?gameid=10008
2015-06-01 12:50:10 - jiangbing - /article/articlelist?gameid=10008
2015-06-01 12:51:03 - jiangbing - /article/articlelist?gameid=10008
2015-06-01 13:02:52 - panyiliang - /article/addarticle?gameid=10008
2015-06-01 13:03:00 - panyiliang - /type/get_childtype_by_ajax?callback=jQuery110203770138712055191_1433134978478&typeid=&_=1433134978479
2015-06-01 13:03:08 - panyiliang - /type/get_childtype_by_ajax?callback=jQuery110203770138712055191_1433134978478&typeid=11&_=1433134978480
2015-06-01 13:04:29 - panyiliang - /article/addarticle?gameid=10008
2015-06-01 13:04:32 - panyiliang - /article/articlelist?gameid=10008
2015-06-01 13:05:04 - panyiliang - /game/gamelist
2015-06-01 13:05:34 - panyiliang - /article/articlelist?gameid=10008
2015-06-01 13:05:38 - panyiliang - /article/addarticle?gameid=10008
2015-06-01 13:05:40 - panyiliang - /type/get_childtype_by_ajax?callback=jQuery110209817604637701144_1433135140060&typeid=&_=1433135140061
2015-06-01 13:06:04 - panyiliang - /type/get_childtype_by_ajax?callback=jQuery110209817604637701144_1433135140060&typeid=11&_=1433135140062
2015-06-01 13:06:54 - panyiliang - /article/addarticle?gameid=10008
2015-06-01 13:06:56 - panyiliang - /article/articlelist?gameid=10008
2015-06-01 13:07:05 - panyiliang - /article/addarticle?gameid=10008
2015-06-01 13:07:06 - panyiliang - /type/get_childtype_by_ajax?callback=jQuery11020085710120138424_1433135226236&typeid=&_=1433135226237
2015-06-01 13:07:08 - panyiliang - /type/get_childtype_by_ajax?callback=jQuery11020085710120138424_1433135226236&typeid=11&_=1433135226238
2015-06-01 13:07:58 - panyiliang - /article/addarticle?gameid=10008
2015-06-01 13:08:01 - panyiliang - /article/articlelist?gameid=10008
2015-06-01 13:08:11 - panyiliang - /article/addarticle?gameid=10008
2015-06-01 13:08:12 - panyiliang - /type/get_childtype_by_ajax?callback=jQuery110205602601907619262_1433135292447&typeid=&_=1433135292448
2015-06-01 13:08:14 - panyiliang - /type/get_childtype_by_ajax?callback=jQuery110205602601907619262_1433135292447&typeid=11&_=1433135292449
2015-06-01 13:08:48 - panyiliang - /article/addarticle?gameid=10008
2015-06-01 13:08:51 - panyiliang - /article/articlelist?gameid=10008
2015-06-01 13:08:54 - panyiliang - /article/addarticle?gameid=10008
2015-06-01 13:08:54 - panyiliang - /type/get_childtype_by_ajax?callback=jQuery110204702241081122936_1433135334807&typeid=&_=1433135334808
2015-06-01 13:10:19 - panyiliang - /type/get_childtype_by_ajax?callback=jQuery110204702241081122936_1433135334807&typeid=11&_=1433135334809
2015-06-01 13:10:59 - panyiliang - /article/addarticle?gameid=10008
2015-06-01 13:11:02 - panyiliang - /article/articlelist?gameid=10008
2015-06-01 13:11:18 - panyiliang - /article/addarticle?gameid=10008
2015-06-01 13:11:19 - panyiliang - /type/get_childtype_by_ajax?callback=jQuery1102030062037111611123_1433135479074&typeid=&_=1433135479075
2015-06-01 13:11:21 - panyiliang - /type/get_childtype_by_ajax?callback=jQuery1102030062037111611123_1433135479074&typeid=11&_=1433135479076
2015-06-01 13:12:08 - panyiliang - /article/addarticle?gameid=10008
2015-06-01 13:12:11 - panyiliang - /article/articlelist?gameid=10008
2015-06-01 13:12:18 - panyiliang - /makeshtml/makearticle?id=280&gameid=10008
2015-06-01 13:12:20 - panyiliang - /article/articlelist?gameid=10008
2015-06-01 13:13:14 - panyiliang - /game/setseo?gameid=10008
2015-06-01 13:13:18 - panyiliang - /article/addarticle?gameid=10008
2015-06-01 13:13:19 - panyiliang - /type/get_childtype_by_ajax?callback=jQuery110206927862925979011_1433135599540&typeid=&_=1433135599541
2015-06-01 13:13:23 - panyiliang - /type/get_childtype_by_ajax?callback=jQuery110206927862925979011_1433135599540&typeid=1&_=1433135599542
2015-06-01 13:13:37 - panyiliang - /type/get_childtype_by_ajax?callback=jQuery110206927862925979011_1433135599540&typeid=11&_=1433135599543
2015-06-01 13:36:45 - panyiliang - /article/articlelist?gameid=10008
2015-06-01 15:16:15 - jiangbing - /home
2015-06-01 15:16:17 - jiangbing - /game/gamelist
2015-06-01 15:18:14 - jiangbing - /article/articlelist?gameid=10008
2015-06-01 15:18:34 - jiangbing - /article/editarticle?id=278&gameid=10008
2015-06-01 15:22:12 - jiangbing - /article/articlelist?gameid=10008
2015-06-01 15:22:13 - jiangbing - /makeshtml/makealllist?gameid=10008
2015-06-01 15:22:16 - jiangbing - /article/articlelist?gameid=10008
2015-06-01 15:23:05 - liuchenxi - /home
2015-06-01 15:23:07 - liuchenxi - /game/gamelist
2015-06-01 15:23:09 - liuchenxi - /article/articlelist?gameid=10003
2015-06-01 15:23:17 - liuchenxi - /makeshtml/makeallacticle?gameid=10003
2015-06-01 15:23:32 - liuchenxi - /article/articlelist?gameid=10003
2015-06-01 15:23:44 - liuchenxi - /makeshtml/makeallacticle?gameid=10003
2015-06-01 15:23:58 - liuchenxi - /article/articlelist?gameid=10003
2015-06-01 15:24:00 - liuchenxi - /makeshtml/makealllist?gameid=10003
2015-06-01 15:24:04 - liuchenxi - /article/articlelist?gameid=10003
2015-06-01 15:24:53 - liuchenxi - /makeshtml/makeallacticle?gameid=10003
2015-06-01 15:25:08 - liuchenxi - /article/articlelist?gameid=10003
2015-06-01 15:25:09 - liuchenxi - /makeshtml/makealllist?gameid=10003
2015-06-01 15:25:12 - liuchenxi - /article/articlelist?gameid=10003
2015-06-01 15:26:58 - liuchenxi - /makeshtml/makealllist?gameid=10003
2015-06-01 15:27:01 - liuchenxi - /article/articlelist?gameid=10003
2015-06-01 15:28:43 - jiangbing - /makeshtml/makealllist?gameid=10008
2015-06-01 15:28:45 - jiangbing - /article/articlelist?gameid=10008
2015-06-01 15:30:04 - panyiliang - /article/articlelist?gameid=10008
2015-06-01 15:30:31 - panyiliang - /article/addarticle?gameid=10008
2015-06-01 15:30:31 - panyiliang - /type/get_childtype_by_ajax?callback=jQuery110209645079098546456_1433143831665&typeid=&_=1433143831666
2015-06-01 15:30:36 - panyiliang - /type/get_childtype_by_ajax?callback=jQuery110209645079098546456_1433143831665&typeid=11&_=1433143831667
2015-06-01 15:35:18 - panyiliang - /article/articlelist?gameid=10008
2015-06-01 15:35:22 - panyiliang - /article/editarticle?id=275&gameid=10008
2015-06-01 15:35:51 - panyiliang - /article/editarticle?gameid=10008&id=275
2015-06-01 15:35:54 - panyiliang - /article/articlelist?gameid=10008
2015-06-01 15:36:01 - panyiliang - /makeshtml/makearticle?id=275&gameid=10008
2015-06-01 15:36:03 - panyiliang - /article/articlelist?gameid=10008
2015-06-01 15:44:04 - jiangbing - /makeshtml/makealllist?gameid=10008
2015-06-01 15:44:07 - jiangbing - /article/articlelist?gameid=10008
2015-06-01 15:45:24 - jiangbing - /makeshtml/makealllist?gameid=10008
2015-06-01 15:45:26 - jiangbing - /article/articlelist?gameid=10008
2015-06-01 15:47:48 - jiangbing - /makeshtml/makealllist?gameid=10008
2015-06-01 15:47:51 - jiangbing - /article/articlelist?gameid=10008
2015-06-01 15:48:32 - jiangbing - /article/articlelist?gameid=10008
2015-06-01 15:48:34 - jiangbing - /makeshtml/makealllist?gameid=10008
2015-06-01 15:48:37 - jiangbing - /article/articlelist?gameid=10008
2015-06-01 15:49:25 - jiangbing - /makeshtml/makealllist?gameid=10008
2015-06-01 15:49:28 - jiangbing - /article/articlelist?gameid=10008
2015-06-01 15:50:27 - jiangbing - /makeshtml/makealllist?gameid=10008
2015-06-01 15:50:29 - jiangbing - /article/articlelist?gameid=10008
2015-06-01 15:51:35 - jiangbing - /makeshtml/makealllist?gameid=10008
2015-06-01 15:51:37 - jiangbing - /article/articlelist?gameid=10008
2015-06-01 15:52:14 - jiangbing - /makeshtml/makealllist?gameid=10008
2015-06-01 15:52:16 - jiangbing - /article/articlelist?gameid=10008
2015-06-01 15:53:32 - jiangbing - /makeshtml/makealllist?gameid=10008
2015-06-01 15:53:34 - jiangbing - /article/articlelist?gameid=10008
2015-06-01 15:54:16 - panyiliang - /article/editarticle?id=276&gameid=10008
2015-06-01 15:54:56 - liuchenxi - /article/articlelist?gameid=10003
2015-06-01 15:55:02 - jiangbing - /makeshtml/makealllist?gameid=10008
2015-06-01 15:55:02 - panyiliang - /article/editarticle?gameid=10008&id=276
2015-06-01 15:55:04 - panyiliang - /article/articlelist?gameid=10008
2015-06-01 15:55:04 - jiangbing - /article/articlelist?gameid=10008
2015-06-01 15:55:08 - panyiliang - /article/editarticle?id=277&gameid=10008
2015-06-01 15:55:38 - jiangbing - /makeshtml/makealllist?gameid=10008
2015-06-01 15:55:40 - jiangbing - /article/articlelist?gameid=10008
2015-06-01 15:56:11 - jiangbing - /makeshtml/makealllist?gameid=10008
2015-06-01 15:56:13 - jiangbing - /article/articlelist?gameid=10008
2015-06-01 15:56:24 - jiangbing - /makeshtml/makealllist?gameid=10008
2015-06-01 15:56:26 - jiangbing - /article/articlelist?gameid=10008
2015-06-01 15:57:19 - jiangbing - /makeshtml/makealllist?gameid=10008
2015-06-01 15:57:21 - jiangbing - /article/articlelist?gameid=10008
2015-06-01 15:57:54 - jiangbing - /makeshtml/makealllist?gameid=10008
2015-06-01 15:57:57 - jiangbing - /article/articlelist?gameid=10008
2015-06-01 15:58:23 - jiangbing - /makeshtml/makealllist?gameid=10008
2015-06-01 15:58:25 - jiangbing - /article/articlelist?gameid=10008
2015-06-01 15:59:28 - jiangbing - /makeshtml/makealllist?gameid=10008
2015-06-01 15:59:30 - jiangbing - /article/articlelist?gameid=10008
2015-06-01 15:59:51 - jiangbing - /makeshtml/makealllist?gameid=10008
2015-06-01 15:59:53 - jiangbing - /article/articlelist?gameid=10008
2015-06-01 16:00:52 - jiangbing - /makeshtml/makealllist?gameid=10008
2015-06-01 16:00:55 - jiangbing - /article/articlelist?gameid=10008
2015-06-01 16:01:55 - jiangbing - /makeshtml/makeallacticle?gameid=10008
2015-06-01 16:01:58 - jiangbing - /article/articlelist?gameid=10008
2015-06-01 16:02:16 - jiangbing - /makeshtml/makealllist?gameid=10008
2015-06-01 16:02:18 - jiangbing - /article/articlelist?gameid=10008
2015-06-01 16:02:44 - panyiliang - /article/editarticle?gameid=10008&id=277
2015-06-01 16:02:46 - panyiliang - /article/articlelist?gameid=10008
2015-06-01 16:02:54 - panyiliang - /article/editarticle?id=278&gameid=10008
2015-06-01 16:03:17 - panyiliang - /article/editarticle?gameid=10008&id=278
2015-06-01 16:03:19 - panyiliang - /article/articlelist?gameid=10008
2015-06-01 16:03:37 - panyiliang - /article/editarticle?id=279&gameid=10008
2015-06-01 16:03:53 - panyiliang - /article/editarticle?gameid=10008&id=279
2015-06-01 16:03:55 - panyiliang - /article/articlelist?gameid=10008
2015-06-01 16:03:58 - panyiliang - /article/editarticle?id=280&gameid=10008
2015-06-01 16:04:19 - panyiliang - /article/editarticle?gameid=10008&id=280
2015-06-01 16:04:21 - panyiliang - /article/articlelist?gameid=10008
2015-06-01 16:51:38 - mouzhiqiang - /home
2015-06-01 16:51:54 - mouzhiqiang - /game/gamelist
2015-06-01 16:51:58 - mouzhiqiang - /type/typelist
2015-06-01 16:59:12 - mouzhiqiang - /game/gamelist
2015-06-01 16:59:35 - mouzhiqiang - /article/articlelist?gameid=10007
2015-06-01 16:59:44 - mouzhiqiang - /article/editarticle?id=241&gameid=10007
2015-06-01 17:03:59 - mouzhiqiang - /article/articlelist?gameid=10007
2015-06-01 17:04:02 - mouzhiqiang - /article/editarticle?id=236&gameid=10007
2015-06-01 17:14:15 - mouzhiqiang - /
2015-06-01 17:14:20 - mouzhiqiang - /game/gamelist
2015-06-01 17:14:24 - mouzhiqiang - /article/articlelist?gameid=10007
2015-06-01 17:14:26 - mouzhiqiang - /article/editarticle?id=235&gameid=10007
2015-06-01 17:14:35 - mouzhiqiang - /article/editarticle?id=235&gameid=10007
2015-06-01 17:15:45 - mouzhiqiang - /article/editarticle?gameid=10007&id=235
2015-06-01 17:15:48 - mouzhiqiang - /article/articlelist?gameid=10007
2015-06-01 17:16:23 - mouzhiqiang - /article/editarticle?id=235&gameid=10007
2015-06-01 17:16:32 - mouzhiqiang - /article/editarticle?gameid=10007&id=235
2015-06-01 17:16:35 - mouzhiqiang - /article/articlelist?gameid=10007
2015-06-01 17:16:38 - mouzhiqiang - /article/editarticle?id=236&gameid=10007
2015-06-01 17:16:40 - mouzhiqiang - /article/editarticle?id=236&gameid=10007
2015-06-01 17:17:04 - mouzhiqiang - /article/editarticle?id=236&gameid=10007
2015-06-01 17:17:07 - mouzhiqiang - /article/editarticle?id=236&gameid=10007
2015-06-01 17:21:25 - mouzhiqiang - /article/editarticle?gameid=10007&id=236
2015-06-01 17:21:28 - mouzhiqiang - /article/articlelist?gameid=10007
2015-06-01 17:21:41 - mouzhiqiang - /article/editarticle?id=236&gameid=10007
2015-06-01 17:21:57 - mouzhiqiang - /article/editarticle?gameid=10007&id=236
2015-06-01 17:21:59 - mouzhiqiang - /article/articlelist?gameid=10007
2015-06-01 17:23:11 - mouzhiqiang - /article/editarticle?id=236&gameid=10007
2015-06-01 17:25:35 - liuchenxi - /card/qzgs_list
2015-06-01 17:26:19 - liuchenxi - /
2015-06-01 17:26:21 - liuchenxi - /game/gamelist
2015-06-01 17:26:26 - liuchenxi - /article/articlelist?gameid=10007
2015-06-01 17:27:01 - mouzhiqiang - /article/editarticle?gameid=10007&id=236
2015-06-01 17:27:04 - mouzhiqiang - /article/articlelist?gameid=10007
2015-06-01 17:27:25 - mouzhiqiang - /makeshtml/makealllist?gameid=10007
2015-06-01 17:27:31 - mouzhiqiang - /article/articlelist?gameid=10007
2015-06-01 17:28:44 - mouzhiqiang - /makeshtml/makealllist?gameid=10007
2015-06-01 17:28:50 - mouzhiqiang - /article/articlelist?gameid=10007
2015-06-01 18:20:20 - liuchenxi - /card/qzgs_list
2015-06-01 18:57:22 - mouzhiqiang - /article/editarticle?id=235&gameid=10007
2015-06-01 18:57:38 - mouzhiqiang - /
2015-06-01 18:57:42 - mouzhiqiang - /type/typelist
2015-06-01 18:57:59 - mouzhiqiang - /
2015-06-01 18:58:04 - mouzhiqiang - /type/typelist
2015-06-01 18:58:06 - mouzhiqiang - /game/gamelist
2015-06-01 18:58:08 - mouzhiqiang - /article/articlelist?gameid=10007
2015-06-01 18:58:14 - mouzhiqiang - /article/editarticle?id=237&gameid=10007
2015-06-01 19:11:45 - mouzhiqiang - /game/gamelist
2015-06-01 19:11:47 - mouzhiqiang - /article/articlelist?gameid=10007
2015-06-01 19:11:50 - mouzhiqiang - /article/editarticle?id=241&gameid=10007
2015-06-01 19:13:59 - mouzhiqiang - /article/editarticle?gameid=10007&id=241
2015-06-01 19:14:01 - mouzhiqiang - /article/articlelist?gameid=10007
2015-06-01 19:14:07 - mouzhiqiang - /makeshtml/makealllist?gameid=10007
2015-06-01 19:14:10 - mouzhiqiang - /article/articlelist?gameid=10007
2015-06-01 19:15:07 - mouzhiqiang - /article/delarticle?id=241&gameid=10007
2015-06-01 19:15:10 - mouzhiqiang - /article/articlelist?gameid=10007
2015-06-01 19:16:05 - mouzhiqiang - /game/gamelist
2015-06-01 19:16:06 - mouzhiqiang - /article/articlelist?gameid=10007
2015-06-01 19:16:32 - mouzhiqiang - /article/addarticle?gameid=10007
2015-06-01 19:16:33 - mouzhiqiang - /type/get_childtype_by_ajax?callback=jQuery110204403503786306828_1433157398389&typeid=&_=1433157398390
2015-06-01 19:16:36 - mouzhiqiang - /type/get_childtype_by_ajax?callback=jQuery110204403503786306828_1433157398389&typeid=6&_=1433157398391
2015-06-01 19:16:38 - mouzhiqiang - /type/get_childtype_by_ajax?callback=jQuery110204403503786306828_1433157398389&typeid=7&_=1433157398392
2015-06-01 19:17:23 - mouzhiqiang - /article/addarticle?gameid=10007
2015-06-01 19:17:25 - mouzhiqiang - /article/addarticle?gameid=10007
2015-06-01 19:17:26 - mouzhiqiang - /type/get_childtype_by_ajax?callback=jQuery110208120645629242063_1433157451620&typeid=&_=1433157451621
2015-06-01 19:17:42 - mouzhiqiang - /type/get_childtype_by_ajax?callback=jQuery110208120645629242063_1433157451620&typeid=7&_=1433157451622
2015-06-01 19:18:18 - mouzhiqiang - /article/addarticle?gameid=10007
2015-06-01 19:18:21 - mouzhiqiang - /article/articlelist?gameid=10007
2015-06-01 19:18:23 - mouzhiqiang - /makeshtml/makealllist?gameid=10007
2015-06-01 19:18:25 - mouzhiqiang - /article/articlelist?gameid=10007
2015-06-01 19:18:43 - mouzhiqiang - /makeshtml/makealllist?gameid=10007
2015-06-01 19:18:45 - mouzhiqiang - /article/articlelist?gameid=10007
