2015-06-03 10:12:52 - liuchenxi - /home
2015-06-03 10:12:56 - liuchenxi - /game/gamelist
2015-06-03 10:13:17 - liuchenxi - /article/articlelist?gameid=10001
2015-06-03 10:13:20 - liuchenxi - /article/articlelist?gameid=10002
2015-06-03 10:13:24 - liuchenxi - /card/qzgs_list
2015-06-03 10:13:33 - liuchenxi - /card/qzgs_list
2015-06-03 10:13:35 - liuchenxi - /card/qzgs_add
2015-06-03 10:13:35 - liuchenxi - /type/get_childtype_by_ajax?callback=jQuery1102017333444044925272_1433297605459&_=1433297605460
2015-06-03 10:15:49 - liuchenxi - /card/qzgs_add
2015-06-03 10:15:51 - liuchenxi - /card/qzgs_list
2015-06-03 11:16:59 - jiangbing - /home
2015-06-03 11:32:22 - yanxin - /home
2015-06-03 11:32:26 - yanxin - /game/gamelist
2015-06-03 11:32:40 - yanxin - /article/articlelist?gameid=10003
2015-06-03 13:26:19 - mouzhiqiang - /home
2015-06-03 13:26:49 - mouzhiqiang - /game/gamelist
2015-06-03 13:26:53 - mouzhiqiang - /article/articlelist?gameid=10007
2015-06-03 13:28:30 - mouzhiqiang - /article/editarticle?id=240&gameid=10007
2015-06-03 13:30:02 - mouzhiqiang - /article/editarticle?gameid=10007&id=240
2015-06-03 13:30:04 - mouzhiqiang - /article/articlelist?gameid=10007
2015-06-03 13:30:09 - mouzhiqiang - /makeshtml/makearticle?id=240&gameid=10007
2015-06-03 13:30:12 - mouzhiqiang - /article/articlelist?gameid=10007
2015-06-03 13:30:19 - mouzhiqiang - /makeshtml/makealllist?gameid=10007
2015-06-03 13:30:23 - mouzhiqiang - /article/articlelist?gameid=10007
2015-06-03 13:30:53 - mouzhiqiang - /article/addarticle?gameid=10007
2015-06-03 13:30:53 - mouzhiqiang - /type/get_childtype_by_ajax?callback=jQuery110207658209789078683_1433309459542&typeid=&_=1433309459543
2015-06-03 13:32:40 - mouzhiqiang - /article/addarticle?gameid=10007
2015-06-03 13:32:42 - mouzhiqiang - /article/addarticle?gameid=10007
2015-06-03 13:32:42 - mouzhiqiang - /type/get_childtype_by_ajax?callback=jQuery110208901520459912717_1433309568589&typeid=&_=1433309568590
2015-06-03 13:33:09 - mouzhiqiang - /article/addarticle?gameid=10007
2015-06-03 13:33:11 - mouzhiqiang - /article/addarticle?gameid=10007
2015-06-03 13:33:12 - mouzhiqiang - /type/get_childtype_by_ajax?callback=jQuery1102046549699944444_1433309598187&typeid=&_=1433309598188
2015-06-03 13:33:15 - mouzhiqiang - /type/get_childtype_by_ajax?callback=jQuery1102046549699944444_1433309598187&typeid=6&_=1433309598189
2015-06-03 13:33:54 - mouzhiqiang - /article/addarticle?gameid=10007
2015-06-03 13:33:56 - mouzhiqiang - /article/articlelist?gameid=10007
2015-06-03 13:34:06 - mouzhiqiang - /article/editarticle?id=240&gameid=10007
2015-06-03 13:34:15 - mouzhiqiang - /article/editarticle?gameid=10007&id=240
2015-06-03 13:34:17 - mouzhiqiang - /article/articlelist?gameid=10007
2015-06-03 13:34:20 - mouzhiqiang - /article/addarticle?gameid=10007
2015-06-03 13:34:20 - mouzhiqiang - /type/get_childtype_by_ajax?callback=jQuery110207881057898048311_1433309666430&typeid=&_=1433309666431
2015-06-03 13:34:37 - mouzhiqiang - /type/get_childtype_by_ajax?callback=jQuery110207881057898048311_1433309666430&typeid=4&_=1433309666432
2015-06-03 13:34:39 - mouzhiqiang - /type/get_childtype_by_ajax?callback=jQuery110207881057898048311_1433309666430&typeid=6&_=1433309666433
2015-06-03 13:37:09 - mouzhiqiang - /article/addarticle?gameid=10007
2015-06-03 13:37:12 - mouzhiqiang - /article/articlelist?gameid=10007
2015-06-03 13:37:19 - mouzhiqiang - /article/addarticle?gameid=10007
2015-06-03 13:37:19 - mouzhiqiang - /type/get_childtype_by_ajax?callback=jQuery110209289371469058096_1433309845799&typeid=&_=1433309845800
2015-06-03 14:04:29 - liuchenxi - /home
2015-06-03 15:25:21 - liuchenxi - /game/gamelist
2015-06-03 18:02:03 - panyiliang - /home
2015-06-03 18:02:07 - panyiliang - /type/typelist
2015-06-03 18:02:19 - panyiliang - /game/gamelist
2015-06-03 18:02:25 - panyiliang - /article/articlelist?gameid=10008
2015-06-03 18:02:54 - panyiliang - /article/editarticle?id=280&gameid=10008
2015-06-03 18:04:42 - panyiliang - /article/editarticle?gameid=10008&id=280
2015-06-03 18:04:45 - panyiliang - /article/articlelist?gameid=10008
2015-06-03 18:04:49 - panyiliang - /article/editarticle?id=279&gameid=10008
2015-06-03 18:08:30 - panyiliang - /article/editarticle?gameid=10008&id=279
2015-06-03 18:08:33 - panyiliang - /article/articlelist?gameid=10008
2015-06-03 18:08:46 - panyiliang - /makeshtml/makearticle?id=279&gameid=10008
2015-06-03 18:08:48 - panyiliang - /article/articlelist?gameid=10008
2015-06-03 18:09:11 - panyiliang - /article/editarticle?id=280&gameid=10008
2015-06-03 18:09:24 - panyiliang - /article/editarticle?gameid=10008&id=280
2015-06-03 18:09:27 - panyiliang - /article/articlelist?gameid=10008
2015-06-03 18:09:43 - panyiliang - /article/addarticle?gameid=10008
2015-06-03 18:09:43 - panyiliang - /type/get_childtype_by_ajax?callback=jQuery1102019150025370648338_1433326182671&typeid=&_=1433326182672
2015-06-03 18:09:45 - panyiliang - /type/get_childtype_by_ajax?callback=jQuery1102019150025370648338_1433326182671&typeid=11&_=1433326182673
2015-06-03 18:10:41 - panyiliang - /article/addarticle?gameid=10008
2015-06-03 18:10:43 - panyiliang - /article/articlelist?gameid=10008
2015-06-03 18:10:52 - panyiliang - /article/editarticle?id=284&gameid=10008
2015-06-03 18:11:29 - panyiliang - /article/editarticle?gameid=10008&id=284
2015-06-03 18:11:31 - panyiliang - /article/articlelist?gameid=10008
2015-06-03 18:14:55 - panyiliang - /article/articlelist?gameid=10008
2015-06-03 18:15:04 - panyiliang - /article/editarticle?id=284&gameid=10008
2015-06-03 18:15:37 - panyiliang - /article/editarticle?gameid=10008&id=284
2015-06-03 18:15:40 - panyiliang - /article/articlelist?gameid=10008
2015-06-03 18:15:45 - panyiliang - /makeshtml/makearticle?id=284&gameid=10008
2015-06-03 18:15:47 - panyiliang - /article/articlelist?gameid=10008
2015-06-03 18:16:06 - panyiliang - /article/editarticle?id=284&gameid=10008
2015-06-03 18:16:59 - panyiliang - /article/editarticle?gameid=10008&id=284
2015-06-03 18:17:01 - panyiliang - /article/articlelist?gameid=10008
