2015-06-10 09:46:53 - liuchenxi - /home
2015-06-10 09:46:56 - liuchenxi - /game/gamelist
2015-06-10 10:05:10 - liuchenxi - /version/lists?gameid=10001
2015-06-10 10:05:31 - liuchenxi - /template/lists?vid=1&gameid=10001
2015-06-10 10:56:04 - liuchenxi - /version/lists?gameid=10001
2015-06-10 11:01:03 - liuchenxi - /template/lists?gameid=10001
2015-06-10 11:01:12 - liuchenxi - /template/lists?vid=1&gameid=10001
2015-06-10 11:02:03 - liuchenxi - /template/lists?vid=1&gameid=10001
2015-06-10 11:12:58 - liuchenxi - /template/lists?vid=1&gameid=10001
2015-06-10 11:18:24 - liuchenxi - /template/lists?vid=1&gameid=10001
2015-06-10 11:20:43 - liuchenxi - /template/lists?vid=1&gameid=10001
2015-06-10 11:22:49 - liuchenxi - /template/lists?vid=1&gameid=10001
2015-06-10 11:23:21 - liuchenxi - /template/lists?vid=1&gameid=10001
2015-06-10 11:23:36 - liuchenxi - /template/del?id=1&vid=1&gameid=10001
2015-06-10 11:23:38 - liuchenxi - /template/lists?gameid=10001&vid=1
2015-06-10 11:24:24 - liuchenxi - /template/lists?gameid=10001&vid=1
2015-06-10 11:35:44 - liuchenxi - /template/add?gameid=10001&vid=1
2015-06-10 11:36:59 - liuchenxi - /template/add?gameid=10001&vid=1
2015-06-10 11:37:15 - liuchenxi - /template/add?gameid=10001&vid=1
2015-06-10 11:37:32 - liuchenxi - /template/add?gameid=10001&vid=1
2015-06-10 11:37:42 - liuchenxi - /template/add?gameid=10001&vid=1
2015-06-10 11:37:50 - liuchenxi - /template/add?gameid=10001&vid=1
2015-06-10 11:39:13 - liuchenxi - /template/add?gameid=10001&vid=1
2015-06-10 11:39:40 - liuchenxi - /version/add?gameid=10001&vid=1
2015-06-10 11:39:42 - liuchenxi - /version/lists?gameid=10001
2015-06-10 11:39:52 - liuchenxi - /template/lists?vid=1&gameid=10001
2015-06-10 11:40:15 - liuchenxi - /template/add?gameid=10001&vid=1
2015-06-10 11:40:20 - liuchenxi - /template/add?gameid=10001&vid=1
2015-06-10 11:40:22 - liuchenxi - /template/lists?gameid=10001&vid=1
2015-06-10 11:42:35 - liuchenxi - /template/lists?gameid=10001&vid=1
2015-06-10 11:42:42 - liuchenxi - /template/edit?id=1&vid=1&gameid=10001
2015-06-10 11:43:02 - liuchenxi - /template/edit?id=1&vid=1&gameid=10001
2015-06-10 11:43:04 - liuchenxi - /template/lists?gameid=10001&vid=1
2015-06-10 11:43:08 - liuchenxi - /template/edit?id=1&vid=1&gameid=10001
2015-06-10 11:43:10 - liuchenxi - /template/edit?id=1&vid=1&gameid=10001
2015-06-10 11:43:13 - liuchenxi - /template/lists?gameid=10001&vid=1
2015-06-10 11:43:15 - liuchenxi - /template/edit?id=2&vid=1&gameid=10001
2015-06-10 11:43:19 - liuchenxi - /template/edit?id=2&vid=1&gameid=10001
2015-06-10 11:43:21 - liuchenxi - /template/lists?gameid=10001&vid=1
2015-06-10 11:43:24 - liuchenxi - /template/edit?id=2&vid=1&gameid=10001
2015-06-10 11:43:29 - liuchenxi - /template/edit?id=2&vid=1&gameid=10001
2015-06-10 11:43:31 - liuchenxi - /template/lists?gameid=10001&vid=1
2015-06-10 11:43:34 - liuchenxi - /template/edit?id=2&vid=1&gameid=10001
2015-06-10 11:44:09 - liuchenxi - /template/edit?id=2&vid=1&gameid=10001
2015-06-10 11:44:12 - liuchenxi - /template/lists?gameid=10001&vid=1
2015-06-10 11:44:15 - liuchenxi - /template/edit?id=2&vid=1&gameid=10001
2015-06-10 11:44:19 - liuchenxi - /template/edit?id=2&vid=1&gameid=10001
2015-06-10 11:44:21 - liuchenxi - /template/lists?gameid=10001&vid=1
2015-06-10 11:44:26 - liuchenxi - /template/edit?id=1&vid=1&gameid=10001
2015-06-10 11:44:29 - liuchenxi - /template/edit?id=1&vid=1&gameid=10001
2015-06-10 11:44:31 - liuchenxi - /template/lists?gameid=10001&vid=1
2015-06-10 12:08:03 - liuchenxi - /home
2015-06-10 13:51:59 - liuchenxi - /home
2015-06-10 13:52:02 - liuchenxi - /user/lists
2015-06-10 13:52:04 - liuchenxi - /
2015-06-10 13:52:06 - liuchenxi - /game/gamelist
2015-06-10 13:52:09 - liuchenxi - /version/lists?gameid=10001
2015-06-10 13:52:43 - liuchenxi - /version/edit?id=1&gameid=10001
2015-06-10 13:52:49 - liuchenxi - /template/lists?vid=1&gameid=10001
2015-06-10 13:55:46 - liuchenxi - /version/lists?gameid=10001
2015-06-10 13:56:18 - liuchenxi - /version/lists?gameid=10001
2015-06-10 13:56:29 - liuchenxi - /version/lists?gameid=10001
2015-06-10 13:56:45 - liuchenxi - /version/lists?gameid=10001
2015-06-10 13:56:50 - liuchenxi - /template/lists?vid=1&gameid=10001
2015-06-10 13:56:53 - liuchenxi - /template/lists?vid=2&gameid=10001
2015-06-10 13:56:57 - liuchenxi - /template/lists?vid=1&gameid=10001
2015-06-10 14:04:40 - liuchenxi - /template/lists?vid=1&gameid=10001
2015-06-10 14:05:18 - liuchenxi - /template/lists?vid=1&gameid=10001
2015-06-10 14:08:14 - liuchenxi - /template/lists?vid=1&gameid=10001
2015-06-10 14:08:29 - liuchenxi - /template/lists?vid=1&gameid=10001
2015-06-10 14:08:57 - liuchenxi - /template/lists?vid=1&gameid=10001
2015-06-10 14:09:36 - liuchenxi - /template/lists?vid=1&gameid=10001
2015-06-10 14:10:00 - liuchenxi - /template/lists?vid=1&gameid=10001
2015-06-10 14:10:43 - liuchenxi - /template/lists?vid=1&gameid=10001
2015-06-10 14:11:04 - liuchenxi - /template/lists?vid=1&gameid=10001
2015-06-10 14:11:08 - liuchenxi - /template/edit?id=1&vid=1&gameid=10001
2015-06-10 14:11:12 - liuchenxi - /template/edit?id=1&vid=1&gameid=10001
2015-06-10 14:11:14 - liuchenxi - /template/lists?gameid=10001&vid=1
2015-06-10 14:12:00 - liuchenxi - /template/lists?gameid=10001&vid=1
2015-06-10 14:15:24 - liuchenxi - /template/lists?gameid=10001&vid=1
2015-06-10 14:15:46 - liuchenxi - /template/lists?gameid=10001&vid=1
2015-06-10 14:16:14 - liuchenxi - /template/lists?gameid=10001&vid=1
2015-06-10 14:16:49 - liuchenxi - /template/lists?gameid=10001&vid=1
2015-06-10 14:19:47 - liuchenxi - /template/lists?gameid=10001&vid=1
2015-06-10 14:20:06 - liuchenxi - /template/lists?gameid=10001&vid=1
2015-06-10 14:20:30 - liuchenxi - /template/lists?gameid=10001&vid=1
2015-06-10 14:21:48 - liuchenxi - /game/gamelist
2015-06-10 14:21:54 - liuchenxi - /game/addgame
2015-06-10 14:22:14 - liuchenxi - /game/addgame
2015-06-10 14:22:17 - liuchenxi - /game/gamelist
2015-06-10 14:22:48 - liuchenxi - /game/gamelist
2015-06-10 14:22:58 - liuchenxi - /version/lists?gameid=10000
2015-06-10 14:23:03 - liuchenxi - /version/add?gameid=10000
2015-06-10 14:23:14 - liuchenxi - /version/add?gameid=10000
2015-06-10 14:23:16 - liuchenxi - /version/lists?gameid=10000
2015-06-10 14:23:24 - liuchenxi - /template/lists?vid=4&gameid=10000
2015-06-10 14:23:26 - liuchenxi - /template/add?gameid=10000&vid=4
2015-06-10 14:24:46 - liuchenxi - /template/add?gameid=10000&vid=4
2015-06-10 14:24:48 - liuchenxi - /template/lists?gameid=10000&vid=4
2015-06-10 14:24:55 - liuchenxi - /template/add?gameid=10000&vid=4
2015-06-10 14:25:26 - liuchenxi - /template/add?gameid=10000&vid=4
2015-06-10 14:25:29 - liuchenxi - /template/lists?gameid=10000&vid=4
2015-06-10 14:25:48 - liuchenxi - /template/add?gameid=10000&vid=4
2015-06-10 14:26:17 - liuchenxi - /template/add?gameid=10000&vid=4
2015-06-10 14:26:19 - liuchenxi - /template/lists?gameid=10000&vid=4
2015-06-10 14:28:34 - liuchenxi - /template/edit?id=5&vid=4&gameid=10000
2015-06-10 14:28:38 - liuchenxi - /template/edit?id=5&vid=4&gameid=10000
2015-06-10 14:28:41 - liuchenxi - /template/lists?gameid=10000&vid=4
2015-06-10 14:28:59 - liuchenxi - /template/add?gameid=10000&vid=4
2015-06-10 14:31:24 - liuchenxi - /template/add?gameid=10000&vid=4
2015-06-10 14:34:19 - liuchenxi - /template/add?gameid=10000&vid=4
2015-06-10 14:36:25 - liuchenxi - /template/add?gameid=10000&vid=4
2015-06-10 14:36:49 - liuchenxi - /template/add?gameid=10000&vid=4
2015-06-10 14:37:10 - liuchenxi - /template/add?gameid=10000&vid=4
2015-06-10 15:01:10 - liuchenxi - /template/add?gameid=10000&vid=4
2015-06-10 15:14:11 - liuchenxi - /template/add?gameid=10000&vid=4
2015-06-10 15:14:33 - liuchenxi - /template/add?gameid=10000&vid=4
2015-06-10 15:46:15 - liuchenxi - /template/add?gameid=10000&vid=4
2015-06-10 15:46:55 - liuchenxi - /template/add?gameid=10000&vid=4
2015-06-10 15:47:50 - liuchenxi - /template/add?gameid=10000&vid=4
2015-06-10 15:49:08 - liuchenxi - /template/add?gameid=10000&vid=4
2015-06-10 15:49:25 - liuchenxi - /template/add?gameid=10000&vid=4
2015-06-10 15:49:47 - liuchenxi - /template/add?gameid=10000&vid=4
2015-06-10 15:50:10 - liuchenxi - /template/add?gameid=10000&vid=4
2015-06-10 15:50:23 - liuchenxi - /template/add?gameid=10000&vid=4
2015-06-10 15:51:30 - liuchenxi - /template/add?gameid=10000&vid=4
2015-06-10 15:51:45 - liuchenxi - /template/add?gameid=10000&vid=4
2015-06-10 15:52:12 - liuchenxi - /template/add?gameid=10000&vid=4
2015-06-10 15:52:46 - liuchenxi - /template/add?gameid=10000&vid=4
2015-06-10 15:54:44 - liuchenxi - /template/add?gameid=10000&vid=4
2015-06-10 15:56:09 - liuchenxi - /template/add?gameid=10000&vid=4
2015-06-10 15:58:08 - liuchenxi - /template/add?gameid=10000&vid=4
2015-06-10 16:00:07 - liuchenxi - /template/add?gameid=10000&vid=4
2015-06-10 16:00:40 - liuchenxi - /template/add?gameid=10000&vid=4
2015-06-10 16:02:03 - liuchenxi - /template/add?gameid=10000&vid=4
2015-06-10 16:02:23 - liuchenxi - /template/add?gameid=10000&vid=4
2015-06-10 16:02:39 - liuchenxi - /template/add?gameid=10000&vid=4
2015-06-10 16:04:35 - liuchenxi - /template/add?gameid=10000&vid=4
2015-06-10 16:08:56 - liuchenxi - /template/add?gameid=10000&vid=4
2015-06-10 16:09:11 - liuchenxi - /template/add?gameid=10000&vid=4
2015-06-10 16:09:49 - liuchenxi - /template/add?gameid=10000&vid=4
2015-06-10 16:10:32 - liuchenxi - /template/add?gameid=10000&vid=4
2015-06-10 16:14:17 - liuchenxi - /template/add?gameid=10000&vid=4
2015-06-10 16:16:35 - liuchenxi - /template/add?gameid=10000&vid=4
2015-06-10 16:20:53 - liuchenxi - /template/add?gameid=10000&vid=4
2015-06-10 16:23:31 - liuchenxi - /template/add?gameid=10000&vid=4
2015-06-10 16:31:43 - liuchenxi - /game/gamelist
2015-06-10 16:31:48 - liuchenxi - /version/lists?gameid=10000
2015-06-10 16:31:51 - liuchenxi - /template/lists?vid=4&gameid=10000
2015-06-10 16:32:31 - liuchenxi - /template/lists?vid=4&gameid=10000
2015-06-10 16:32:41 - liuchenxi - /template/edit?id=5&vid=4&gameid=10000
2015-06-10 16:32:45 - liuchenxi - /template/edit?id=5&vid=4&gameid=10000
2015-06-10 16:32:48 - liuchenxi - /template/lists?gameid=10000&vid=4
2015-06-10 16:32:52 - liuchenxi - /make/make_one_tpl?vid=5&gameid=10000
2015-06-10 16:53:05 - liuchenxi - /make/make_one_tpl?vid=5&gameid=10000
2015-06-10 16:53:22 - liuchenxi - /make/make_one_tpl?vid=5&gameid=10000
2015-06-10 16:54:30 - liuchenxi - /make/make_one_tpl?vid=5&gameid=10000
2015-06-10 16:54:55 - liuchenxi - /template/lists?gameid=10000&vid=4
2015-06-10 16:55:03 - liuchenxi - /make/make_one_tpl?tid=5&vid=4&gameid=10000
2015-06-10 16:55:35 - liuchenxi - /make/make_one_tpl?tid=5&vid=4&gameid=10000
2015-06-10 16:57:00 - liuchenxi - /make/make_one_tpl?tid=5&vid=4&gameid=10000
2015-06-10 16:57:18 - liuchenxi - /make/make_one_tpl?tid=5&vid=4&gameid=10000
2015-06-10 16:57:32 - liuchenxi - /make/make_one_tpl?tid=5&vid=4&gameid=10000
2015-06-10 17:01:35 - liuchenxi - /make/make_one_tpl?tid=5&vid=4&gameid=10000
2015-06-10 17:02:11 - liuchenxi - /make/make_one_tpl?tid=5&vid=4&gameid=10000
2015-06-10 17:02:35 - liuchenxi - /make/make_one_tpl?tid=5&vid=4&gameid=10000
2015-06-10 17:05:33 - liuchenxi - /make/make_one_tpl?tid=5&vid=4&gameid=10000
2015-06-10 17:06:15 - liuchenxi - /make/make_one_tpl?tid=5&vid=4&gameid=10000
2015-06-10 17:11:35 - liuchenxi - /make/make_one_tpl?tid=5&vid=4&gameid=10000
2015-06-10 17:11:44 - liuchenxi - /make/make_one_tpl?tid=5&vid=4&gameid=10000
2015-06-10 17:12:20 - liuchenxi - /make/make_one_tpl?tid=5&vid=4&gameid=10000
2015-06-10 17:12:22 - liuchenxi - /make/make_one_tpl?tid=5&vid=4&gameid=10000
2015-06-10 17:26:08 - liuchenxi - /make/make_one_tpl?tid=5&vid=4&gameid=10000
2015-06-10 17:26:34 - liuchenxi - /make/make_one_tpl?tid=5&vid=4&gameid=10000
2015-06-10 17:31:08 - liuchenxi - /make/make_one_tpl?tid=5&vid=4&gameid=10000
2015-06-10 17:31:21 - liuchenxi - /make/make_one_tpl?tid=5&vid=4&gameid=10000
2015-06-10 17:31:22 - liuchenxi - /make/make_one_tpl?tid=5&vid=4&gameid=10000
2015-06-10 17:32:56 - liuchenxi - /make/make_one_tpl?tid=5&vid=4&gameid=10000
2015-06-10 17:33:08 - liuchenxi - /make/make_one_tpl?tid=5&vid=4&gameid=10000
2015-06-10 17:33:09 - liuchenxi - /make/make_one_tpl?tid=5&vid=4&gameid=10000
2015-06-10 17:33:10 - liuchenxi - /make/make_one_tpl?tid=5&vid=4&gameid=10000
2015-06-10 17:33:45 - liuchenxi - /make/make_one_tpl?tid=5&vid=4&gameid=10000
2015-06-10 17:33:48 - liuchenxi - /make/make_one_tpl?tid=5&vid=4&gameid=10000
2015-06-10 17:33:58 - liuchenxi - /make/make_one_tpl?tid=5&vid=4&gameid=10000
2015-06-10 17:33:58 - liuchenxi - /make/make_one_tpl?tid=5&vid=4&gameid=10000
2015-06-10 17:33:59 - liuchenxi - /make/make_one_tpl?tid=5&vid=4&gameid=10000
2015-06-10 17:34:21 - liuchenxi - /make/make_one_tpl?tid=5&vid=4&gameid=10000
2015-06-10 17:34:22 - liuchenxi - /make/make_one_tpl?tid=5&vid=4&gameid=10000
2015-06-10 17:34:22 - liuchenxi - /make/make_one_tpl?tid=5&vid=4&gameid=10000
2015-06-10 17:34:22 - liuchenxi - /make/make_one_tpl?tid=5&vid=4&gameid=10000
2015-06-10 17:34:34 - liuchenxi - /make/make_one_tpl?tid=5&vid=4&gameid=10000
2015-06-10 17:34:35 - liuchenxi - /make/make_one_tpl?tid=5&vid=4&gameid=10000
2015-06-10 17:34:35 - liuchenxi - /make/make_one_tpl?tid=5&vid=4&gameid=10000
2015-06-10 17:34:37 - liuchenxi - /make/make_one_tpl?tid=5&vid=4&gameid=10000
2015-06-10 17:34:45 - liuchenxi - /make/make_one_tpl?tid=5&vid=4&gameid=10000
2015-06-10 17:35:14 - liuchenxi - /make/make_one_tpl?tid=5&vid=4&gameid=10000
2015-06-10 17:59:45 - liuchenxi - /make/make_one_tpl?tid=5&vid=4&gameid=10000
2015-06-10 18:00:03 - liuchenxi - /make/make_one_tpl?tid=5&vid=4&gameid=10000
2015-06-10 18:00:15 - liuchenxi - /make/make_one_tpl?tid=5&vid=4&gameid=10000
2015-06-10 18:00:44 - liuchenxi - /make/make_one_tpl?tid=5&vid=4&gameid=10000
2015-06-10 18:00:58 - liuchenxi - /make/make_one_tpl?tid=5&vid=4&gameid=10000
2015-06-10 21:14:33 - liuchenxi - /home
2015-06-10 21:15:15 - liuchenxi - /home
2015-06-10 21:15:29 - liuchenxi - /make/make_one_tpl
2015-06-10 21:15:48 - liuchenxi - /make/make_one_tpl
2015-06-10 21:17:22 - liuchenxi - /make/make_one_tpl
2015-06-10 21:17:30 - liuchenxi - /make/make_one_tpl
2015-06-10 21:18:54 - liuchenxi - /make/make_one_tpl
2015-06-10 21:19:11 - liuchenxi - /make/make_one_tpl
2015-06-10 21:22:13 - liuchenxi - /make/make_one_tpl
2015-06-10 21:22:40 - liuchenxi - /make/make_one_tpl
2015-06-10 21:22:41 - liuchenxi - /make/make_one_tpl
2015-06-10 21:22:43 - liuchenxi - /make/make_one_tpl
2015-06-10 21:22:59 - liuchenxi - /make/make_one_tpl
2015-06-10 21:23:44 - liuchenxi - /make/make_one_tpl
2015-06-10 21:23:45 - liuchenxi - /make/make_one_tpl
2015-06-10 21:23:46 - liuchenxi - /make/make_one_tpl
2015-06-10 21:24:11 - liuchenxi - /make/make_one_tpl
2015-06-10 21:24:12 - liuchenxi - /make/make_one_tpl
2015-06-10 21:24:24 - liuchenxi - /make/make_one_tpl
2015-06-10 21:24:36 - liuchenxi - /make/make_one_tpl
2015-06-10 21:24:38 - liuchenxi - /make/make_one_tpl
2015-06-10 21:25:03 - liuchenxi - /make/make_one_tpl
2015-06-10 21:25:14 - liuchenxi - /make/make_one_tpl
2015-06-10 21:25:43 - liuchenxi - /make/make_one_tpl
2015-06-10 21:26:08 - liuchenxi - /make/make_one_tpl
2015-06-10 21:26:31 - liuchenxi - /make/make_one_tpl
2015-06-10 21:26:51 - liuchenxi - /make/make_one_tpl
2015-06-10 21:27:25 - liuchenxi - /make/make_one_tpl
2015-06-10 21:27:54 - liuchenxi - /make/make_one_tpl
2015-06-10 21:28:06 - liuchenxi - /make/make_one_tpl
2015-06-10 21:30:44 - liuchenxi - /make/make_one_tpl
2015-06-10 21:30:58 - liuchenxi - /make/make_one_tpl
2015-06-10 21:32:22 - liuchenxi - /make/make_one_tpl
2015-06-10 21:33:08 - liuchenxi - /make/make_one_tpl
2015-06-10 21:33:09 - liuchenxi - /make/make_one_tpl
2015-06-10 21:33:19 - liuchenxi - /make/make_one_tpl
2015-06-10 21:33:36 - liuchenxi - /make/make_one_tpl
2015-06-10 21:33:37 - liuchenxi - /make/make_one_tpl
2015-06-10 21:33:38 - liuchenxi - /make/make_one_tpl
2015-06-10 21:49:06 - liuchenxi - /make/make_one_tpl
2015-06-10 21:50:35 - liuchenxi - /make/make_one_tpl
2015-06-10 21:50:45 - liuchenxi - /make/make_one_tpl
2015-06-10 21:51:09 - liuchenxi - /make/make_one_tpl
2015-06-10 21:51:38 - liuchenxi - /make/make_one_tpl
2015-06-10 21:51:44 - liuchenxi - /make/make_one_tpl
2015-06-10 21:54:23 - liuchenxi - /make/make_one_tpl
2015-06-10 21:54:47 - liuchenxi - /make/make_one_tpl
2015-06-10 21:55:36 - liuchenxi - /make/make_one_tpl
2015-06-10 21:55:52 - liuchenxi - /make/make_one_tpl
2015-06-10 21:56:00 - liuchenxi - /make/make_one_tpl
2015-06-10 21:56:46 - liuchenxi - /make/make_one_tpl
2015-06-10 21:56:59 - liuchenxi - /make/make_one_tpl
2015-06-10 21:57:33 - liuchenxi - /make/make_one_tpl
2015-06-10 22:32:54 - liuchenxi - /home
2015-06-10 22:32:59 - liuchenxi - /home
2015-06-10 22:39:19 - liuchenxi - /make/make_one_tpl
2015-06-10 22:39:53 - liuchenxi - /make/make_one_tpl
2015-06-10 22:40:30 - liuchenxi - /make/make_one_tpl
2015-06-10 22:40:53 - liuchenxi - /make/make_one_tpl
2015-06-10 22:48:52 - liuchenxi - /make/make_one_tpl
2015-06-10 22:48:56 - liuchenxi - /game/gamelist
2015-06-10 22:49:37 - liuchenxi - /version/lists?gameid=10000
2015-06-10 22:49:45 - liuchenxi - /template/lists?vid=4&gameid=10000
2015-06-10 22:50:06 - liuchenxi - /template/edit?id=5&vid=4&gameid=10000
2015-06-10 22:50:14 - liuchenxi - /template/edit?id=5&vid=4&gameid=10000
2015-06-10 22:50:25 - liuchenxi - /template/lists?gameid=10000&vid=4
2015-06-10 22:52:43 - liuchenxi - /template/lists?gameid=10000&vid=4
2015-06-10 22:52:48 - liuchenxi - /template/edit?id=5&vid=4&gameid=10000
2015-06-10 22:53:08 - liuchenxi - /template/edit?id=5&vid=4&gameid=10000
2015-06-10 22:53:10 - liuchenxi - /template/lists?gameid=10000&vid=4
2015-06-10 22:53:12 - liuchenxi - /template/edit?id=5&vid=4&gameid=10000
2015-06-10 22:53:22 - liuchenxi - /template/edit?id=5&vid=4&gameid=10000
2015-06-10 22:53:25 - liuchenxi - /template/lists?gameid=10000&vid=4
2015-06-10 22:53:28 - liuchenxi - /template/edit?id=5&vid=4&gameid=10000
2015-06-10 22:54:14 - liuchenxi - /template/edit?id=5&vid=4&gameid=10000
2015-06-10 22:54:45 - liuchenxi - /template/edit?id=5&vid=4&gameid=10000
2015-06-10 22:54:47 - liuchenxi - /template/lists?gameid=10000&vid=4
2015-06-10 22:54:50 - liuchenxi - /template/edit?id=5&vid=4&gameid=10000
2015-06-10 22:55:36 - liuchenxi - /template/edit?id=5&vid=4&gameid=10000
2015-06-10 22:55:39 - liuchenxi - /template/lists?gameid=10000&vid=4
2015-06-10 22:55:49 - liuchenxi - /make/make_one_tpl?tid=5&vid=4&gameid=10000
2015-06-10 22:56:04 - liuchenxi - /make/make_one_tpl?tid=5&vid=4&gameid=10000
2015-06-10 22:56:46 - liuchenxi - /make/make_one_tpl?tid=5&vid=4&gameid=10000
2015-06-10 22:57:08 - liuchenxi - /make/make_one_tpl?tid=5&vid=4&gameid=10000
2015-06-10 22:58:32 - liuchenxi - /make/make_one_tpl?tid=5&vid=4&gameid=10000
2015-06-10 22:58:47 - liuchenxi - /template/edit?id=5&vid=4&gameid=10000
2015-06-10 22:58:57 - liuchenxi - /template/edit?id=5&vid=4&gameid=10000
2015-06-10 22:58:59 - liuchenxi - /template/lists?gameid=10000&vid=4
2015-06-10 22:59:03 - liuchenxi - /template/edit?id=5&vid=4&gameid=10000
2015-06-10 22:59:03 - liuchenxi - /make/make_one_tpl?tid=5&vid=4&gameid=10000
2015-06-10 23:03:55 - liuchenxi - /make/make_one_tpl?tid=5&vid=4&gameid=10000
2015-06-10 23:04:10 - liuchenxi - /make/make_one_tpl?tid=5&vid=4&gameid=10000
2015-06-10 23:04:26 - liuchenxi - /make/make_one_tpl?tid=5&vid=4&gameid=10000
2015-06-10 23:05:19 - liuchenxi - /make/make_one_tpl?tid=5&vid=4&gameid=10000
2015-06-10 23:05:21 - liuchenxi - /make/make_one_tpl?tid=5&vid=4&gameid=10000
2015-06-10 23:05:53 - liuchenxi - /make/make_one_tpl?tid=5&vid=4&gameid=10000
2015-06-10 23:06:12 - liuchenxi - /make/make_one_tpl?tid=5&vid=4&gameid=10000
2015-06-10 23:06:12 - liuchenxi - /make/make_one_tpl?tid=5&vid=4&gameid=10000
2015-06-10 23:06:13 - liuchenxi - /make/make_one_tpl?tid=5&vid=4&gameid=10000
2015-06-10 23:06:13 - liuchenxi - /make/make_one_tpl?tid=5&vid=4&gameid=10000
2015-06-10 23:08:56 - liuchenxi - /make/make_one_tpl?tid=5&vid=4&gameid=10000
2015-06-10 23:20:38 - liuchenxi - /template/edit?id=5&vid=4&gameid=10000
2015-06-10 23:22:49 - liuchenxi - /template/edit?id=5&vid=4&gameid=10000
2015-06-10 23:22:51 - liuchenxi - /template/lists?gameid=10000&vid=4
2015-06-10 23:22:55 - liuchenxi - /make/make_one_tpl?tid=5&vid=4&gameid=10000
2015-06-10 23:23:39 - liuchenxi - /template/edit?id=5&vid=4&gameid=10000
2015-06-10 23:23:53 - liuchenxi - /template/edit?id=5&vid=4&gameid=10000
2015-06-10 23:23:55 - liuchenxi - /template/lists?gameid=10000&vid=4
2015-06-10 23:24:43 - liuchenxi - /make/make_one_tpl?tid=5&vid=4&gameid=10000
2015-06-10 23:24:57 - liuchenxi - /make/make_one_tpl?tid=5&vid=4&gameid=10000
2015-06-10 23:25:29 - liuchenxi - /make/make_one_tpl?tid=5&vid=4&gameid=10000
2015-06-10 23:27:10 - liuchenxi - /make/make_one_tpl?tid=5&vid=4&gameid=10000
2015-06-10 23:31:46 - liuchenxi - /make/make_one_tpl?tid=5&vid=4&gameid=10000
2015-06-10 23:46:11 - liuchenxi - /make/make_one_tpl?tid=5&vid=4&gameid=10000
2015-06-10 23:51:00 - liuchenxi - /template/edit?id=5&vid=4&gameid=10000
2015-06-10 23:51:00 - liuchenxi - /make/make_one_tpl?tid=5&vid=4&gameid=10000
2015-06-10 23:51:10 - liuchenxi - /template/edit?id=5&vid=4&gameid=10000
2015-06-10 23:51:12 - liuchenxi - /make/make_one_tpl?tid=5&vid=4&gameid=10000
2015-06-10 23:51:12 - liuchenxi - /template/lists?gameid=10000&vid=4
