2015-06-07 17:26:13 - mouzhiqiang - /home
2015-06-07 17:26:19 - mouzhiqiang - /game/gamelist
2015-06-07 17:26:35 - mouzhiqiang - /article/articlelist?gameid=10007
2015-06-07 17:27:33 - mouzhiqiang - /article/editarticle?id=290&gameid=10007
2015-06-07 17:27:48 - mouzhiqiang - /article/articlelist?gameid=10007
2015-06-07 17:28:18 - mouzhiqiang - /game/setseo?gameid=10007
2015-06-07 17:28:32 - mouzhiqiang - /game/gamelist
2015-06-07 17:28:38 - mouzhiqiang - /article/articlelist?gameid=10007
2015-06-07 17:28:43 - mouzhiqiang - /makeshtml/makeallacticle?gameid=10007
2015-06-07 17:28:47 - mouzhiqiang - /article/articlelist?gameid=10007
2015-06-07 17:29:47 - mouzhiqiang - /home
2015-06-07 17:29:50 - mouzhiqiang - /game/gamelist
2015-06-07 17:29:52 - mouzhiqiang - /type/typelist
2015-06-07 17:30:07 - mouzhiqiang - /game/gamelist
2015-06-07 17:30:11 - mouzhiqiang - /article/articlelist?gameid=10007
2015-06-07 17:30:14 - mouzhiqiang - /article/editarticle?id=290&gameid=10007
2015-06-07 17:32:15 - mouzhiqiang - /home
2015-06-07 17:32:44 - mouzhiqiang - /game/gamelist
2015-06-07 17:33:05 - mouzhiqiang - /article/articlelist?gameid=10007
2015-06-07 17:33:30 - mouzhiqiang - /article/addarticle?gameid=10007
2015-06-07 17:33:31 - mouzhiqiang - /type/get_childtype_by_ajax?callback=jQuery110209977985331788659_1433669936200&typeid=&_=1433669936201
2015-06-07 17:33:47 - mouzhiqiang - /article/editarticle?id=290&gameid=10007
2015-06-07 17:37:51 - mouzhiqiang - /type/get_childtype_by_ajax?callback=jQuery1102030653539043851197_1433669558461&typeid=6&_=1433669558462
2015-06-07 17:38:07 - mouzhiqiang - /article/editarticle?gameid=10007&id=290
2015-06-07 17:38:09 - mouzhiqiang - /article/articlelist?gameid=10007
2015-06-07 17:38:19 - mouzhiqiang - /article/editarticle?id=290&gameid=10007
2015-06-07 17:38:29 - mouzhiqiang - /game/gamelist
2015-06-07 17:38:31 - mouzhiqiang - /article/articlelist?gameid=10007
2015-06-07 17:38:36 - mouzhiqiang - /makeshtml/makeallacticle?gameid=10007
2015-06-07 17:38:40 - mouzhiqiang - /article/articlelist?gameid=10007
2015-06-07 17:39:08 - mouzhiqiang - /article/editarticle?gameid=10007&id=290
2015-06-07 17:39:10 - mouzhiqiang - /article/articlelist?gameid=10007
2015-06-07 17:39:13 - mouzhiqiang - /makeshtml/makeallacticle?gameid=10007
2015-06-07 17:39:17 - mouzhiqiang - /article/articlelist?gameid=10007
2015-06-07 17:39:32 - mouzhiqiang - /article/editarticle?id=306&gameid=10007
2015-06-07 17:40:36 - mouzhiqiang - /article/editarticle?id=236&gameid=10007
2015-06-07 17:40:46 - mouzhiqiang - /type/get_childtype_by_ajax?callback=jQuery11020017509506782516837_1433670245813&typeid=4&_=1433670245814
2015-06-07 17:40:51 - mouzhiqiang - /article/addarticle?gameid=10007
2015-06-07 17:40:51 - mouzhiqiang - /game/setseo?gameid=10007
2015-06-07 17:40:52 - mouzhiqiang - /type/get_childtype_by_ajax?callback=jQuery1102005862399050965905_1433670376830&typeid=&_=1433670376831
2015-06-07 17:40:54 - mouzhiqiang - /type/get_childtype_by_ajax?callback=jQuery1102005862399050965905_1433670376830&typeid=4&_=1433670376832
2015-06-07 17:40:59 - mouzhiqiang - /
2015-06-07 17:41:04 - mouzhiqiang - /game/gamelist
2015-06-07 17:41:06 - mouzhiqiang - /type/typelist
2015-06-07 17:41:19 - mouzhiqiang - /game/gamelist
2015-06-07 17:41:22 - mouzhiqiang - /article/articlelist?gameid=10007
2015-06-07 17:41:31 - mouzhiqiang - /article/addarticle?gameid=10007
2015-06-07 17:41:31 - mouzhiqiang - /type/get_childtype_by_ajax?callback=jQuery1102013257193914614618_1433670023008&typeid=&_=1433670023009
2015-06-07 17:42:20 - mouzhiqiang - /article/articlelist?gameid=10007
2015-06-07 17:42:23 - mouzhiqiang - /article/editarticle?id=295&gameid=10007
2015-06-07 17:42:30 - mouzhiqiang - /type/get_childtype_by_ajax?callback=jQuery110203787717423401773_1433670075416&typeid=6&_=1433670075417
2015-06-07 17:42:33 - mouzhiqiang - /article/editarticle?gameid=10007&id=295
2015-06-07 17:42:35 - mouzhiqiang - /article/articlelist?gameid=10007
2015-06-07 17:42:40 - mouzhiqiang - /article/editarticle?id=294&gameid=10007
2015-06-07 17:42:44 - mouzhiqiang - /article/editarticle?gameid=10007&id=294
2015-06-07 17:42:46 - mouzhiqiang - /article/articlelist?gameid=10007
2015-06-07 17:42:50 - mouzhiqiang - /article/editarticle?id=294&gameid=10007
2015-06-07 17:42:54 - mouzhiqiang - /type/get_childtype_by_ajax?callback=jQuery1102006435735337436199_1433670102108&typeid=6&_=1433670102109
2015-06-07 17:42:56 - mouzhiqiang - /article/editarticle?gameid=10007&id=294
2015-06-07 17:42:58 - mouzhiqiang - /article/articlelist?gameid=10007
2015-06-07 17:43:09 - mouzhiqiang - /article/editarticle?id=293&gameid=10007
2015-06-07 17:43:18 - mouzhiqiang - /type/get_childtype_by_ajax?callback=jQuery1102007755396119318902_1433670120683&typeid=6&_=1433670120684
2015-06-07 17:43:20 - mouzhiqiang - /article/editarticle?gameid=10007&id=293
2015-06-07 17:43:22 - mouzhiqiang - /article/articlelist?gameid=10007
2015-06-07 17:43:30 - mouzhiqiang - /article/editarticle?id=292&gameid=10007
2015-06-07 17:43:35 - mouzhiqiang - /type/get_childtype_by_ajax?callback=jQuery11020007937913294881582_1433670141635&typeid=6&_=1433670141636
2015-06-07 17:43:38 - mouzhiqiang - /article/editarticle?gameid=10007&id=292
2015-06-07 17:43:40 - mouzhiqiang - /article/articlelist?gameid=10007
2015-06-07 17:43:57 - mouzhiqiang - /article/articlelist?gameid=10007
2015-06-07 17:44:01 - mouzhiqiang - /article/addarticle?gameid=10007
2015-06-07 17:44:04 - mouzhiqiang - /article/articlelist?gameid=10007
2015-06-07 17:44:10 - mouzhiqiang - /makeshtml/makearticle?id=307&gameid=10007
2015-06-07 17:44:12 - mouzhiqiang - /article/articlelist?gameid=10007
2015-06-07 17:44:41 - mouzhiqiang - /game/gamelist
2015-06-07 17:44:46 - mouzhiqiang - /article/articlelist?gameid=10007
2015-06-07 17:44:52 - mouzhiqiang - /game/gamelist
2015-06-07 17:44:54 - mouzhiqiang - /article/articlelist?gameid=10007
2015-06-07 17:44:55 - mouzhiqiang - /article/editarticle?id=307&gameid=10007
2015-06-07 17:45:08 - mouzhiqiang - /article/editarticle?gameid=10007&id=307
2015-06-07 17:45:10 - mouzhiqiang - /article/articlelist?gameid=10007
2015-06-07 17:45:13 - mouzhiqiang - /makeshtml/makearticle?id=307&gameid=10007
2015-06-07 17:45:16 - mouzhiqiang - /article/articlelist?gameid=10007
2015-06-07 17:45:24 - mouzhiqiang - /article/editarticle?id=307&gameid=10007
2015-06-07 17:46:46 - mouzhiqiang - /makeshtml/makearticle?id=307&gameid=10007
2015-06-07 17:46:48 - mouzhiqiang - /article/articlelist?gameid=10007
2015-06-07 17:46:53 - mouzhiqiang - /article/editarticle?id=307&gameid=10007
2015-06-07 17:47:02 - mouzhiqiang - /article/editarticle?id=307&gameid=10007
2015-06-07 17:47:06 - mouzhiqiang - /article/editarticle?gameid=10007&id=307
2015-06-07 17:47:08 - mouzhiqiang - /article/articlelist?gameid=10007
2015-06-07 17:47:10 - mouzhiqiang - /home
2015-06-07 17:47:11 - mouzhiqiang - /makeshtml/makearticle?id=307&gameid=10007
2015-06-07 17:47:14 - mouzhiqiang - /article/articlelist?gameid=10007
2015-06-07 17:47:22 - mouzhiqiang - /article/editarticle?id=307&gameid=10007
2015-06-07 17:47:30 - mouzhiqiang - /article/articlelist?gameid=10007
2015-06-07 17:47:34 - mouzhiqiang - /article/addarticle?gameid=10007
2015-06-07 17:47:34 - mouzhiqiang - /type/get_childtype_by_ajax?callback=jQuery110209896527796518058_1433670386034&typeid=&_=1433670386035
2015-06-07 17:47:36 - mouzhiqiang - /type/get_childtype_by_ajax?callback=jQuery110209896527796518058_1433670386034&typeid=2&_=1433670386036
2015-06-07 17:47:43 - mouzhiqiang - /article/addarticle?gameid=10007
2015-06-07 17:47:43 - mouzhiqiang - /type/get_childtype_by_ajax?callback=jQuery110209435509375762194_1433670395164&typeid=&_=1433670395165
2015-06-07 17:47:44 - mouzhiqiang - /game/gamelist
2015-06-07 17:47:45 - mouzhiqiang - /type/get_childtype_by_ajax?callback=jQuery110209435509375762194_1433670395164&typeid=2&_=1433670395166
2015-06-07 17:47:46 - mouzhiqiang - /article/articlelist?gameid=10007
2015-06-07 17:47:51 - mouzhiqiang - /article/editarticle?id=307&gameid=10007
2015-06-07 17:48:05 - mouzhiqiang - /article/addarticle?gameid=10007
2015-06-07 17:48:07 - mouzhiqiang - /article/articlelist?gameid=10007
2015-06-07 17:48:11 - mouzhiqiang - /makeshtml/makeallacticle?gameid=10007
2015-06-07 17:48:13 - mouzhiqiang - /article/addarticle?gameid=10007
2015-06-07 17:48:13 - mouzhiqiang - /type/get_childtype_by_ajax?callback=jQuery1102014658705540932715_1433670500666&typeid=&_=1433670500667
2015-06-07 17:48:15 - mouzhiqiang - /article/articlelist?gameid=10007
2015-06-07 17:48:15 - mouzhiqiang - /type/get_childtype_by_ajax?callback=jQuery1102014658705540932715_1433670500666&typeid=4&_=1433670500668
2015-06-07 17:49:04 - mouzhiqiang - /home
2015-06-07 17:49:07 - mouzhiqiang - /game/gamelist
2015-06-07 17:49:11 - mouzhiqiang - /article/articlelist?gameid=10007
2015-06-07 17:49:53 - mouzhiqiang - /article/addarticle?gameid=10007
2015-06-07 17:49:55 - mouzhiqiang - /article/articlelist?gameid=10007
2015-06-07 17:49:58 - mouzhiqiang - /article/editarticle?id=309&gameid=10007
2015-06-07 17:50:01 - mouzhiqiang - /article/addarticle?gameid=10007
2015-06-07 17:50:02 - mouzhiqiang - /type/get_childtype_by_ajax?callback=jQuery110209681118305306882_1433670532887&typeid=&_=1433670532888
2015-06-07 17:50:50 - mouzhiqiang - /article/delarticle?id=308&gameid=10007
2015-06-07 17:50:52 - mouzhiqiang - /article/articlelist?gameid=10007
2015-06-07 17:50:54 - mouzhiqiang - /makeshtml/makeallacticle?gameid=10007
2015-06-07 17:50:57 - mouzhiqiang - /article/articlelist?gameid=10007
2015-06-07 17:52:06 - mouzhiqiang - /article/editarticle?gameid=10007&id=309
2015-06-07 17:52:09 - mouzhiqiang - /article/articlelist?gameid=10007
2015-06-07 17:52:25 - mouzhiqiang - /article/editarticle?id=309&gameid=10007
2015-06-07 17:52:31 - mouzhiqiang - /article/editarticle?gameid=10007&id=309
2015-06-07 17:52:33 - mouzhiqiang - /article/articlelist?gameid=10007
2015-06-07 17:53:13 - mouzhiqiang - /article/articlelist?gameid=10007
2015-06-07 17:56:14 - mouzhiqiang - /makeshtml/makealllist?gameid=10007
2015-06-07 17:56:16 - mouzhiqiang - /article/articlelist?gameid=10007
2015-06-07 17:56:18 - mouzhiqiang - /type/typelist
2015-06-07 17:56:58 - mouzhiqiang - /type/typelist
2015-06-07 17:57:00 - mouzhiqiang - /game/gamelist
2015-06-07 17:57:38 - mouzhiqiang - /article/articlelist?gameid=10007
2015-06-07 17:57:55 - mouzhiqiang - /makeshtml/makearticle?id=309&gameid=10007
2015-06-07 17:57:58 - mouzhiqiang - /article/articlelist?gameid=10007
2015-06-07 17:58:13 - mouzhiqiang - /type/typelist
2015-06-07 17:58:14 - mouzhiqiang - /
2015-06-07 17:58:31 - mouzhiqiang - /type/typelist
2015-06-07 17:59:56 - mouzhiqiang - /article/addarticle?gameid=10007
2015-06-07 17:59:56 - mouzhiqiang - /type/get_childtype_by_ajax?callback=jQuery110205502478764392436_1433671521796&typeid=&_=1433671521797
2015-06-07 17:59:59 - mouzhiqiang - /type/get_childtype_by_ajax?callback=jQuery110205502478764392436_1433671521796&typeid=10&_=1433671521798
2015-06-07 18:04:23 - mouzhiqiang - /article/articlelist?gameid=10007
2015-06-07 18:04:33 - mouzhiqiang - /article/addarticle?gameid=10007
2015-06-07 18:04:33 - mouzhiqiang - /type/get_childtype_by_ajax?callback=jQuery110206885502836667001_1433671405027&typeid=&_=1433671405028
2015-06-07 18:04:43 - mouzhiqiang - /article/articlelist?gameid=10007
2015-06-07 18:04:44 - mouzhiqiang - /makeshtml/makealllist?gameid=10007
2015-06-07 18:04:47 - mouzhiqiang - /article/articlelist?gameid=10007
2015-06-07 18:06:55 - mouzhiqiang - /article/addarticle?gameid=10007
2015-06-07 18:06:57 - mouzhiqiang - /article/articlelist?gameid=10007
2015-06-07 18:07:02 - mouzhiqiang - /makeshtml/makearticle?id=310&gameid=10007
2015-06-07 18:07:05 - mouzhiqiang - /article/articlelist?gameid=10007
2015-06-07 18:12:33 - mouzhiqiang - /article/addarticle?gameid=10007
2015-06-07 18:12:34 - mouzhiqiang - /type/get_childtype_by_ajax?callback=jQuery110206867295128758997_1433672279171&typeid=&_=1433672279172
2015-06-07 18:12:37 - mouzhiqiang - /type/get_childtype_by_ajax?callback=jQuery110206867295128758997_1433672279171&typeid=3&_=1433672279173
2015-06-07 18:18:31 - mouzhiqiang - /article/addarticle?gameid=10007
2015-06-07 18:18:33 - mouzhiqiang - /article/articlelist?gameid=10007
2015-06-07 18:18:36 - mouzhiqiang - /makeshtml/makearticle?id=311&gameid=10007
2015-06-07 18:18:38 - mouzhiqiang - /article/articlelist?gameid=10007
2015-06-07 18:18:58 - mouzhiqiang - /article/editarticle?id=311&gameid=10007
2015-06-07 18:19:13 - mouzhiqiang - /article/editarticle?gameid=10007&id=311
2015-06-07 18:19:16 - mouzhiqiang - /article/articlelist?gameid=10007
2015-06-07 18:19:31 - mouzhiqiang - /article/editarticle?id=311&gameid=10007
2015-06-07 18:19:46 - mouzhiqiang - /article/editarticle?gameid=10007&id=311
2015-06-07 18:19:49 - mouzhiqiang - /article/articlelist?gameid=10007
2015-06-07 23:29:21 - liuchenxi - /home
2015-06-07 23:29:23 - liuchenxi - /game/gamelist
2015-06-07 23:29:28 - liuchenxi - /type/typelist
2015-06-07 23:29:30 - liuchenxi - /game/gamelist
2015-06-07 23:29:33 - liuchenxi - /article/articlelist?gameid=10002
2015-06-07 23:29:35 - liuchenxi - /card/qzgs_list
2015-06-07 23:29:44 - liuchenxi - /card/qzgs_add
2015-06-07 23:29:44 - liuchenxi - /type/get_childtype_by_ajax?callback=jQuery110200010631973839845266_1433690968254&_=1433690968255
