2015-06-02 09:52:51 - liuchenxi - /home
2015-06-02 09:52:57 - liuchenxi - /game/gamelist
2015-06-02 09:53:14 - liuchenxi - /card/lqzg_list
2015-06-02 10:23:00 - liuchenxi - /card/lqzg_list
2015-06-02 10:23:46 - liuchenxi - /card/qzgs_list
2015-06-02 10:23:53 - liuchenxi - /card/qzgs_add
2015-06-02 10:24:36 - liuchenxi - /card/qzgs_add
2015-06-02 10:24:37 - liuchenxi - /type/get_childtype_by_ajax?callback=jQuery1102021402696310542524_1433211868622&typeid=&_=1433211868623
2015-06-02 10:25:31 - liuchenxi - /card/qzgs_add
2015-06-02 10:25:31 - liuchenxi - /type/get_childtype_by_ajax?callback=jQuery110208352896689902991_1433211922396&typeid=&_=1433211922397
2015-06-02 10:25:33 - liuchenxi - /card/qzgs_list
2015-06-02 10:25:34 - liuchenxi - /card/qzgs_add
2015-06-02 10:25:34 - liuchenxi - /type/get_childtype_by_ajax?callback=jQuery110206853457526303828_1433211925352&typeid=&_=1433211925353
2015-06-02 10:27:06 - liuchenxi - /card/qzgs_add
2015-06-02 10:27:07 - liuchenxi - /type/get_childtype_by_ajax?callback=jQuery1102033576779533177614_1433212018004&typeid=&_=1433212018005
2015-06-02 10:29:54 - liuchenxi - /card/qzgs_add
2015-06-02 10:33:52 - liuchenxi - /home
2015-06-02 10:33:57 - liuchenxi - /card/qzgs_add
2015-06-02 10:45:57 - liuchenxi - /
2015-06-02 10:46:00 - liuchenxi - /game/gamelist
2015-06-02 10:46:05 - liuchenxi - /article/articlelist?gameid=10001
2015-06-02 10:46:08 - liuchenxi - /makeshtml/makealllist?gameid=10001
2015-06-02 10:46:12 - liuchenxi - /article/articlelist?gameid=10001
2015-06-02 10:47:57 - liuchenxi - /makeshtml/makealllist?gameid=10001
2015-06-02 10:48:01 - liuchenxi - /article/articlelist?gameid=10001
2015-06-02 10:50:03 - liuchenxi - /card/qzgs_add
2015-06-02 10:51:03 - liuchenxi - /card/qzgs_add
2015-06-02 10:51:03 - liuchenxi - /card/qzgs_add
2015-06-02 10:51:04 - liuchenxi - /card/qzgs_add
2015-06-02 10:51:04 - liuchenxi - /card/qzgs_add
2015-06-02 10:51:04 - liuchenxi - /card/qzgs_add
2015-06-02 10:51:05 - liuchenxi - /card/qzgs_add
2015-06-02 11:18:04 - liuchenxi - /
2015-06-02 11:18:09 - liuchenxi - /game/gamelist
2015-06-02 11:18:26 - liuchenxi - /article/articlelist?gameid=10005
2015-06-02 11:25:03 - liuchenxi - /card/qzgs_add
2015-06-02 11:25:19 - liuchenxi - /card/qzgs_add
2015-06-02 11:25:20 - liuchenxi - /type/get_childtype_by_ajax?callback=jQuery110206498247230839677_1433215511132&_=1433215511133
2015-06-02 11:28:13 - liuchenxi - /card/qzgs_add
2015-06-02 11:28:14 - liuchenxi - /type/get_childtype_by_ajax?callback=jQuery110208413114833824958_1433215685789&_=1433215685790
2015-06-02 11:29:38 - liuchenxi - /card/qzgs_add
2015-06-02 11:29:39 - liuchenxi - /type/get_childtype_by_ajax?callback=jQuery1102031778671631901134_1433215770241&_=1433215770242
2015-06-02 11:35:18 - liuchenxi - /card/qzgs_add
2015-06-02 11:35:19 - liuchenxi - /type/get_childtype_by_ajax?callback=jQuery110209319805239171822_1433216110699&_=1433216110700
2015-06-02 11:36:47 - liuchenxi - /card/qzgs_add
2015-06-02 11:36:48 - liuchenxi - /type/get_childtype_by_ajax?callback=jQuery110206062503595487094_1433216199490&_=1433216199491
2015-06-02 11:37:41 - liuchenxi - /card/qzgs_add
2015-06-02 11:37:42 - liuchenxi - /type/get_childtype_by_ajax?callback=jQuery11020314922242930156_1433216252994&_=1433216252995
2015-06-02 11:38:22 - liuchenxi - /card/qzgs_add
2015-06-02 11:38:23 - liuchenxi - /type/get_childtype_by_ajax?callback=jQuery110209548890989732681_1433216294320&_=1433216294321
2015-06-02 11:40:09 - liuchenxi - /card/qzgs_add
2015-06-02 11:40:10 - liuchenxi - /type/get_childtype_by_ajax?callback=jQuery1102005290644965134561_1433216400676&_=1433216400677
2015-06-02 11:41:10 - liuchenxi - /article/addarticle?gameid=
2015-06-02 11:41:12 - liuchenxi - /game/gamelist?gameid=
2015-06-02 11:41:37 - liuchenxi - /article/articlelist?gameid=10002
2015-06-02 11:41:41 - liuchenxi - /type/get_childtype_by_ajax?callback=jQuery110208627355429343879_1433216492538&_=1433216492539
2015-06-02 11:41:54 - liuchenxi - /card/qzgs_add
2015-06-02 11:41:55 - liuchenxi - /type/get_childtype_by_ajax?callback=jQuery1102045569435600191355_1433216506005&_=1433216506006
2015-06-02 11:42:08 - liuchenxi - /card/qzgs_add
2015-06-02 11:43:11 - liuchenxi - /card/qzgs_add
2015-06-02 11:43:41 - liuchenxi - /card/qzgs_add
2015-06-02 11:43:41 - liuchenxi - /type/get_childtype_by_ajax?callback=jQuery110204943005640525371_1433216612803&_=1433216612804
2015-06-02 11:43:49 - liuchenxi - /card/qzgs_add
2015-06-02 11:44:38 - liuchenxi - /card/qzgs_add
2015-06-02 11:44:38 - liuchenxi - /type/get_childtype_by_ajax?callback=jQuery110207671687232796103_1433216669588&_=1433216669589
2015-06-02 11:45:03 - liuchenxi - /card/qzgs_add
2015-06-02 11:45:05 - liuchenxi - /card/qzgs_add
2015-06-02 11:45:05 - liuchenxi - /type/get_childtype_by_ajax?callback=jQuery110208598388484679163_1433216696385&_=1433216696386
2015-06-02 11:45:10 - liuchenxi - /card/qzgs_add
2015-06-02 11:45:12 - liuchenxi - /card/qzgs_add
2015-06-02 11:45:12 - liuchenxi - /type/get_childtype_by_ajax?callback=jQuery110208901430096011609_1433216703619&_=1433216703620
2015-06-02 11:45:23 - liuchenxi - /card/qzgs_add
2015-06-02 11:45:45 - liuchenxi - /card/qzgs_add
2015-06-02 11:45:45 - liuchenxi - /type/get_childtype_by_ajax?callback=jQuery110207955487575381994_1433216736291&_=1433216736292
2015-06-02 12:06:22 - liuchenxi - /card/qzgs_list
2015-06-02 12:06:36 - liuchenxi - /card/qzgs_list
2015-06-02 12:06:40 - liuchenxi - /card/qzgs_edit?id=1
2015-06-02 12:08:15 - liuchenxi - /card/qzgs_edit?id=1
2015-06-02 12:14:30 - liuchenxi - /card/qzgs_edit?id=1
2015-06-02 12:14:31 - liuchenxi - /type/get_childtype_by_ajax?callback=jQuery110206660495041869581_1433218461850&_=1433218461851
2015-06-02 12:16:40 - liuchenxi - /card/qzgs_edit?id=1
2015-06-02 12:16:41 - liuchenxi - /type/get_childtype_by_ajax?callback=jQuery110201197583619505167_1433218592464&_=1433218592465
2015-06-02 12:16:41 - liuchenxi - /card/7
2015-06-02 12:16:41 - liuchenxi - /card/6
2015-06-02 12:16:54 - liuchenxi - /card/qzgs_list
2015-06-02 12:16:57 - liuchenxi - /card/qzgs_del?id=1
2015-06-02 12:16:59 - liuchenxi - /card/qzgs_list
2015-06-02 12:17:03 - liuchenxi - /card/qzgs_list
2015-06-02 12:17:15 - liuchenxi - /card/qzgs_list
2015-06-02 12:17:37 - liuchenxi - /card/qzgs_list
2015-06-02 12:20:03 - liuchenxi - /card/qzgs_list
2015-06-02 12:20:11 - liuchenxi - /card/qzgs_edit?id=1
2015-06-02 12:20:11 - liuchenxi - /type/get_childtype_by_ajax?callback=jQuery110208356876133475453_1433218802053&_=1433218802054
2015-06-02 12:20:11 - liuchenxi - /card/7
2015-06-02 12:20:11 - liuchenxi - /card/6
2015-06-02 12:20:39 - liuchenxi - /card/qzgs_edit?id=1
2015-06-02 12:20:40 - liuchenxi - /type/get_childtype_by_ajax?callback=jQuery110209211446058470756_1433218830685&_=1433218830686
2015-06-02 12:20:40 - liuchenxi - /card/6
2015-06-02 12:20:40 - liuchenxi - /card/7
2015-06-02 12:20:52 - liuchenxi - /card/qzgs_edit?id=1
2015-06-02 12:20:54 - liuchenxi - /card/qzgs_edit?id=1
2015-06-02 12:20:55 - liuchenxi - /type/get_childtype_by_ajax?callback=jQuery110208027662769891322_1433218845952&_=1433218845953
2015-06-02 12:20:55 - liuchenxi - /card/7
2015-06-02 12:20:55 - liuchenxi - /card/6
2015-06-02 12:21:03 - liuchenxi - /card/qzgs_edit?id=1
2015-06-02 12:21:03 - liuchenxi - /type/get_childtype_by_ajax?callback=jQuery110208862795457243919_1433218854104&_=1433218854105
2015-06-02 12:21:03 - liuchenxi - /card/7
2015-06-02 12:21:03 - liuchenxi - /card/6
2015-06-02 12:24:22 - liuchenxi - /card/qzgs_list
2015-06-02 12:24:24 - liuchenxi - /card/qzgs_edit?id=1
2015-06-02 12:24:24 - liuchenxi - /type/get_childtype_by_ajax?callback=jQuery1102013262305548414588_1433219055265&_=1433219055266
2015-06-02 12:24:24 - liuchenxi - /card/6
2015-06-02 12:24:24 - liuchenxi - /card/7
2015-06-02 12:24:29 - liuchenxi - /card/6
2015-06-02 12:24:32 - liuchenxi - /card/qzgs_list
2015-06-02 12:24:33 - liuchenxi - /card/qzgs_add
2015-06-02 12:24:33 - liuchenxi - /type/get_childtype_by_ajax?callback=jQuery110206238057487644255_1433219064373&_=1433219064374
2015-06-02 12:25:11 - liuchenxi - /card/qzgs_add
2015-06-02 12:25:11 - liuchenxi - /type/get_childtype_by_ajax?callback=jQuery11020955404881387949_1433219102453&_=1433219102454
2015-06-02 12:25:16 - liuchenxi - /card/qzgs_list
2015-06-02 12:25:32 - liuchenxi - /card/qzgs_edit?id=1
2015-06-02 12:25:33 - liuchenxi - /type/get_childtype_by_ajax?callback=jQuery110204077528214547783_1433219123793&_=1433219123794
2015-06-02 12:25:33 - liuchenxi - /card/7
2015-06-02 12:25:33 - liuchenxi - /card/6
2015-06-02 12:25:46 - liuchenxi - /card/qzgs_edit?id=2
2015-06-02 12:25:46 - liuchenxi - /type/get_childtype_by_ajax?callback=jQuery11020061125950422137976_1433219137187&_=1433219137188
2015-06-02 12:25:55 - liuchenxi - /card/qzgs_edit?id=2
2015-06-02 12:25:55 - liuchenxi - /type/get_childtype_by_ajax?callback=jQuery110203970119107980281_1433219146371&_=1433219146372
2015-06-02 13:13:25 - liuchenxi - /card/qzgs_edit?id=2
2015-06-02 13:13:25 - liuchenxi - /type/get_childtype_by_ajax?callback=jQuery110207846588829997927_1433221996365&_=1433221996366
2015-06-02 13:13:36 - liuchenxi - /card/qzgs_edit?id=2
2015-06-02 13:14:07 - liuchenxi - /card/qzgs_edit?id=2
2015-06-02 13:14:07 - liuchenxi - /type/get_childtype_by_ajax?callback=jQuery110208290846676100045_1433222038344&_=1433222038345
2015-06-02 13:14:11 - liuchenxi - /card/qzgs_edit?id=2
2015-06-02 13:14:11 - liuchenxi - /type/get_childtype_by_ajax?callback=jQuery1102035068568610586226_1433222042185&_=1433222042186
2015-06-02 13:15:13 - liuchenxi - /card/qzgs_list
2015-06-02 13:15:15 - liuchenxi - /card/qzgs_list
2015-06-02 13:15:17 - liuchenxi - /card/qzgs_edit?id=2
2015-06-02 13:15:18 - liuchenxi - /type/get_childtype_by_ajax?callback=jQuery11020772527010878548_1433222108856&_=1433222108857
2015-06-02 13:15:21 - liuchenxi - /card/qzgs_edit?id=2
2015-06-02 13:15:22 - liuchenxi - /type/get_childtype_by_ajax?callback=jQuery110204224366748239845_1433222112782&_=1433222112783
2015-06-02 13:15:30 - liuchenxi - /card/qzgs_edit?id=2
2015-06-02 13:15:31 - liuchenxi - /type/get_childtype_by_ajax?callback=jQuery110209282811642624438_1433222121743&_=1433222121744
2015-06-02 13:16:52 - liuchenxi - /card/qzgs_edit?id=1
2015-06-02 13:16:52 - liuchenxi - /type/get_childtype_by_ajax?callback=jQuery1102026699263928458095_1433222203321&_=1433222203322
2015-06-02 13:16:52 - liuchenxi - /card/7
2015-06-02 13:16:52 - liuchenxi - /card/6
2015-06-02 13:17:15 - liuchenxi - /card/qzgs_edit?id=1
2015-06-02 13:17:15 - liuchenxi - /type/get_childtype_by_ajax?callback=jQuery1102008456531749106944_1433222226080&_=1433222226081
2015-06-02 13:17:33 - liuchenxi - /card/qzgs_edit?id=1
2015-06-02 13:17:35 - liuchenxi - /card/qzgs_list
2015-06-02 13:17:37 - liuchenxi - /card/qzgs_edit?id=1
2015-06-02 13:17:38 - liuchenxi - /type/get_childtype_by_ajax?callback=jQuery110209703684225678444_1433222248835&_=1433222248836
2015-06-02 13:17:44 - liuchenxi - /card/qzgs_edit?id=1
2015-06-02 13:17:46 - liuchenxi - /card/qzgs_list
2015-06-02 13:17:50 - liuchenxi - /card/qzgs_edit?id=1
2015-06-02 13:17:51 - liuchenxi - /type/get_childtype_by_ajax?callback=jQuery110204122024825774133_1433222261948&_=1433222261949
2015-06-02 13:17:54 - liuchenxi - /game/gamelist
2015-06-02 13:17:57 - liuchenxi - /article/articlelist?gameid=10002
2015-06-02 13:18:09 - liuchenxi - /card/qzgs_list
2015-06-02 13:19:20 - liuchenxi - /rights/lists
2015-06-02 13:19:29 - liuchenxi - /rights/add
2015-06-02 13:19:59 - liuchenxi - /rights/lists
2015-06-02 13:20:05 - liuchenxi - /menu/get_childmenu_by_ajax?parentid=6&callback=jQuery110201731890751980245_1433222360191&_=1433222360192
2015-06-02 13:21:05 - liuchenxi - /rights/add
2015-06-02 13:21:07 - liuchenxi - /rights/lists
2015-06-02 13:21:57 - liuchenxi - /game/gamelist
2015-06-02 13:22:02 - liuchenxi - /article/articlelist?gameid=10002
2015-06-02 13:23:16 - liuchenxi - /game/gamelist
2015-06-02 13:23:41 - liuchenxi - /game/gamelist
2015-06-02 13:24:07 - liuchenxi - /game/gamelist
2015-06-02 13:24:09 - liuchenxi - /article/articlelist?gameid=10001
2015-06-02 13:24:22 - liuchenxi - /article/articlelist?gameid=10001
2015-06-02 13:24:26 - liuchenxi - /article/articlelist?gameid=10001
2015-06-02 13:24:47 - liuchenxi - /article/articlelist?gameid=10001
2015-06-02 13:24:57 - liuchenxi - /type/get_childtype_by_ajax?callback=jQuery110205961400265602661_1433222687535&_=1433222687536
2015-06-02 13:25:00 - liuchenxi - /article/articlelist?gameid=10001
2015-06-02 13:25:09 - liuchenxi - /game/gamelist
2015-06-02 13:25:10 - liuchenxi - /article/articlelist?gameid=10002
2015-06-02 13:25:11 - liuchenxi - /card/qzgs_list
2015-06-02 13:25:17 - liuchenxi - /card/qzgs_add
2015-06-02 13:25:18 - liuchenxi - /type/get_childtype_by_ajax?callback=jQuery11020306905368110165_1433222708952&_=1433222708953
2015-06-02 13:25:51 - liuchenxi - /card/qzgs_add
2015-06-02 13:25:51 - liuchenxi - /type/get_childtype_by_ajax?callback=jQuery110208302138336002827_1433222742387&_=1433222742388
2015-06-02 13:25:53 - liuchenxi - /card/qzgs_list
2015-06-02 13:25:56 - liuchenxi - /user/lists
2015-06-02 13:26:30 - liuchenxi - /game/gamelist
2015-06-02 13:26:32 - liuchenxi - /article/articlelist?gameid=10001
2015-06-02 13:28:05 - liuchenxi - /user/lists
2015-06-02 13:28:22 - liuchenxi - /user/lists
2015-06-02 13:29:34 - liuchenxi - /user/lists
2015-06-02 13:29:59 - liuchenxi - /user/lists
2015-06-02 13:32:04 - liuchenxi - /user/lists
2015-06-02 13:32:33 - liuchenxi - /article/articlelist?gameid=10001
2015-06-02 13:32:37 - liuchenxi - /user/lists
2015-06-02 13:34:41 - liuchenxi - /user/lists
2015-06-02 13:34:46 - liuchenxi - /user/lists?keyword=liu&submit=%E6%90%9C%E7%B4%A2
2015-06-02 13:34:50 - liuchenxi - /user/lists?keyword=liu&submit=%E6%90%9C%E7%B4%A2
2015-06-02 13:35:01 - liuchenxi - /user/lists
2015-06-02 13:35:14 - liuchenxi - /user/lists
2015-06-02 13:35:19 - liuchenxi - /user/lists?keyword=liu&submit=%E6%90%9C%E7%B4%A2
2015-06-02 13:35:25 - liuchenxi - /user/lists?keyword=liuchen&submit=%E6%90%9C%E7%B4%A2
2015-06-02 13:35:30 - liuchenxi - /user/lists?keyword=liuchenxi&submit=%E6%90%9C%E7%B4%A2
2015-06-02 13:35:34 - liuchenxi - /user/lists?keyword=xi&submit=%E6%90%9C%E7%B4%A2
2015-06-02 13:35:41 - liuchenxi - /user/lists?keyword=chen&submit=%E6%90%9C%E7%B4%A2
2015-06-02 13:36:15 - liuchenxi - /user/lists?keyword=chen&submit=%E6%90%9C%E7%B4%A2
2015-06-02 13:36:16 - liuchenxi - /user/lists?keyword=chen&submit=%E6%90%9C%E7%B4%A2
2015-06-02 13:36:22 - liuchenxi - /user/lists?keyword=&submit=%E6%90%9C%E7%B4%A2
2015-06-02 13:36:26 - liuchenxi - /user/lists?keyword=li&submit=%E6%90%9C%E7%B4%A2
2015-06-02 13:36:36 - liuchenxi - /user/lists?keyword=&submit=%E6%90%9C%E7%B4%A2
2015-06-02 13:37:16 - liuchenxi - /user/lists?keyword=&submit=%E6%90%9C%E7%B4%A2
2015-06-02 13:37:22 - liuchenxi - /game/gamelist
2015-06-02 13:37:25 - liuchenxi - /user/lists
2015-06-02 13:37:44 - liuchenxi - /game/gamelist
2015-06-02 13:37:45 - liuchenxi - /article/articlelist?gameid=10002
2015-06-02 13:38:08 - liuchenxi - /user/lists
2015-06-02 13:38:14 - liuchenxi - /game/gamelist
2015-06-02 13:39:05 - liuchenxi - /user/lists
2015-06-02 13:39:08 - liuchenxi - /rights/distribute?userid=1
2015-06-02 13:39:32 - liuchenxi - /rights/distribute?userid=1
2015-06-02 13:39:35 - liuchenxi - /user/lists
2015-06-02 13:39:43 - liuchenxi - /rights/distribute?userid=1
2015-06-02 13:40:03 - liuchenxi - /rights/distribute?userid=1
2015-06-02 13:40:05 - liuchenxi - /user/lists
2015-06-02 13:40:09 - liuchenxi - /rights/distribute?userid=1
2015-06-02 13:40:13 - liuchenxi - /rights/distribute?userid=1
2015-06-02 13:40:15 - liuchenxi - /user/lists
2015-06-02 13:40:23 - liuchenxi - /menu/lists
2015-06-02 13:40:24 - liuchenxi - /rights/lists
2015-06-02 13:40:26 - liuchenxi - /user/lists
2015-06-02 13:40:27 - liuchenxi - /game/gamelist
2015-06-02 13:40:29 - liuchenxi - /type/typelist
2015-06-02 13:41:54 - liuchenxi - /game/gamelist
2015-06-02 13:46:23 - jiangbing - /home
2015-06-02 13:46:25 - jiangbing - /game/gamelist
2015-06-02 13:46:28 - jiangbing - /article/articlelist?gameid=10008
2015-06-02 15:03:16 - liuchenxi - /article/articlelist?gameid=10002
2015-06-02 15:03:18 - liuchenxi - /card/qzgs_list
2015-06-02 15:03:19 - liuchenxi - /card/qzgs_add
2015-06-02 15:03:20 - liuchenxi - /type/get_childtype_by_ajax?callback=jQuery110201797246877104044_1433228590716&_=1433228590717
2015-06-02 15:26:12 - jiangbing - /makeshtml/makealllist?gameid=10008
2015-06-02 15:26:14 - jiangbing - /article/articlelist?gameid=10008
2015-06-02 15:31:26 - jiangbing - /makeshtml/makeallacticle?gameid=10008
2015-06-02 15:31:29 - jiangbing - /article/articlelist?gameid=10008
