2015-05-29 14:46:24 - jiangbing - /home
2015-05-29 14:46:29 - jiangbing - /game/gamelist
2015-05-29 14:46:39 - jiangbing - /article/articlelist?gameid=10008
2015-05-29 14:46:41 - jiangbing - /article/addarticle?gameid=10008
2015-05-29 14:46:41 - jiangbing - /type/get_childtype_by_ajax?callback=jQuery1102038770655467667925_1432881992889&typeid=&_=1432881992890
2015-05-29 14:47:04 - jiangbing - /article/articlelist?gameid=10008
2015-05-29 14:47:06 - jiangbing - /type/settype?gameid=10008
2015-05-29 14:48:13 - jiangbing - /type/settype?gameid=10008
2015-05-29 14:48:16 - jiangbing - /article/articlelist?gameid=10008
2015-05-29 14:48:20 - jiangbing - /article/addarticle?gameid=10008
2015-05-29 14:48:21 - jiangbing - /type/get_childtype_by_ajax?callback=jQuery1102024081638865834243_1432882092422&typeid=&_=1432882092423
2015-05-29 14:49:17 - liuchenxi - /home
2015-05-29 14:49:17 - songkun - /home
2015-05-29 14:49:19 - liuchenxi - /user/lists
2015-05-29 14:49:23 - liuchenxi - /user/edit?userid=14
2015-05-29 14:49:26 - liuchenxi - /user/edit?userid=14
2015-05-29 14:49:28 - liuchenxi - /user/lists
2015-05-29 14:54:56 - songkun - /home
2015-05-29 14:55:45 - panyiliang - /home
2015-05-29 14:56:09 - panyiliang - /
2015-05-29 14:56:11 - panyiliang - /
2015-05-29 14:56:19 - panyiliang - /
2015-05-29 14:56:29 - jiangbing - /rights/lists
2015-05-29 14:56:30 - liuchenxi - /user/lists
2015-05-29 14:56:31 - jiangbing - /user/lists
2015-05-29 14:56:32 - liuchenxi - /rights/distribute?userid=15
2015-05-29 14:56:45 - liuchenxi - /rights/distribute?userid=15
2015-05-29 14:56:47 - liuchenxi - /user/lists
2015-05-29 14:56:49 - liuchenxi - /menu/distribute?userid=15
2015-05-29 14:56:53 - liuchenxi - /menu/distribute?userid=15
2015-05-29 14:56:56 - liuchenxi - /user/lists
2015-05-29 14:57:46 - panyiliang - /
2015-05-29 14:57:55 - panyiliang - /game/gamelist
2015-05-29 14:58:04 - panyiliang - /article/articlelist?gameid=10008
2015-05-29 14:58:54 - panyiliang - /type/get_childtype_by_ajax?callback=jQuery11020043379089874370946_1432882682441&typeid=1&_=1432882682442
2015-05-29 14:58:56 - panyiliang - /type/get_childtype_by_ajax?callback=jQuery11020043379089874370946_1432882682441&typeid=2&_=1432882682443
2015-05-29 14:58:57 - panyiliang - /type/get_childtype_by_ajax?callback=jQuery11020043379089874370946_1432882682441&typeid=&_=1432882682444
2015-05-29 15:03:18 - jiangbing - /game/gamelist
2015-05-29 15:03:19 - jiangbing - /article/articlelist?gameid=10008
2015-05-29 15:03:29 - jiangbing - /game/gamelist
2015-05-29 15:03:34 - jiangbing - /article/articlelist?gameid=10008
2015-05-29 15:07:36 - songkun - /game/gamelist
2015-05-29 15:07:42 - songkun - /article/articlelist?gameid=10008
2015-05-29 15:07:46 - songkun - /game/setseo?gameid=10008
2015-05-29 15:07:55 - songkun - /type/settype?gameid=10008
2015-05-29 15:08:00 - songkun - /article/articlelist?gameid=10008
2015-05-29 15:08:10 - songkun - /article/addarticle?gameid=10008
2015-05-29 15:08:10 - songkun - /type/get_childtype_by_ajax?callback=jQuery11020535750650728386_1432882966855&typeid=&_=1432882966856
2015-05-29 15:10:34 - jiangbing - /article/articlelist?gameid=10008
2015-05-29 15:10:35 - jiangbing - /article/articlelist?gameid=10008
2015-05-29 15:10:36 - jiangbing - /article/articlelist?gameid=10008
2015-05-29 15:22:47 - jiangbing - /article/articlelist?gameid=10008
2015-05-29 15:22:48 - jiangbing - /article/articlelist?gameid=10008
2015-05-29 15:54:59 - jiangbing - /article/articlelist?gameid=10008
2015-05-29 15:55:06 - jiangbing - /game/gamelist
2015-05-29 15:55:07 - jiangbing - /article/articlelist?gameid=10008
2015-05-29 15:55:09 - jiangbing - /article/articlelist?gameid=10008
2015-05-29 15:55:12 - jiangbing - /type/get_childtype_by_ajax?callback=jQuery110205024523014147556_1432886100766&typeid=1&_=1432886100767
2015-05-29 15:55:14 - jiangbing - /article/articlelist?gameid=10008&type=1&ctype=&submit=%E6%90%9C%E7%B4%A2
2015-05-29 15:55:16 - jiangbing - /type/get_childtype_by_ajax?callback=jQuery110201659355898251451_1432886106207&typeid=2&_=1432886106208
2015-05-29 15:55:17 - jiangbing - /article/articlelist?gameid=10008&type=2&ctype=&submit=%E6%90%9C%E7%B4%A2
2015-05-29 15:55:18 - jiangbing - /type/get_childtype_by_ajax?callback=jQuery110207361421749325421_1432886108791&typeid=3&_=1432886108792
2015-05-29 15:55:19 - jiangbing - /article/articlelist?gameid=10008&type=3&ctype=&submit=%E6%90%9C%E7%B4%A2
2015-05-29 15:55:21 - jiangbing - /type/get_childtype_by_ajax?callback=jQuery110207846403112699939_1432886111091&typeid=4&_=1432886111092
2015-05-29 15:55:22 - jiangbing - /article/articlelist?gameid=10008&type=4&ctype=&submit=%E6%90%9C%E7%B4%A2
2015-05-29 15:55:24 - jiangbing - /type/get_childtype_by_ajax?callback=jQuery1102004381576458711989_1432886114275&typeid=11&_=1432886114276
2015-05-29 15:55:24 - jiangbing - /article/articlelist?gameid=10008&type=11&ctype=&submit=%E6%90%9C%E7%B4%A2
2015-05-29 17:02:50 - jiangbing - /article/articlelist?gameid=10008&type=11&ctype=&submit=%E6%90%9C%E7%B4%A2
2015-05-29 18:04:13 - liuchenxi - /home
2015-05-29 18:04:15 - liuchenxi - /game/gamelist
2015-05-29 18:04:20 - liuchenxi - /game/editgame?id=10001
2015-05-29 18:04:54 - liuchenxi - /game/editgame?id=10001
2015-05-29 18:04:57 - liuchenxi - /game/gamelist
2015-05-29 18:04:59 - liuchenxi - /article/articlelist?gameid=10001
2015-05-29 18:05:01 - liuchenxi - /makeshtml/makealllist?gameid=10001
2015-05-29 18:05:04 - liuchenxi - /article/articlelist?gameid=10001
2015-05-29 18:06:14 - liuchenxi - /makeshtml/makealllist?gameid=10001
2015-05-29 18:06:18 - liuchenxi - /article/articlelist?gameid=10001
2015-05-29 18:07:03 - liuchenxi - /makeshtml/makealllist?gameid=10001
2015-05-29 18:07:07 - liuchenxi - /article/articlelist?gameid=10001
2015-05-29 18:08:17 - liuchenxi - /makeshtml/makealllist?gameid=10001
2015-05-29 18:08:20 - liuchenxi - /article/articlelist?gameid=10001
2015-05-29 18:54:16 - liuchenxi - /game/setseo?gameid=10001
2015-05-29 18:57:11 - liuchenxi - /game/gamelist
2015-05-29 18:57:14 - liuchenxi - /article/articlelist?gameid=10001
2015-05-29 18:57:17 - liuchenxi - /makeshtml/makealllist?gameid=10001
2015-05-29 18:57:20 - liuchenxi - /article/articlelist?gameid=10001
2015-05-29 18:58:53 - liuchenxi - /makeshtml/makealllist?gameid=10001
2015-05-29 18:58:56 - liuchenxi - /article/articlelist?gameid=10001
2015-05-29 18:59:42 - liuchenxi - /makeshtml/makeallacticle?gameid=10001
2015-05-29 18:59:50 - liuchenxi - /article/articlelist?gameid=10001
2015-05-29 18:59:52 - liuchenxi - /makeshtml/makealllist?gameid=10001
2015-05-29 18:59:55 - liuchenxi - /article/articlelist?gameid=10001
2015-05-29 19:06:49 - liuchenxi - /game/gamelist
2015-05-29 19:06:51 - liuchenxi - /game/editgame?id=10001
2015-05-29 19:08:12 - liuchenxi - /type/typelist
2015-05-29 19:19:26 - liuchenxi - /home
2015-05-29 19:19:29 - liuchenxi - /game/gamelist
2015-05-29 19:19:34 - liuchenxi - /article/articlelist?gameid=10001
2015-05-29 19:19:48 - liuchenxi - /game/setseo?gameid=10001
2015-05-29 19:19:56 - liuchenxi - /game/setseo?gameid=10001
2015-05-29 19:19:58 - liuchenxi - /article/articlelist?gameid=10001
2015-05-29 19:20:01 - liuchenxi - /makeshtml/makealllist?gameid=10001
2015-05-29 19:20:04 - liuchenxi - /article/articlelist?gameid=10001
2015-05-29 19:20:06 - liuchenxi - /makeshtml/makeallacticle?gameid=10001
2015-05-29 19:20:14 - liuchenxi - /article/articlelist?gameid=10001
2015-05-29 19:21:30 - liuchenxi - /game/setseo?gameid=10001
2015-05-29 19:21:32 - liuchenxi - /game/setseo?gameid=10001
2015-05-29 19:21:34 - liuchenxi - /article/articlelist?gameid=10001
2015-05-29 19:21:36 - liuchenxi - /makeshtml/makealllist?gameid=10001
2015-05-29 19:21:40 - liuchenxi - /article/articlelist?gameid=10001
2015-05-29 19:21:42 - liuchenxi - /makeshtml/makeallacticle?gameid=10001
2015-05-29 19:21:49 - liuchenxi - /article/articlelist?gameid=10001
